WARNING: Wrong or no input file specified, default in use.
[  0.  10.  20.  30.  40.  50.  60.  70.  80.  90. 100. 110. 120. 130.
 140. 150. 160. 170. 180. 190. 200. 210. 220. 230. 240. 250. 260. 270.
 280. 290. 300. 310. 320. 330. 340. 350.] [45.]
Initialization DONE
Starting computing...
*******************************************************************************************************************************
STARTING calculation for obs:
Observation at point (20.363109, 69.34802700000002), azimuth 0.0, elevation 45.0. Observed point at altitude 0.0, position (20.363109, 69.348027)
828352 bins to compute
	 740.595972776413 seconds left...
	 174.60273265838623 seconds left...
Total scattered intensity from all direction: 28.880791394122138
Total scattered polarized intensity from all direction: 15.241531402373004
Computing DONE
Start plotting...
V, Vcos, Vsin 0.49992624134178454 -0.012005980996495172 0.06444932402429654
Azimut, Elevation: 0.0 45.0
DoLP, AoLP: 26.227092083570078 50.276211809339564
*******************************************************************************************************************************
STARTING calculation for obs:
Observation at point (20.363109, 69.34802700000002), azimuth 10.0, elevation 45.0. Observed point at altitude 0.0, position (20.363109, 69.348027)
828352 bins to compute
	 143.78291273117065 seconds left...
	 78.6172285079956 seconds left...
Total scattered intensity from all direction: 27.947621510251263
Total scattered polarized intensity from all direction: 14.680266906068791
Computing DONE
Start plotting...
V, Vcos, Vsin 0.5000268932640557 0.006262342895720013 0.0698685209612293
Azimut, Elevation: 10.0 45.0
DoLP, AoLP: 28.057933934318797 42.43912148956462
*******************************************************************************************************************************
STARTING calculation for obs:
Observation at point (20.363109, 69.34802700000002), azimuth 20.0, elevation 45.0. Observed point at altitude 0.0, position (20.363109, 69.348027)
828352 bins to compute
	 117.67166376113892 seconds left...
	 65.7999939918518 seconds left...
Total scattered intensity from all direction: 27.017360740817367
Total scattered polarized intensity from all direction: 14.139207263264279
Computing DONE
Start plotting...
V, Vcos, Vsin 0.5001232886421536 0.023758104020481563 0.07232755444869929
Azimut, Elevation: 20.0 45.0
DoLP, AoLP: 30.44435056657499 35.90785948864064
*******************************************************************************************************************************
STARTING calculation for obs:
Observation at point (20.363109, 69.34802700000002), azimuth 29.999999999999996, elevation 45.0. Observed point at altitude 0.0, position (20.363109, 69.348027)
828352 bins to compute
	 101.28340744972229 seconds left...
	 55.73959755897522 seconds left...
Total scattered intensity from all direction: 26.1171503160015
Total scattered polarized intensity from all direction: 13.624769134018107
Computing DONE
Start plotting...
V, Vcos, Vsin 0.5002201807784661 0.04134402676119778 0.07173079650528141
Azimut, Elevation: 29.999999999999996 45.0
DoLP, AoLP: 33.10251389940834 30.020906764749256
*******************************************************************************************************************************
STARTING calculation for obs:
Observation at point (20.363109, 69.34802700000002), azimuth 40.0, elevation 45.0. Observed point at altitude 0.0, position (20.363109, 69.348027)
828352 bins to compute
	 96.60244846343994 seconds left...
	 54.274872064590454 seconds left...
Total scattered intensity from all direction: 25.273852560917465
Total scattered polarized intensity from all direction: 13.132588837796868
Computing DONE
Start plotting...
V, Vcos, Vsin 0.5003175629751251 0.05901889545481701 0.06702405834788693
Azimut, Elevation: 40.0 45.0
DoLP, AoLP: 35.69948621560643 24.317026741236972
*******************************************************************************************************************************
STARTING calculation for obs:
Observation at point (20.363109, 69.34802700000002), azimuth 50.0, elevation 45.0. Observed point at altitude 0.0, position (20.363109, 69.348027)
828352 bins to compute
	 99.65593314170837 seconds left...
	 56.88294529914856 seconds left...
Total scattered intensity from all direction: 24.518092135688427
Total scattered polarized intensity from all direction: 12.654852355917471
Computing DONE
Start plotting...
V, Vcos, Vsin 0.5004068444752853 0.07522348773388364 0.05721752934129523
Azimut, Elevation: 50.0 45.0
DoLP, AoLP: 37.77385354515746 18.628923238917594
*******************************************************************************************************************************
STARTING calculation for obs:
Observation at point (20.363109, 69.34802700000002), azimuth 59.99999999999999, elevation 45.0. Observed point at altitude 0.0, position (20.363109, 69.348027)
828352 bins to compute
	 95.03615212440491 seconds left...
	 55.00442886352539 seconds left...
Total scattered intensity from all direction: 23.87746670122246
Total scattered polarized intensity from all direction: 12.186309095664846
Computing DONE
Start plotting...
V, Vcos, Vsin 0.5004775461817866 0.08805584746389157 0.043044407801229284
Azimut, Elevation: 59.99999999999999 45.0
DoLP, AoLP: 39.16800549278975 13.025403847104082
*******************************************************************************************************************************
STARTING calculation for obs:
Observation at point (20.363109, 69.34802700000002), azimuth 70.0, elevation 45.0. Observed point at altitude 0.0, position (20.363109, 69.348027)
828352 bins to compute
	 100.59143614768982 seconds left...
	 57.137829303741455 seconds left...
Total scattered intensity from all direction: 23.369841152951082
Total scattered polarized intensity from all direction: 11.727266696949599
Computing DONE
Start plotting...
V, Vcos, Vsin 0.50052096611107 0.09593656462880427 0.0256849282095133
Azimut, Elevation: 70.0 45.0
DoLP, AoLP: 39.68479360026268 7.494094040464945
*******************************************************************************************************************************
STARTING calculation for obs:
Observation at point (20.363109, 69.34802700000002), azimuth 80.0, elevation 45.0. Observed point at altitude 0.0, position (20.363109, 69.348027)
828352 bins to compute
	 96.37000823020935 seconds left...
	 56.22564673423767 seconds left...
Total scattered intensity from all direction: 23.001282187006918
Total scattered polarized intensity from all direction: 11.28336754268029
Computing DONE
Start plotting...
V, Vcos, Vsin 0.5005346519167908 0.09842053836714683 0.006876216212164946
Azimut, Elevation: 80.0 45.0
DoLP, AoLP: 39.42202654013687 1.9982567419522765
*******************************************************************************************************************************
STARTING calculation for obs:
Observation at point (20.363109, 69.34802700000002), azimuth 90.0, elevation 45.0. Observed point at altitude 0.0, position (20.363109, 69.348027)
828352 bins to compute
	 100.62804079055786 seconds left...
	 56.84748888015747 seconds left...
Total scattered intensity from all direction: 22.767334627047596
Total scattered polarized intensity from all direction: 10.863285638333785
Computing DONE
Start plotting...
V, Vcos, Vsin 0.5005153637112237 0.09491972905672169 -0.011621989091801031
Azimut, Elevation: 90.0 45.0
DoLP, AoLP: 38.21204638535952 -3.4902804505062783
*******************************************************************************************************************************
STARTING calculation for obs:
Observation at point (20.363109, 69.34802700000002), azimuth 100.0, elevation 45.0. Observed point at altitude 0.0, position (20.363109, 69.348027)
828352 bins to compute
	 93.54127550125122 seconds left...
	 54.11661386489868 seconds left...
Total scattered intensity from all direction: 22.655469134311065
Total scattered polarized intensity from all direction: 10.476232618636079
Computing DONE
Start plotting...
V, Vcos, Vsin 0.5004670050124039/home/bossel/.local/lib/python3.6/site-packages/matplotlib/backends/backend_gtk3.py:181: Warning: Source ID 8 was not found when attempting to remove it
  GLib.source_remove(self._idle_draw_id)
/home/bossel/.local/lib/python3.6/site-packages/matplotlib/backends/backend_gtk3.py:181: Warning: Source ID 9 was not found when attempting to remove it
  GLib.source_remove(self._idle_draw_id)
/home/bossel/.local/lib/python3.6/site-packages/matplotlib/backends/backend_gtk3.py:181: Warning: Source ID 10 was not found when attempting to remove it
  GLib.source_remove(self._idle_draw_id)
/home/bossel/.local/lib/python3.6/site-packages/matplotlib/backends/backend_gtk3.py:181: Warning: Source ID 11 was not found when attempting to remove it
  GLib.source_remove(self._idle_draw_id)
/home/bossel/.local/lib/python3.6/site-packages/matplotlib/backends/backend_gtk3.py:181: Warning: Source ID 12 was not found when attempting to remove it
  GLib.source_remove(self._idle_draw_id)
/home/bossel/.local/lib/python3.6/site-packages/matplotlib/backends/backend_gtk3.py:181: Warning: Source ID 13 was not found when attempting to remove it
  GLib.source_remove(self._idle_draw_id)
/home/bossel/.local/lib/python3.6/site-packages/matplotlib/backends/backend_gtk3.py:181: Warning: Source ID 14 was not found when attempting to remove it
  GLib.source_remove(self._idle_draw_id)
/home/bossel/.local/lib/python3.6/site-packages/matplotlib/backends/backend_gtk3.py:181: Warning: Source ID 15 was not found when attempting to remove it
  GLib.source_remove(self._idle_draw_id)
/home/bossel/.local/lib/python3.6/site-packages/matplotlib/backends/backend_gtk3.py:181: Warning: Source ID 16 was not found when attempting to remove it
  GLib.source_remove(self._idle_draw_id)
/home/bossel/.local/lib/python3.6/site-packages/matplotlib/backends/backend_gtk3.py:181: Warning: Source ID 17 was not found when attempting to remove it
  GLib.source_remove(self._idle_draw_id)
/home/bossel/.local/lib/python3.6/site-packages/matplotlib/backends/backend_gtk3.py:181: Warning: Source ID 18 was not found when attempting to remove it
  GLib.source_remove(self._idle_draw_id)
/home/bossel/.local/lib/python3.6/site-packages/matplotlib/backends/backend_gtk3.py:181: Warning: Source ID 19 was not found when attempting to remove it
  GLib.source_remove(self._idle_draw_id)
/home/bossel/.local/lib/python3.6/site-packages/matplotlib/backends/backend_gtk3.py:181: Warning: Source ID 20 was not found when attempting to remove it
  GLib.source_remove(self._idle_draw_id)
/home/bossel/.local/lib/python3.6/site-packages/matplotlib/backends/backend_gtk3.py:181: Warning: Source ID 21 was not found when attempting to remove it
  GLib.source_remove(self._idle_draw_id)
/home/bossel/.local/lib/python3.6/site-packages/matplotlib/backends/backend_gtk3.py:181: Warning: Source ID 22 was not found when attempting to remove it
  GLib.source_remove(self._idle_draw_id)
/home/bossel/.local/lib/python3.6/site-packages/matplotlib/backends/backend_gtk3.py:181: Warning: Source ID 23 was not found when attempting to remove it
  GLib.source_remove(self._idle_draw_id)
/home/bossel/.local/lib/python3.6/site-packages/matplotlib/backends/backend_gtk3.py:181: Warning: Source ID 24 was not found when attempting to remove it
  GLib.source_remove(self._idle_draw_id)
/home/bossel/.local/lib/python3.6/site-packages/matplotlib/backends/backend_gtk3.py:181: Warning: Source ID 25 was not found when attempting to remove it
  GLib.source_remove(self._idle_draw_id)
/home/bossel/.local/lib/python3.6/site-packages/matplotlib/backends/backend_gtk3.py:181: Warning: Source ID 26 was not found when attempting to remove it
  GLib.source_remove(self._idle_draw_id)
/home/bossel/.local/lib/python3.6/site-packages/matplotlib/backends/backend_gtk3.py:181: Warning: Source ID 27 was not found when attempting to remove it
  GLib.source_remove(self._idle_draw_id)
/home/bossel/.local/lib/python3.6/site-packages/matplotlib/backends/backend_gtk3.py:181: Warning: Source ID 28 was not found when attempting to remove it
  GLib.source_remove(self._idle_draw_id)
/home/bossel/.local/lib/python3.6/site-packages/matplotlib/backends/backend_gtk3.py:181: Warning: Source ID 29 was not found when attempting to remove it
  GLib.source_remove(self._idle_draw_id)
/home/bossel/.local/lib/python3.6/site-packages/matplotlib/backends/backend_gtk3.py:181: Warning: Source ID 30 was not found when attempting to remove it
  GLib.source_remove(self._idle_draw_id)
/home/bossel/.local/lib/python3.6/site-packages/matplotlib/backends/backend_gtk3.py:181: Warning: Source ID 31 was not found when attempting to remove it
  GLib.source_remove(self._idle_draw_id)
/home/bossel/.local/lib/python3.6/site-packages/matplotlib/backends/backend_gtk3.py:181: Warning: Source ID 32 was not found when attempting to remove it
  GLib.source_remove(self._idle_draw_id)
/home/bossel/.local/lib/python3.6/site-packages/matplotlib/backends/backend_gtk3.py:181: Warning: Source ID 33 was not found when attempting to remove it
  GLib.source_remove(self._idle_draw_id)
/home/bossel/.local/lib/python3.6/site-packages/matplotlib/backends/backend_gtk3.py:181: Warning: Source ID 34 was not found when attempting to remove it
  GLib.source_remove(self._idle_draw_id)
/home/bossel/.local/lib/python3.6/site-packages/matplotlib/backends/backend_gtk3.py:181: Warning: Source ID 35 was not found when attempting to remove it
  GLib.source_remove(self._idle_draw_id)
/home/bossel/.local/lib/python3.6/site-packages/matplotlib/backends/backend_gtk3.py:181: Warning: Source ID 36 was not found when attempting to remove it
  GLib.source_remove(self._idle_draw_id)
/home/bossel/.local/lib/python3.6/site-packages/matplotlib/backends/backend_gtk3.py:181: Warning: Source ID 37 was not found when attempting to remove it
  GLib.source_remove(self._idle_draw_id)
/home/bossel/.local/lib/python3.6/site-packages/matplotlib/backends/backend_gtk3.py:181: Warning: Source ID 38 was not found when attempting to remove it
  GLib.source_remove(self._idle_draw_id)
/home/bossel/.local/lib/python3.6/site-packages/matplotlib/backends/backend_gtk3.py:181: Warning: Source ID 39 was not found when attempting to remove it
  GLib.source_remove(self._idle_draw_id)
/home/bossel/.local/lib/python3.6/site-packages/matplotlib/backends/backend_gtk3.py:181: Warning: Source ID 40 was not found when attempting to remove it
  GLib.source_remove(self._idle_draw_id)
/home/bossel/.local/lib/python3.6/site-packages/matplotlib/backends/backend_gtk3.py:181: Warning: Source ID 41 was not found when attempting to remove it
  GLib.source_remove(self._idle_draw_id)
/home/bossel/.local/lib/python3.6/site-packages/matplotlib/backends/backend_gtk3.py:181: Warning: Source ID 42 was not found when attempting to remove it
  GLib.source_remove(self._idle_draw_id)
/home/bossel/.local/lib/python3.6/site-packages/matplotlib/backends/backend_gtk3.py:181: Warning: Source ID 43 was not found when attempting to remove it
  GLib.source_remove(self._idle_draw_id)
/home/bossel/.local/lib/python3.6/site-packages/matplotlib/backends/backend_gtk3.py:181: Warning: Source ID 44 was not found when attempting to remove it
  GLib.source_remove(self._idle_draw_id)
/home/bossel/.local/lib/python3.6/site-packages/matplotlib/backends/backend_gtk3.py:181: Warning: Source ID 45 was not found when attempting to remove it
  GLib.source_remove(self._idle_draw_id)
/home/bossel/.local/lib/python3.6/site-packages/matplotlib/backends/backend_gtk3.py:181: Warning: Source ID 46 was not found when attempting to remove it
  GLib.source_remove(self._idle_draw_id)
/home/bossel/.local/lib/python3.6/site-packages/matplotlib/backends/backend_gtk3.py:181: Warning: Source ID 47 was not found when attempting to remove it
  GLib.source_remove(self._idle_draw_id)
/home/bossel/.local/lib/python3.6/site-packages/matplotlib/backends/backend_gtk3.py:181: Warning: Source ID 48 was not found when attempting to remove it
  GLib.source_remove(self._idle_draw_id)
/home/bossel/.local/lib/python3.6/site-packages/matplotlib/backends/backend_gtk3.py:181: Warning: Source ID 49 was not found when attempting to remove it
  GLib.source_remove(self._idle_draw_id)
/home/bossel/.local/lib/python3.6/site-packages/matplotlib/backends/backend_gtk3.py:181: Warning: Source ID 50 was not found when attempting to remove it
  GLib.source_remove(self._idle_draw_id)
 0.08614262522092976 -0.02787806026172812
Azimut, Elevation: 100.0 45.0
DoLP, AoLP: 36.18274950866985 -8.966484851107841
*******************************************************************************************************************************
STARTING calculation for obs:
Observation at point (20.363109, 69.34802700000002), azimuth 110.0, elevation 45.0. Observed point at altitude 0.0, position (20.363109, 69.348027)
828352 bins to compute
	 96.06204771995544 seconds left...
	 55.415162324905396 seconds left...
Total scattered intensity from all direction: 22.648131547078734
Total scattered polarized intensity from all direction: 10.130890286540838
Computing DONE
Start plotting...
V, Vcos, Vsin 0.5003951832741409 0.07310697972617199 -0.04048421334547488
Azimut, Elevation: 110.0 45.0
DoLP, AoLP: 33.400780536515185 -14.488112647556056
*******************************************************************************************************************************
STARTING calculation for obs:
Observation at point (20.363109, 69.34802700000002), azimuth 119.99999999999999, elevation 45.0. Observed point at altitude 0.0, position (20.363109, 69.348027)
828352 bins to compute
	 93.94201469421387 seconds left...
	 54.17881155014038 seconds left...
Total scattered intensity from all direction: 22.726004493441227
Total scattered polarized intensity from all direction: 9.836029171797422
Computing DONE
Start plotting...
V, Vcos, Vsin 0.5003081354264524 0.057307795370717236 -0.04842146117010862
Azimut, Elevation: 119.99999999999999 45.0
DoLP, AoLP: 29.99170542165032 -20.097847423440125
*******************************************************************************************************************************
STARTING calculation for obs:
Observation at point (20.363109, 69.34802700000002), azimuth 130.0, elevation 45.0. Observed point at altitude 0.0, position (20.363109, 69.348027)
828352 bins to compute
	 96.85852217674255 seconds left...
	 53.25318765640259 seconds left...
Total scattered intensity from all direction: 22.86996213996246
Total scattered polarized intensity from all direction: 9.601631091188088
Computing DONE
Start plotting...
V, Vcos, Vsin 0.5002120005012956 0.03985930645474905 -0.051061439039086234
Azimut, Elevation: 130.0 45.0
DoLP, AoLP: 25.899741724072253 -26.011940352252424
*******************************************************************************************************************************
STARTING calculation for obs:
Observation at point (20.363109, 69.34802700000002), azimuth 140.0, elevation 45.0. Observed point at altitude 0.0, position (20.363109, 69.348027)
828352 bins to compute
	 94.47750806808472 seconds left...
	 54.38037443161011 seconds left...
Total scattered intensity from all direction: 23.060848420083506
Total scattered polarized intensity from all direction: 9.438935020104742
Computing DONE
Start plotting...
V, Vcos, Vsin 0.500116114691526 0.02245603198156129 -0.048157301373166345
Azimut, Elevation: 140.0 45.0
DoLP, AoLP: 21.249331856320808 -32.50004223973771
*******************************************************************************************************************************
STARTING calculation for obs:
Observation at point (20.363109, 69.34802700000002), azimuth 150.0, elevation 45.0. Observed point at altitude 0.0, position (20.363109, 69.348027)
828352 bins to compute
	 94.44759821891785 seconds left...
	 54.560285568237305 seconds left...
Total scattered intensity from all direction: 23.278270168042276
Total scattered polarized intensity from all direction: 9.358913008087624
Computing DONE
Start plotting...
V, Vcos, Vsin 0.5000303372281868 0.006887422385526716 -0.03941765562615369
Azimut, Elevation: 150.0 45.0
DoLP, AoLP: 16.004968615619227 -40.04440001393697
*******************************************************************************************************************************
STARTING calculation for obs:
Observation at point (20.363109, 69.34802700000002), azimuth 160.0, elevation 45.0. Observed point at altitude 0.0, position (20.363109, 69.348027)
828352 bins to compute
	 95.15554690361023 seconds left...
	 55.625216245651245 seconds left...
Total scattered intensity from all direction: 23.500298438011306
Total scattered polarized intensity from all direction: 9.370106956197597
Computing DONE
Start plotting...
V, Vcos, Vsin 0.4999674114762134 -0.004533601597670929 -0.025354430403822226
Azimut, Elevation: 160.0 45.0
DoLP, AoLP: 10.303297879803969 -50.06893252796975
*******************************************************************************************************************************
STARTING calculation for obs:
Observation at point (20.363109, 69.34802700000002), azimuth 170.0, elevation 45.0. Observed point at altitude 0.0, position (20.363109, 69.348027)
828352 bins to compute
	 92.53059983253479 seconds left...
	 52.54284405708313 seconds left...
Total scattered intensity from all direction: 23.70516322923948
Total scattered polarized intensity from all direction: 9.477005148213124
Computing DONE
Start plotting...
V, Vcos, Vsin 0.49993720332254915 -0.010016381487722475 -0.007465480448493237
Azimut, Elevation: 170.0 45.0
DoLP, AoLP: 4.997607497100637 -71.65091972327771
*******************************************************************************************************************************
STARTING calculation for obs:
Observation at point (20.363109, 69.34802700000002), azimuth 180.0, elevation 45.0. Observed point at altitude 0.0, position (20.363109, 69.348027)
828352 bins to compute
	 102.27036166191101 seconds left...
	 57.656692028045654 seconds left...
Total scattered intensity from all direction: 23.875233580237296
Total scattered polarized intensity from all direction: 9.679620604465542
Computing DONE
Start plotting...
V, Vcos, Vsin 0.49994920781859403 -0.007837565455565746 0.011643996598455152
Azimut, Elevation: 180.0 45.0
DoLP, AoLP: 5.6149816946271125 61.97223383371496
*******************************************************************************************************************************
STARTING calculation for obs:
Observation at point (20.363109, 69.34802700000002), azimuth 190.0, elevation 45.0. Observed point at altitude 0.0, position (20.363109, 69.348027)
828352 bins to compute
	 101.07892656326294 seconds left...
	 54.59950351715088 seconds left...
Total scattered intensity from all direction: 24.00256593717291
Total scattered polarized intensity from all direction: 9.97428370341804
Computing DONE
Start plotting...
V, Vcos, Vsin 0.5000046681218498 0.0022284795853643163 0.028742720131420284
Azimut, Elevation: 190.0 45.0
DoLP, AoLP: 11.53148429745512 42.7833073674927
*******************************************************************************************************************************
STARTING calculation for obs:
Observation at point (20.363109, 69.34802700000002), azimuth 200.0, elevation 45.0. Observed point at altitude 0.0, position (20.363109, 69.348027)
828352 bins to compute
	 100.04861283302307 seconds left...
	 57.24047327041626 seconds left...
Total scattered intensity from all direction: 24.093681632162593
Total scattered polarized intensity from all direction: 10.354895847470523
Computing DONE
Start plotting...
V, Vcos, Vsin 0.5000967746744674 0.01894581888544002 0.04059610375598168
Azimut, Elevation: 200.0 45.0
DoLP, AoLP: 17.916298798931802 32.49099089816089
*******************************************************************************************************************************
STARTING calculation for obs:
Observation at point (20.363109, 69.34802700000002), azimuth 210.00000000000003, elevation 45.0. Observed point at altitude 0.0, position (20.363109, 69.348027)
828352 bins to compute
	 96.53026914596558 seconds left...
	 53.639737367630005 seconds left...
Total scattered intensity from all direction: 24.170904451225002
Total scattered polarized intensity from all direction: 10.813746734906813
Computing DONE
Start plotting...
V, Vcos, Vsin 0.5002094481815835 0.03939606042702871 0.04491585035535183
Azimut, Elevation: 210.00000000000003 45.0
DoLP, AoLP: 23.88805419038766 24.372866926361933
*******************************************************************************************************************************/home/bossel/.local/lib/python3.6/site-packages/matplotlib/backends/backend_gtk3.py:181: Warning: Source ID 51 was not found when attempting to remove it
  GLib.source_remove(self._idle_draw_id)
/home/bossel/.local/lib/python3.6/site-packages/matplotlib/backends/backend_gtk3.py:181: Warning: Source ID 52 was not found when attempting to remove it
  GLib.source_remove(self._idle_draw_id)
/home/bossel/.local/lib/python3.6/site-packages/matplotlib/backends/backend_gtk3.py:181: Warning: Source ID 53 was not found when attempting to remove it
  GLib.source_remove(self._idle_draw_id)
/home/bossel/.local/lib/python3.6/site-packages/matplotlib/backends/backend_gtk3.py:181: Warning: Source ID 54 was not found when attempting to remove it
  GLib.source_remove(self._idle_draw_id)
/home/bossel/.local/lib/python3.6/site-packages/matplotlib/backends/backend_gtk3.py:181: Warning: Source ID 55 was not found when attempting to remove it
  GLib.source_remove(self._idle_draw_id)
/home/bossel/.local/lib/python3.6/site-packages/matplotlib/backends/backend_gtk3.py:181: Warning: Source ID 56 was not found when attempting to remove it
  GLib.source_remove(self._idle_draw_id)
/home/bossel/.local/lib/python3.6/site-packages/matplotlib/backends/backend_gtk3.py:181: Warning: Source ID 57 was not found when attempting to remove it
  GLib.source_remove(self._idle_draw_id)
/home/bossel/.local/lib/python3.6/site-packages/matplotlib/backends/backend_gtk3.py:181: Warning: Source ID 58 was not found when attempting to remove it
  GLib.source_remove(self._idle_draw_id)
/home/bossel/.local/lib/python3.6/site-packages/matplotlib/backends/backend_gtk3.py:181: Warning: Source ID 59 was not found when attempting to remove it
  GLib.source_remove(self._idle_draw_id)
/home/bossel/.local/lib/python3.6/site-packages/matplotlib/backends/backend_gtk3.py:181: Warning: Source ID 60 was not found when attempting to remove it
  GLib.source_remove(self._idle_draw_id)
/home/bossel/.local/lib/python3.6/site-packages/matplotlib/backends/backend_gtk3.py:181: Warning: Source ID 61 was not found when attempting to remove it
  GLib.source_remove(self._idle_draw_id)
/home/bossel/.local/lib/python3.6/site-packages/matplotlib/backends/backend_gtk3.py:181: Warning: Source ID 62 was not found when attempting to remove it
  GLib.source_remove(self._idle_draw_id)
/home/bossel/.local/lib/python3.6/site-packages/matplotlib/backends/backend_gtk3.py:181: Warning: Source ID 63 was not found when attempting to remove it
  GLib.source_remove(self._idle_draw_id)
/home/bossel/.local/lib/python3.6/site-packages/matplotlib/backends/backend_gtk3.py:181: Warning: Source ID 64 was not found when attempting to remove it
  GLib.source_remove(self._idle_draw_id)
/home/bossel/.local/lib/python3.6/site-packages/matplotlib/backends/backend_gtk3.py:181: Warning: Source ID 65 was not found when attempting to remove it
  GLib.source_remove(self._idle_draw_id)
/home/bossel/.local/lib/python3.6/site-packages/matplotlib/backends/backend_gtk3.py:181: Warning: Source ID 66 was not found when attempting to remove it
  GLib.source_remove(self._idle_draw_id)
/home/bossel/.local/lib/python3.6/site-packages/matplotlib/backends/backend_gtk3.py:181: Warning: Source ID 67 was not found when attempting to remove it
  GLib.source_remove(self._idle_draw_id)
/home/bossel/.local/lib/python3.6/site-packages/matplotlib/backends/backend_gtk3.py:181: Warning: Source ID 68 was not found when attempting to remove it
  GLib.source_remove(self._idle_draw_id)
/home/bossel/.local/lib/python3.6/site-packages/matplotlib/backends/backend_gtk3.py:181: Warning: Source ID 69 was not found when attempting to remove it
  GLib.source_remove(self._idle_draw_id)
/home/bossel/.local/lib/python3.6/site-packages/matplotlib/backends/backend_gtk3.py:181: Warning: Source ID 70 was not found when attempting to remove it
  GLib.source_remove(self._idle_draw_id)
/home/bossel/.local/lib/python3.6/site-packages/matplotlib/backends/backend_gtk3.py:181: Warning: Source ID 71 was not found when attempting to remove it
  GLib.source_remove(self._idle_draw_id)
/home/bossel/.local/lib/python3.6/site-packages/matplotlib/backends/backend_gtk3.py:181: Warning: Source ID 72 was not found when attempting to remove it
  GLib.source_remove(self._idle_draw_id)
/home/bossel/.local/lib/python3.6/site-packages/matplotlib/backends/backend_gtk3.py:181: Warning: Source ID 73 was not found when attempting to remove it
  GLib.source_remove(self._idle_draw_id)
/home/bossel/.local/lib/python3.6/site-packages/matplotlib/backends/backend_gtk3.py:181: Warning: Source ID 74 was not found when attempting to remove it
  GLib.source_remove(self._idle_draw_id)
/home/bossel/.local/lib/python3.6/site-packages/matplotlib/backends/backend_gtk3.py:181: Warning: Source ID 75 was not found when attempting to remove it
  GLib.source_remove(self._idle_draw_id)
/home/bossel/.local/lib/python3.6/site-packages/matplotlib/backends/backend_gtk3.py:181: Warning: Source ID 76 was not found when attempting to remove it
  GLib.source_remove(self._idle_draw_id)
/home/bossel/.local/lib/python3.6/site-packages/matplotlib/backends/backend_gtk3.py:181: Warning: Source ID 77 was not found when attempting to remove it
  GLib.source_remove(self._idle_draw_id)
/home/bossel/.local/lib/python3.6/site-packages/matplotlib/backends/backend_gtk3.py:181: Warning: Source ID 78 was not found when attempting to remove it
  GLib.source_remove(self._idle_draw_id)
/home/bossel/.local/lib/python3.6/site-packages/matplotlib/backends/backend_gtk3.py:181: Warning: Source ID 79 was not found when attempting to remove it
  GLib.source_remove(self._idle_draw_id)
/home/bossel/.local/lib/python3.6/site-packages/matplotlib/backends/backend_gtk3.py:181: Warning: Source ID 80 was not found when attempting to remove it
  GLib.source_remove(self._idle_draw_id)
/home/bossel/.local/lib/python3.6/site-packages/matplotlib/backends/backend_gtk3.py:181: Warning: Source ID 81 was not found when attempting to remove it
  GLib.source_remove(self._idle_draw_id)
/home/bossel/.local/lib/python3.6/site-packages/matplotlib/backends/backend_gtk3.py:181: Warning: Source ID 82 was not found when attempting to remove it
  GLib.source_remove(self._idle_draw_id)
/home/bossel/.local/lib/python3.6/site-packages/matplotlib/backends/backend_gtk3.py:181: Warning: Source ID 83 was not found when attempting to remove it
  GLib.source_remove(self._idle_draw_id)
/home/bossel/.local/lib/python3.6/site-packages/matplotlib/backends/backend_gtk3.py:181: Warning: Source ID 84 was not found when attempting to remove it
  GLib.source_remove(self._idle_draw_id)
/home/bossel/.local/lib/python3.6/site-packages/matplotlib/backends/backend_gtk3.py:181: Warning: Source ID 85 was not found when attempting to remove it
  GLib.source_remove(self._idle_draw_id)
/home/bossel/.local/lib/python3.6/site-packages/matplotlib/backends/backend_gtk3.py:181: Warning: Source ID 86 was not found when attempting to remove it
  GLib.source_remove(self._idle_draw_id)
/home/bossel/.local/lib/python3.6/site-packages/matplotlib/backends/backend_gtk3.py:181: Warning: Source ID 87 was not found when attempting to remove it
  GLib.source_remove(self._idle_draw_id)
/home/bossel/.local/lib/python3.6/site-packages/matplotlib/backends/backend_gtk3.py:181: Warning: Source ID 88 was not found when attempting to remove it
  GLib.source_remove(self._idle_draw_id)
/home/bossel/.local/lib/python3.6/site-packages/matplotlib/backends/backend_gtk3.py:181: Warning: Source ID 89 was not found when attempting to remove it
  GLib.source_remove(self._idle_draw_id)
/home/bossel/.local/lib/python3.6/site-packages/matplotlib/backends/backend_gtk3.py:181: Warning: Source ID 90 was not found when attempting to remove it
  GLib.source_remove(self._idle_draw_id)
/home/bossel/.local/lib/python3.6/site-packages/matplotlib/backends/backend_gtk3.py:181: Warning: Source ID 91 was not found when attempting to remove it
  GLib.source_remove(self._idle_draw_id)
/home/bossel/.local/lib/python3.6/site-packages/matplotlib/backends/backend_gtk3.py:181: Warning: Source ID 92 was not found when attempting to remove it
  GLib.source_remove(self._idle_draw_id)
/home/bossel/.local/lib/python3.6/site-packages/matplotlib/backends/backend_gtk3.py:181: Warning: Source ID 93 was not found when attempting to remove it
  GLib.source_remove(self._idle_draw_id)

STARTING calculation for obs:
Observation at point (20.363109, 69.34802700000002), azimuth 220.0, elevation 45.0. Observed point at altitude 0.0, position (20.363109, 69.348027)
828352 bins to compute
	 126.15513038635254 seconds left...
	 59.85131335258484 seconds left...
Total scattered intensity from all direction: 24.269586409618356
Total scattered polarized intensity from all direction: 11.341740581118271
Computing DONE
Start plotting...
V, Vcos, Vsin 0.5003258828582404 0.06052895424023527 0.0408446707884316
Azimut, Elevation: 220.0 45.0
DoLP, AoLP: 29.18930691565491 17.005651462510816
*******************************************************************************************************************************
STARTING calculation for obs:
Observation at point (20.363109, 69.34802700000002), azimuth 230.0, elevation 45.0. Observed point at altitude 0.0, position (20.363109, 69.348027)
828352 bins to compute
	 123.97425842285156 seconds left...
	 65.72906589508057 seconds left...
Total scattered intensity from all direction: 24.43264872568213
Total scattered polarized intensity from all direction: 11.928464855906757
Computing DONE
Start plotting...
V, Vcos, Vsin 0.5004282610685911 0.07911059941888443 0.028560075923356094
Azimut, Elevation: 230.0 45.0
DoLP, AoLP: 33.61443040415812 9.925159460813463
*******************************************************************************************************************************
STARTING calculation for obs:
Observation at point (20.363109, 69.34802700000002), azimuth 239.99999999999997, elevation 45.0. Observed point at altitude 0.0, position (20.363109, 69.348027)
828352 bins to compute
	 119.37769675254822 seconds left...
	 63.33572244644165 seconds left...
Total scattered intensity from all direction: 24.70449570607882
Total scattered polarized intensity from all direction: 12.562498119488087
Computing DONE
Start plotting...
V, Vcos, Vsin 0.5005011606464094 0.09234187279291725 0.00978076877918282
Azimut, Elevation: 239.99999999999997 45.0
DoLP, AoLP: 37.10617298735111 3.0230873525582536
*******************************************************************************************************************************
STARTING calculation for obs:
Observation at point (20.363109, 69.34802700000002), azimuth 250.00000000000003, elevation 45.0. Observed point at altitude 0.0, position (20.363109, 69.348027)
828352 bins to compute
	 112.45755457878113 seconds left...
	 63.114017486572266 seconds left...
Total scattered intensity from all direction: 25.125932738020488
Total scattered polarized intensity from all direction: 13.231963104180968
Computing DONE
Start plotting...
V, Vcos, Vsin 0.500532713893662 0.09806878716926473 -0.013731530055077603
Azimut, Elevation: 250.00000000000003 45.0
DoLP, AoLP: 39.568027540613876 -3.985349512381894
*******************************************************************************************************************************
STARTING calculation for obs:
Observation at point (20.363109, 69.34802700000002), azimuth 260.0, elevation 45.0. Observed point at altitude 0.0, position (20.363109, 69.348027)
828352 bins to compute
	 106.46484088897705 seconds left...
	 59.51581811904907 seconds left...
Total scattered intensity from all direction: 25.729763340092777
Total scattered polarized intensity from all direction: 13.924429609288177
Computing DONE
Start plotting...
V, Vcos, Vsin 0.500516129314559 0.09505868606206434 -0.03950182289592832
Azimut, Elevation: 260.0 45.0
DoLP, AoLP: 41.133353627951735 -11.282711573413156
*******************************************************************************************************************************
STARTING calculation for obs:
Observation at point (20.363109, 69.34802700000002), azimuth 270.0, elevation 45.0. Observed point at altitude 0.0, position (20.363109, 69.348027)
828352 bins to compute
	 100.28097581863403 seconds left...
	 56.56511664390564 seconds left...
Total scattered intensity from all direction: 26.532767970035295
Total scattered polarized intensity from all direction: 14.624356560351984
Computing DONE
Start plotting...
V, Vcos, Vsin 0.5004407643607024 0.08137994693709756 -0.0646797836838747
Azimut, Elevation: 270.0 45.0
DoLP, AoLP: 41.54446956162193 -19.238623323720677
*******************************************************************************************************************************
STARTING calculation for obs:
Observation at point (20.363109, 69.34802700000002), azimuth 280.0, elevation 45.0. Observed point at altitude 0.0, position (20.363109, 69.348027)
828352 bins to compute
	 108.23851275444031 seconds left...
	 55.90649390220642 seconds left...
Total scattered intensity from all direction: 27.519005590129776
Total scattered polarized intensity from all direction: 15.307157543364506
Computing DONE
Start plotting...
V, Vcos, Vsin 0.5003055575779464 0.056839915866879004 -0.08453816661617795
Azimut, Elevation: 280.0 45.0
DoLP, AoLP: 40.723075719085905 -28.042384693351092
*******************************************************************************************************************************
STARTING calculation for obs:
Observation at point (20.363109, 69.34802700000002), azimuth 290.0, elevation 45.0. Observed point at altitude 0.0, position (20.363109, 69.348027)
828352 bins to compute
	 101.10362434387207 seconds left...
	 56.0301730632782 seconds left...
Total scattered intensity from all direction: 28.61769977218974
Total scattered polarized intensity from all direction: 15.932252974656269
Computing DONE
Start plotting...
V, Vcos, Vsin 0.5001218940020669 0.023504976844728014 -0.09385484824773986
Azimut, Elevation: 290.0 45.0
DoLP, AoLP: 38.69191923915322 -37.970024902640496
*******************************************************************************************************************************
STARTING calculation for obs:
Observation at point (20.363109, 69.34802700000002), azimuth 300.0, elevation 45.0. Observed point at altitude 0.0, position (20.363109, 69.348027)
828352 bins to compute
	 96.3669183254242 seconds left...
	 57.48454713821411 seconds left...
Total scattered intensity from all direction: 29.690111704855223
Total scattered polarized intensity from all direction: 16.44065030625121
Computing DONE
Start plotting...
V, Vcos, Vsin 0.49991969545738607 -0.013194059014814137 -0.08804289237850496
Azimut, Elevation: 300.0 45.0
DoLP, AoLP: 35.61613244091549 -49.26144473315617
*******************************************************************************************************************************
STARTING calculation for obs:
Observation at point (20.363109, 69.34802700000002), azimuth 310.0, elevation 45.0. Observed point at altitude 0.0, position (20.363109, 69.348027)
828352 bins to compute
	 87.0433988571167 seconds left...
	 48.128937005996704 seconds left...
Total scattered intensity from all direction: 30.545392680648217
Total scattered polarized intensity from all direction: 16.763481374161568
Computing DONE
Start plotting...
V, Vcos, Vsin 0.49974233996472534 -0.04538408093273247 -0.06563109405524852
Azimut, Elevation: 310.0 45.0
DoLP, AoLP: 31.934239006600436 -62.33198207871992
*******************************************************************************************************************************
STARTING calculation for obs:
Observation at point (20.363109, 69.34802700000002), azimuth 320.0, elevation 45.0. Observed point at altitude 0.0, position (20.363109, 69.348027)
828352 bins to compute
	 87.87322068214417 seconds left...
	 51.700047969818115 seconds left...
Total scattered intensity from all direction: 31.00156912986001
Total scattered polarized intensity from all direction: 16.84564188686405
Computing DONE
Start plotting...
V, Vcos, Vsin 0.49964097094439575 -0.06378255812256303 -0.031386626961951214
Azimut, Elevation: 320.0 45.0
DoLP, AoLP: 28.455157910745445 -76.89937897089692
*******************************************************************************************************************************
STARTING calculation for obs:
Observation at point (20.363109, 69.34802700000002), azimuth 330.0, elevation 45.0. Observed point at altitude 0.0, position (20.363109, 69.348027)/home/bossel/.local/lib/python3.6/site-packages/matplotlib/backends/backend_gtk3.py:181: Warning: Source ID 94 was not found when attempting to remove it
  GLib.source_remove(self._idle_draw_id)
/home/bossel/.local/lib/python3.6/site-packages/matplotlib/backends/backend_gtk3.py:181: Warning: Source ID 95 was not found when attempting to remove it
  GLib.source_remove(self._idle_draw_id)
/home/bossel/.local/lib/python3.6/site-packages/matplotlib/backends/backend_gtk3.py:181: Warning: Source ID 96 was not found when attempting to remove it
  GLib.source_remove(self._idle_draw_id)
/home/bossel/.local/lib/python3.6/site-packages/matplotlib/backends/backend_gtk3.py:181: Warning: Source ID 97 was not found when attempting to remove it
  GLib.source_remove(self._idle_draw_id)
/home/bossel/.local/lib/python3.6/site-packages/matplotlib/backends/backend_gtk3.py:181: Warning: Source ID 98 was not found when attempting to remove it
  GLib.source_remove(self._idle_draw_id)
/home/bossel/.local/lib/python3.6/site-packages/matplotlib/backends/backend_gtk3.py:181: Warning: Source ID 99 was not found when attempting to remove it
  GLib.source_remove(self._idle_draw_id)
/home/bossel/.local/lib/python3.6/site-packages/matplotlib/backends/backend_gtk3.py:181: Warning: Source ID 100 was not found when attempting to remove it
  GLib.source_remove(self._idle_draw_id)
/home/bossel/.local/lib/python3.6/site-packages/matplotlib/backends/backend_gtk3.py:181: Warning: Source ID 101 was not found when attempting to remove it
  GLib.source_remove(self._idle_draw_id)
/home/bossel/.local/lib/python3.6/site-packages/matplotlib/backends/backend_gtk3.py:181: Warning: Source ID 102 was not found when attempting to remove it
  GLib.source_remove(self._idle_draw_id)
/home/bossel/.local/lib/python3.6/site-packages/matplotlib/backends/backend_gtk3.py:181: Warning: Source ID 103 was not found when attempting to remove it
  GLib.source_remove(self._idle_draw_id)
/home/bossel/.local/lib/python3.6/site-packages/matplotlib/backends/backend_gtk3.py:181: Warning: Source ID 104 was not found when attempting to remove it
  GLib.source_remove(self._idle_draw_id)
/home/bossel/.local/lib/python3.6/site-packages/matplotlib/backends/backend_gtk3.py:181: Warning: Source ID 105 was not found when attempting to remove it
  GLib.source_remove(self._idle_draw_id)
/home/bossel/.local/lib/python3.6/site-packages/matplotlib/backends/backend_gtk3.py:181: Warning: Source ID 106 was not found when attempting to remove it
  GLib.source_remove(self._idle_draw_id)
/home/bossel/.local/lib/python3.6/site-packages/matplotlib/backends/backend_gtk3.py:181: Warning: Source ID 107 was not found when attempting to remove it
  GLib.source_remove(self._idle_draw_id)
/home/bossel/.local/lib/python3.6/site-packages/matplotlib/backends/backend_gtk3.py:181: Warning: Source ID 108 was not found when attempting to remove it
  GLib.source_remove(self._idle_draw_id)
/home/bossel/.local/lib/python3.6/site-packages/matplotlib/backends/backend_gtk3.py:181: Warning: Source ID 109 was not found when attempting to remove it
  GLib.source_remove(self._idle_draw_id)
/home/bossel/.local/lib/python3.6/site-packages/matplotlib/backends/backend_gtk3.py:181: Warning: Source ID 110 was not found when attempting to remove it
  GLib.source_remove(self._idle_draw_id)
/home/bossel/.local/lib/python3.6/site-packages/matplotlib/backends/backend_gtk3.py:181: Warning: Source ID 111 was not found when attempting to remove it
  GLib.source_remove(self._idle_draw_id)
/home/bossel/.local/lib/python3.6/site-packages/matplotlib/backends/backend_gtk3.py:181: Warning: Source ID 112 was not found when attempting to remove it
  GLib.source_remove(self._idle_draw_id)
/home/bossel/.local/lib/python3.6/site-packages/matplotlib/backends/backend_gtk3.py:181: Warning: Source ID 113 was not found when attempting to remove it
  GLib.source_remove(self._idle_draw_id)
/home/bossel/.local/lib/python3.6/site-packages/matplotlib/backends/backend_gtk3.py:181: Warning: Source ID 114 was not found when attempting to remove it
  GLib.source_remove(self._idle_draw_id)
/home/bossel/.local/lib/python3.6/site-packages/matplotlib/backends/backend_gtk3.py:181: Warning: Source ID 115 was not found when attempting to remove it
  GLib.source_remove(self._idle_draw_id)

828352 bins to compute
	 107.55964350700378 seconds left...
	 55.82467079162598 seconds left...
Total scattered intensity from all direction: 30.973238987979524
Total scattered polarized intensity from all direction: 16.676465919319583
Computing DONE
Start plotting...
V, Vcos, Vsin 0.4996357745672083 -0.06472570058207368 0.005119692095409638
Azimut, Elevation: 330.0 45.0
DoLP, AoLP: 25.99007821630654 87.73870907922978
*******************************************************************************************************************************
STARTING calculation for obs:
Observation at point (20.363109, 69.34802700000002), azimuth 340.0, elevation 45.0. Observed point at altitude 0.0, position (20.363109, 69.348027)
828352 bins to compute
	 102.67866468429565 seconds left...
	 59.36195206642151 seconds left...
Total scattered intensity from all direction: 30.514246920665006
Total scattered polarized intensity from all direction: 16.301365746273067
Computing DONE
Start plotting...
V, Vcos, Vsin 0.49970822460007774 -0.05157601961626485 0.03468980591067968
Azimut, Elevation: 340.0 45.0
DoLP, AoLP: 24.877239215761403 73.03769755428524
*******************************************************************************************************************************
STARTING calculation for obs:
Observation at point (20.363109, 69.34802700000002), azimuth 350.0, elevation 45.0. Observed point at altitude 0.0, position (20.363109, 69.348027)
828352 bins to compute
	 101.81713056564331 seconds left...
	 56.73044943809509 seconds left...
Total scattered intensity from all direction: 29.768345428203155
Total scattered polarized intensity from all direction: 15.79841116738303
Computing DONE
Start plotting...
V, Vcos, Vsin 0.49981630970247726 -0.031958573530773415 0.05396828523393682
Azimut, Elevation: 350.0 45.0
DoLP, AoLP: 25.09762800962118 60.316440772289255
Azimut, Elevtion, I, DoLP, AoLP
0.0 45.0 28.88079139412215 26.227092083570078 50.276211809339564
10.0 45.0 27.94762151025127 28.057933934318797 42.43912148956462
20.0 45.0 27.017360740817377 30.44435056657499 35.90785948864064
29.999999999999996 45.0 26.117150316001492 33.10251389940834 30.020906764749256
40.0 45.0 25.273852560917454 35.69948621560643 24.317026741236972
50.0 45.0 24.51809213568842 37.77385354515746 18.628923238917594
59.99999999999999 45.0 23.87746670122245 39.16800549278975 13.025403847104082
70.0 45.0 23.369841152951086 39.68479360026268 7.494094040464945
80.0 45.0 23.001282187006918 39.42202654013687 1.9982567419522765
90.0 45.0 22.767334627047607 38.21204638535952 -3.4902804505062783
100.0 45.0 22.65546913431108 36.18274950866985 -8.966484851107841
110.0 45.0 22.648131547078734 33.400780536515185 -14.488112647556056
119.99999999999999 45.0 22.726004493441227 29.99170542165032 -20.097847423440125
130.0 45.0 22.86996213996246 25.899741724072253 -26.011940352252424
140.0 45.0 23.06084842008351 21.249331856320808 -32.50004223973771
150.0 45.0 23.278270168042262 16.004968615619227 -40.04440001393697
160.0 45.0 23.500298438011303 10.303297879803969 -50.06893252796975
170.0 45.0 23.705163229239474 4.997607497100637 -71.65091972327771
180.0 45.0 23.875233580237296 5.6149816946271125 61.97223383371496
190.0 45.0 24.002565937172925 11.53148429745512 42.7833073674927
200.0 45.0 24.093681632162614 17.916298798931802 32.49099089816089
210.00000000000003 45.0 24.170904451225017 23.88805419038766 24.372866926361933
220.0 45.0 24.269586409618356 29.18930691565491 17.005651462510816
230.0 45.0 24.432648725682117 33.61443040415812 9.925159460813463
239.99999999999997 45.0 24.704495706078834 37.10617298735111 3.0230873525582536
250.00000000000003 45.0 25.12593273802048 39.568027540613876 -3.985349512381894
260.0 45.0 25.72976334009277 41.133353627951735 -11.282711573413156
270.0 45.0 26.532767970035295 41.54446956162193 -19.238623323720677
280.0 45.0 27.51900559012978 40.723075719085905 -28.042384693351092
290.0 45.0 28.617699772189752 38.69191923915322 -37.970024902640496
300.0 45.0 29.69011170485522 35.61613244091549 -49.26144473315617
310.0 45.0 30.545392680648217 31.934239006600436 -62.33198207871992
320.0 45.0 31.001569129860005 28.455157910745445 -76.89937897089692
330.0 45.0 30.97323898797951 25.99007821630654 87.73870907922978
340.0 45.0 30.514246920665016 24.877239215761403 73.03769755428524
350.0 45.0 29.76834542820317 25.09762800962118 60.316440772289255
PLOT [  0.  10.  20.  30.  40.  50.  60.  70.  80.  90. 100. 110. 120. 130.
 140. 150. 160. 170. 180. 190. 200. 210. 220. 230. 240. 250. 260. 270.
 280. 290. 300. 310. 320. 330. 340. 350.] [28.88079139412215, 27.94762151025127, 27.017360740817377, 26.117150316001492, 25.273852560917454, 24.51809213568842, 23.87746670122245, 23.369841152951086, 23.001282187006918, 22.767334627047607, 22.65546913431108, 22.648131547078734, 22.726004493441227, 22.86996213996246, 23.06084842008351, 23.278270168042262, 23.500298438011303, 23.705163229239474, 23.875233580237296, 24.002565937172925, 24.093681632162614, 24.170904451225017, 24.269586409618356, 24.432648725682117, 24.704495706078834, 25.12593273802048, 25.72976334009277, 26.532767970035295, 27.51900559012978, 28.617699772189752, 29.69011170485522, 30.545392680648217, 31.001569129860005, 30.97323898797951, 30.514246920665016, 29.76834542820317] [26.227092083570078, 28.057933934318797, 30.44435056657499, 33.10251389940834, 35.69948621560643, 37.77385354515746, 39.16800549278975, 39.68479360026268, 39.42202654013687, 38.21204638535952, 36.18274950866985, 33.400780536515185, 29.99170542165032, 25.899741724072253, 21.249331856320808, 16.004968615619227, 10.303297879803969, 4.997607497100637, 5.6149816946271125, 11.53148429745512, 17.916298798931802, 23.88805419038766, 29.18930691565491, 33.61443040415812, 37.10617298735111, 39.568027540613876, 41.133353627951735, 41.54446956162193, 40.723075719085905, 38.69191923915322, 35.61613244091549, 31.934239006600436, 28.455157910745445, 25.99007821630654, 24.877239215761403, 25.09762800962118] [0.8774854315030309, 0.7407024016467829, 0.6267103754202665, 0.5239636674791133, 0.4244121809300923, 0.32513604662039824, 0.22733618353390228, 0.13079661546019844, 0.03487615944724193, -0.060916885679325544, -0.15649468298202537, -0.25286526809968596, -0.35077361010248914, -0.4539940039791784, -0.5672327441206553, -0.6989066272288633, -0.87386772557196, -1.2505444612533403, 1.081619525214154, 0.7467095784554951, 0.5670747684084171, 0.42538677601544606, 0.2968046094674028, 0.17322671137666004, 0.05276282787754015, -0.06955747083381457, -0.19692046550892947, -0.3357773205499007, -0.48943194300983695, -0.662701951615316, -0.8597744048827946, -1.0878983165677618, -1.34214735578104, 1.531329354882002, 1.2747483003980873, 1.0527204845605989]
