WARNING: Wrong or no input file specified, default in use.
Initialization DONE
Starting computing...
*******************************************************************************************************************************
STARTING calculation for obs:
Observation at point (20.363109, 69.34802700000002), azimuth 0.0, elevation 45.0. Observed point at altitude 0.0, position (20.363109, 69.348027)
465948 bins to compute
	 27.599469423294067 seconds left...
	 14.515328884124756 seconds left...
Total scattered intensity from all direction: 0.0009475334100104987
Total scattered polarized intensity from all direction: 0.000494706281991922
Computing DONE
Start plotting...
V, Vcos, Vsin 0.49985959931342244 -0.02410150914422032 0.07631019444408507
*******************************************************************************************************************************
STARTING calculation for obs:
Observation at point (20.363109, 69.34802700000002), azimuth 10.0, elevation 45.0. Observed point at altitude 0.0, position (20.363109, 69.348027)
465948 bins to compute
	 26.413010358810425 seconds left...
	 20.155899047851562 seconds left...
Total scattered intensity from all direction: 0.0009128705847600715
Total scattered polarized intensity from all direction: 0.00047473062847453395
Computing DONE
Start plotting...
V, Vcos, Vsin 0.4999881865634772 -0.0007629232592794426 0.08384585592657015
*******************************************************************************************************************************
STARTING calculation for obs:
Observation at point (20.363109, 69.34802700000002), azimuth 20.0, elevation 45.0. Observed point at altitude 0.0, position (20.363109, 69.348027)
465948 bins to compute
	 43.801453828811646 seconds left...
	 20.231874227523804 seconds left...
Total scattered intensity from all direction: 0.0008781491224870674
Total scattered polarized intensity from all direction: 0.00045474580255745224
Computing DONE
Start plotting...
V, Vcos, Vsin 0.5001116576581645 0.021647080426461972 0.08660583233848003
*******************************************************************************************************************************
STARTING calculation for obs:
Observation at point (20.363109, 69.34802700000002), azimuth 29.999999999999996, elevation 45.0. Observed point at altitude 0.0, position (20.363109, 69.348027)
465948 bins to compute
	 29.889530897140503 seconds left...
	 16.16021990776062 seconds left...
Total scattered intensity from all direction: 0.0008447739484042083
Total scattered polarized intensity from all direction: 0.0004351255880207922
Computing DONE
Start plotting...
V, Vcos, Vsin 0.500232547447742 0.04358857723481072 0.08487964883919936
*******************************************************************************************************************************
STARTING calculation for obs:
Observation at point (20.363109, 69.34802700000002), azimuth 40.0, elevation 45.0. Observed point at altitude 0.0, position (20.363109, 69.348027)
465948 bins to compute
	 36.45155739784241 seconds left...
	 17.959892749786377 seconds left...
Total scattered intensity from all direction: 0.0008139480603900271
Total scattered polarized intensity from all direction: 0.0004159014292201763
Computing DONE
Start plotting...
V, Vcos, Vsin 0.5003506045358935 0.06501593873430213 0.07779585743132852
*******************************************************************************************************************************
STARTING calculation for obs:
Observation at point (20.363109, 69.34802700000002), azimuth 50.0, elevation 45.0. Observed point at altitude 0.0, position (20.363109, 69.348027)
465948 bins to compute
	 30.865880727767944 seconds left...
	 17.753873825073242 seconds left...
Total scattered intensity from all direction: 0.0007868274642539573
Total scattered polarized intensity from all direction: 0.00039705552342937493
Computing DONE
Start plotting...
V, Vcos, Vsin 0.5004539171671264 0.08376718130306862 0.06521335745318849
*******************************************************************************************************************************
STARTING calculation for obs:
Observation at point (20.363109, 69.34802700000002), azimuth 59.99999999999999, elevation 45.0. Observed point at altitude 0.0, position (20.363109, 69.348027)
465948 bins to compute
	 32.18296980857849 seconds left...
	 17.699772119522095 seconds left...
Total scattered intensity from all direction: 0.0007643077226245704
Total scattered polarized intensity from all direction: 0.0003787019429203755
Computing DONE
Start plotting...
V, Vcos, Vsin 0.500533779956065 0.09826227749539024 0.047508570549367114
*******************************************************************************************************************************
STARTING calculation for obs:
Observation at point (20.363109, 69.34802700000002), azimuth 70.0, elevation 45.0. Observed point at altitude 0.0, position (20.363109, 69.348027)
465948 bins to compute
	 30.142699241638184 seconds left...
	 17.10569190979004 seconds left...
Total scattered intensity from all direction: 0.0007468310996436461
Total scattered polarized intensity from all direction: 0.0003611046182006697
Computing DONE
Start plotting...
V, Vcos, Vsin 0.5005787487167584 0.10642410756125832 0.02663835003243676
*******************************************************************************************************************************
STARTING calculation for obs:
Observation at point (20.363109, 69.34802700000002), azimuth 80.0, elevation 45.0. Observed point at altitude 0.0, position (20.363109, 69.348027)
465948 bins to compute
	 32.34063649177551 seconds left...
	 17.831774473190308 seconds left...
Total scattered intensity from all direction: 0.0007343641426967309
Total scattered polarized intensity from all direction: 0.0003445999528747066
Computing DONE
Start plotting...
V, Vcos, Vsin 0.5005870003004349 0.10792176999853088 0.004608751326761655
*******************************************************************************************************************************
STARTING calculation for obs:
Observation at point (20.363109, 69.34802700000002), azimuth 90.0, elevation 45.0. Observed point at altitude 0.0, position (20.363109, 69.348027)
465948 bins to compute
	 30.365856885910034 seconds left...
	 17.216247081756592 seconds left...
Total scattered intensity from all direction: 0.0007265214548833897
Total scattered polarized intensity from all direction: 0.00032952531357317844
Computing DONE
Start plotting...
V, Vcos, Vsin 0.5005602980183975 0.10307530580876317 -0.016369043840884626
*******************************************************************************************************************************
STARTING calculation for obs:
Observation at point (20.363109, 69.34802700000002), azimuth 100.0, elevation 45.0. Observed point at altitude 0.0, position (20.363109, 69.348027)
465948 bins to compute
	 30.47611927986145 seconds left...
	 17.015764713287354 seconds left...
Total scattered intensity from all direction: 0.0007227648278215369
Total scattered polarized intensity from all direction: 0.00031619709733533645
Computing DONE
Start plotting...
V, Vcos, Vsin 0.5005035571556212 0.09277683921485953 -0.03491763355248279
*******************************************************************************************************************************
STARTING calculation for obs:
Observation at point (20.363109, 69.34802700000002), azimuth 110.0, elevation 45.0. Observed point at altitude 0.0, position (20.363109, 69.348027)
465948 bins to compute
	 29.862863302230835 seconds left...
	 16.578432083129883 seconds left...
Total scattered intensity from all direction: 0.000722556370656677
Total scattered polarized intensity from all direction: 0.00030491096597574864
Computing DONE
Start plotting...
V, Vcos, Vsin 0.5004196923929348 0.07755538478729591 -0.04973195371308667
*******************************************************************************************************************************
STARTING calculation for obs:
Observation at point (20.363109, 69.34802700000002), azimuth 119.99999999999999, elevation 45.0. Observed point at altitude 0.0, position (20.363109, 69.348027)
465948 bins to compute
	 29.637755155563354 seconds left...
	 16.399606466293335 seconds left...
Total scattered intensity from all direction: 0.0007253759945360356
Total scattered polarized intensity from all direction: 0.000295926153034857
Computing DONE
Start plotting...
V, Vcos, Vsin 0.5003158087813081 0.05870050927704061 -0.059538057204681055
*******************************************************************************************************************************
STARTING calculation for obs:
Observation at point (20.363109, 69.34802700000002), azimuth 130.0, elevation 45.0. Observed point at altitude 0.0, position (20.363109, 69.348027)
465948 bins to compute
	 29.24015736579895 seconds left...
	 16.273260354995728 seconds left...
Total scattered intensity from all direction: 0.0007306547832186946
Total scattered polarized intensity from all direction: 0.0002894433712276314
Computing DONE
Start plotting...
V, Vcos, Vsin 0.5001971206154061 0.037158607165823705 -0.06308406111646367
*******************************************************************************************************************************
STARTING calculation for obs:
Observation at point (20.363109, 69.34802700000002), azimuth 140.0, elevation 45.0. Observed point at altitude 0.0, position (20.363109, 69.348027)
465948 bins to compute
	 29.38654375076294 seconds left...
	 16.297091245651245 seconds left...
Total scattered intensity from all direction: 0.0007377142396603644
Total scattered polarized intensity from all direction: 0.0002856005984701611
Computing DONE
Start plotting...
V, Vcos, Vsin 0.5000775770427006 0.015461448719779577 -0.059534636285633644
*******************************************************************************************************************************
STARTING calculation for obs:
Observation at point (20.363109, 69.34802700000002), azimuth 150.0, elevation 45.0. Observed point at altitude 0.0, position (20.363109, 69.348027)
465948 bins to compute
	 29.226499557495117 seconds left...
	 16.36405348777771 seconds left...
Total scattered intensity from all direction: 0.0007457441593696172
Total scattered polarized intensity from all direction: 0.00028448463044472474
Computing DONE
Start plotting...
V, Vcos, Vsin 0.49996994312293996 -0.004074107716787368 -0.04854353527525294
*******************************************************************************************************************************
STARTING calculation for obs:
Observation at point (20.363109, 69.34802700000002), azimuth 160.0, elevation 45.0. Observed point at altitude 0.0, position (20.363109, 69.348027)
465948 bins to compute
	 29.346271991729736 seconds left...
	 16.243786096572876 seconds left...
Total scattered intensity from all direction: 0.0007538334880799978
Total scattered polarized intensity from all direction: 0.00028613615707684013
Computing DONE
Start plotting...
V, Vcos, Vsin 0.49989119306677426 -0.01836724291085469 -0.030871782872334195
*******************************************************************************************************************************
STARTING calculation for obs:
Observation at point (20.363109, 69.34802700000002), azimuth 170.0, elevation 45.0. Observed point at altitude 0.0, position (20.363109, 69.348027)
465948 bins to compute
	 29.41638708114624 seconds left...
	 16.353180408477783 seconds left...
Total scattered intensity from all direction: 0.0007610733706297023
Total scattered polarized intensity from all direction: 0.00029053493690402133
Computing DONE
Start plotting...
V, Vcos, Vsin 0.4998535683594379 -0.02519612729241738 -0.008598601733318948
*******************************************************************************************************************************
STARTING calculation for obs:
Observation at point (20.363109, 69.34802700000002), azimuth 180.0, elevation 45.0. Observed point at altitude 0.0, position (20.363109, 69.348027)
465948 bins to compute
	 29.62261462211609 seconds left...
	 16.271602869033813 seconds left...
Total scattered intensity from all direction: 0.0007667371520871293
Total scattered polarized intensity from all direction: 0.00029758477869463757
Computing DONE
Start plotting...
V, Vcos, Vsin 0.49986838413696427 -0.02250706367137007 0.015160901478700785
*******************************************************************************************************************************
STARTING calculation for obs:
Observation at point (20.363109, 69.34802700000002), azimuth 190.0, elevation 45.0. Observed point at altitude 0.0, position (20.363109, 69.348027)
465948 bins to compute
	 29.682191848754883 seconds left...
	 16.422300815582275 seconds left...
Total scattered intensity from all direction: 0.0007705001205887906
Total scattered polarized intensity from all direction: 0.00030712521612932017
Computing DONE
Start plotting...
V, Vcos, Vsin 0.499936223104404 -0.010194291081046919 0.03644961618629656
*******************************************************************************************************************************
STARTING calculation for obs:
Observation at point (20.363109, 69.34802700000002), azimuth 200.0, elevation 45.0. Observed point at altitude 0.0, position (20.363109, 69.348027)
465948 bins to compute
	 29.289029359817505 seconds left...
	 16.20746684074402 seconds left...
Total scattered intensity from all direction: 0.0007726101306246661
Total scattered polarized intensity from all direction: 0.0003189652093458986
Computing DONE
Start plotting...
V, Vcos, Vsin 0.5000490039961522 0.01027544077123274 0.05149637666310774
*******************************************************************************************************************************
STARTING calculation for obs:
Observation at point (20.363109, 69.34802700000002), azimuth 210.00000000000003, elevation 45.0. Observed point at altitude 0.0, position (20.363109, 69.348027)
465948 bins to compute
	 29.101879835128784 seconds left...
	 16.25176763534546 seconds left...
Total scattered intensity from all direction: 0.0007739266985133678
Total scattered polarized intensity from all direction: 0.00033291865668225645
Computing DONE
Start plotting...
V, Vcos, Vsin 0.5001881539859576 0.0355311639209037 0.0575653136902751
*******************************************************************************************************************************
STARTING calculation for obs:
Observation at point (20.363109, 69.34802700000002), azimuth 220.0, elevation 45.0. Observed point at altitude 0.0, position (20.363109, 69.348027)
465948 bins to compute
	 29.111984252929688 seconds left...
	 16.221502542495728 seconds left...
Total scattered intensity from all direction: 0.0007758177288677265
Total scattered polarized intensity from all direction: 0.0003488355676688316
Computing DONE
Start plotting...
V, Vcos, Vsin 0.5003338653521344 0.06197777688200139 0.053226466854404485
*******************************************************************************************************************************
STARTING calculation for obs:
Observation at point (20.363109, 69.34802700000002), azimuth 230.0, elevation 45.0. Observed point at altitude 0.0, position (20.363109, 69.348027)
465948 bins to compute
	 29.083226680755615 seconds left...
	 16.175108432769775 seconds left...
Total scattered intensity from all direction: 0.0007799509206502575
Total scattered polarized intensity from all direction: 0.0003666174136296364
Computing DONE
Start plotting...
V, Vcos, Vsin 0.5004623156341047 0.08529150305960374 0.039175210543638914
*******************************************************************************************************************************
STARTING calculation for obs:
Observation at point (20.363109, 69.34802700000002), azimuth 239.99999999999997, elevation 45.0. Observed point at altitude 0.0, position (20.363109, 69.348027)
465948 bins to compute
	 29.322423934936523 seconds left...
	 16.335587978363037 seconds left...
Total scattered intensity from all direction: 0.0007880350423286662
Total scattered polarized intensity from all direction: 0.00038619099712095374
Computing DONE
Start plotting...
V, Vcos, Vsin