4 2 MPI_COMM_WORLD
4 0 MPI_COMM_WORLD
WARNING: Wrong or no input file specified, default in use.
All input parameter from the input file:
path: /home/bossel/These/Analysis/data/Night_pollution/
src_path: /home/bossel/These/Analysis/src/rayleigh/
saving_graphs: 0
flux_unit: W
azimuts: 0;10;20;30;40;45;50;60;70;80;90
elevations: 45
location: skibotn
instrument_opening_angle: 1
instrument_area: 20
wavelength: 630
RS_min_altitude: 0
RS_max_altitude: 100
resolution_along_los: 1
max_angle_discretization: 0
Atmospheric_profile: atm_profiles/win.atm
sky_mode: none
emission_altitude: 220
Nb_emission_points: 100
Nb_emission_maps: 1
I_zone_a_min: 0
I_zone_a_max: 360
I_zone_e_min: 0
I_zone_e_max: 90
sky_path: /home/bossel/These/Analysis/data/allsky_camera/tid.uio.no/plasma/aurora/
sky_file: nya6/6300/2020/20200217/all_night/
sky_wavelength: 557.7
use_alt_map: 0
alt_map_path: /home/bossel/These/Analysis/data/elevation/
alt_map_radius: 50
alt_map_N_bins_max: 10000
alt_map_resolution: 0.2
ground_mode: uniform_I100
ground_emission_radius: 500
ground_N_bins_max: 100
ground_albedo: 0
ground_path: /home/bossel/These/Analysis/data/Night_pollution/
ground_file: nighttime_light_files/SVDNB_npp_20160101-20161231_75N060W_vcm-orm_v10_c201807311200.avg_rade9.tif
Has_sky_emission: False
Has_ground_emission: True
Initialization DONE
*******************************************************************************************************************************
STARTING calculation for GROUND observation 1/11:
Observation at point (20.363109, 69.34802700000002), azimuth 0.0, elevation 45.0. Observed point at altitude 220.0, position (20.363109, 71.22992796375796)
Starting time:  14:10:31
5076.0 bins to compute per processor
4 1 MPI_COMM_WORLD
4 3 MPI_COMM_WORLD
Computing DONE in:  0:00:02.782884
*******************************************************************************************************************************
STARTING calculation for GROUND observation 2/11:
Observation at point (20.363109, 69.34802700000002), azimuth 10.0, elevation 45.0. Observed point at altitude 220.0, position (21.376942857790624, 71.19862117907104)
Starting time:  14:10:34
5076.0 bins to compute per processor
Computing DONE in:  0:00:02.796909
*******************************************************************************************************************************
STARTING calculation for GROUND observation 3/11:
Observation at point (20.363109, 69.34802700000002), azimuth 20.0, elevation 45.0. Observed point at altitude 220.0, position (22.350827382871636, 71.10594677896476)
Starting time:  14:10:37
5076.0 bins to compute per processor
Computing DONE in:  0:00:02.787683
*******************************************************************************************************************************
STARTING calculation for GROUND observation 4/11:
Observation at point (20.363109, 69.34802700000002), azimuth 29.999999999999996, elevation 45.0. Observed point at altitude 220.0, position (23.24749293087614, 70.9555555300364)
Starting time:  14:10:40
5076.0 bins to compute per processor
Computing DONE in:  0:00:02.772887
*******************************************************************************************************************************
STARTING calculation for GROUND observation 5/11:
Observation at point (20.363109, 69.34802700000002), azimuth 40.0, elevation 45.0. Observed point at altitude 220.0, position (24.03464233371032, 70.75325534079995)
Starting time:  14:10:42
5076.0 bins to compute per processor
Computing DONE in:  0:00:02.859088
*******************************************************************************************************************************
STARTING calculation for GROUND observation 6/11:
Observation at point (20.363109, 69.34802700000002), azimuth 45.0, elevation 45.0. Observed point at altitude 220.0, position (24.37883051372328, 70.63495456522332)
Starting time:  14:10:45
5076.0 bins to compute per processor
Computing DONE in:  0:00:02.782979
*******************************************************************************************************************************
STARTING calculation for GROUND observation 7/11:
Observation at point (20.363109, 69.34802700000002), azimuth 50.0, elevation 45.0. Observed point at altitude 220.0, position (24.686572150785445, 70.50663991973308)
Starting time:  14:10:48
5076.0 bins to compute per processor
Computing DONE in:  0:00:02.887481
*******************************************************************************************************************************
STARTING calculation for GROUND observation 8/11:
Observation at point (20.363109, 69.34802700000002), azimuth 59.99999999999999, elevation 45.0. Observed point at altitude 220.0, position (25.185000817292458, 70.22464387473036)
Starting time:  14:10:51
5076.0 bins to compute per processor
Computing DONE in:  0:00:02.855498
*******************************************************************************************************************************
STARTING calculation for GROUND observation 9/11:
Observation at point (20.363109, 69.34802700000002), azimuth 70.0, elevation 45.0. Observed point at altitude 220.0, position (25.51914644165194, 69.91707551893282)
Starting time:  14:10:54
5076.0 bins to compute per processor
Computing DONE in:  0:00:02.868646
*******************************************************************************************************************************
STARTING calculation for GROUND observation 10/11:
Observation at point (20.363109, 69.34802700000002), azimuth 80.0, elevation 45.0. Observed point at altitude 220.0, position (25.68521452682124, 69.59417000502808)
Starting time:  14:10:57
5076.0 bins to compute per processor
Computing DONE in:  0:00:02.873656
*******************************************************************************************************************************
STARTING calculation for GROUND observation 11/11:
Observation at point (20.363109, 69.34802700000002), azimuth 90.0, elevation 45.0. Observed point at altitude 220.0, position (25.685507245251088, 69.26619159966718)
Starting time:  14:10:59
5076.0 bins to compute per processor
Computing DONE in:  0:00:02.765329
Warning: Ignoring XDG_SESSION_TYPE=wayland on Gnome. Use QT_QPA_PLATFORM=wayland to run on Wayland anyway.
t, datetime, a_pc, e_pc, src_dist (km), dlos (km), min_alt (km), max_alt (km), wavelength (nm), max_angle_discr (rad), I0, DoLP (%), AoRD (°), Direct I0:
0,10101-000001,0.0,45.0,None,1.0,0.0,100.0,630.0,0.0,1.007881278719203e-05,20.41234536005684,4.257186342720953e-14,0.0
0,10101-000001,10.0,45.0,None,1.0,0.0,100.0,630.0,0.0,1.0091670229276955e-05,19.9408961583107,-1.894369203896609,0.0
0,10101-000001,20.0,45.0,None,1.0,0.0,100.0,630.0,0.0,1.0124342662549902e-05,18.689418772499494,-3.0887969640887594,0.0
0,10101-000001,29.999999999999996,45.0,None,1.0,0.0,100.0,630.0,0.0,1.0161317245284689e-05,17.15975209287319,-2.868080119427806,0.0
0,10101-000001,40.0,45.0,None,1.0,0.0,100.0,630.0,0.0,1.0184011017104581e-05,16.137150314658918,-0.9339472881232973,0.0
0,10101-000001,45.0,45.0,None,1.0,0.0,100.0,630.0,0.0,1.018567759313024e-05,16.048203497939856,0.42147990646799116,0.0
0,10101-000001,50.0,45.0,None,1.0,0.0,100.0,630.0,0.0,1.0180141656604535e-05,16.285813881758525,1.7247481608183415,0.0
0,10101-000001,59.99999999999999,45.0,None,1.0,0.0,100.0,630.0,0.0,1.0150868984740507e-05,17.52702713204154,3.3361601855744087,0.0
0,10101-000001,70.0,45.0,None,1.0,0.0,100.0,630.0,0.0,1.0110184714972111e-05,19.124610202811816,3.1933563068184183,0.0
0,10101-000001,80.0,45.0,None,1.0,0.0,100.0,630.0,0.0,1.0077094761091232e-05,20.323920978371255,1.7361933996217798,0.0
0,10101-000001,90.0,45.0,None,1.0,0.0,100.0,630.0,0.0,1.0066460767929411e-05,20.672532907593254,-0.3213433928734328,0.0
Simulation ran in: 0:00:31.601812
