Correct input file in use: systemic/systemic_azimuts180_elevations45_point_src_dist5_point_src_az180_resolution_along_los1.6101010101010103_RS_min_altitude0_RS_max_altitude100_wavelength391.4_emission_altitude90_max_angle_discretization1
Loading the sky emission cube...
Has_sky_emission: True
Has_ground_emission: False
lagorge 0.10361906322688955 0.7891042478910105
ALT MAP BOUNDS 5.037613394081269 6.836256605918731 44.31302139408126 46.111664605918726
0.01569612305760477
ALT MAP BOUNDS 5.036200993144891 6.8348442049823515 44.309575523615855 46.10821873545331
ALT MAP BOUNDS 5.036200993144891 6.8348442049823515 44.309575523615855 46.10821873545331
Initialization DONE
*******************************************************************************************************************************
STARTING calculation for obs:
Observation at point (5.936935, 45.212343), azimuth 180.0, elevation 45.0. Observed point at altitude 90.0, position (5.936935000000001, 44.4196935987303)
87.0 bins to compute
  0%|          | 0/87.0 [00:00<?, ?it/s] 55%|█████▌    | 48/87.0 [00:00<00:00, 436.70it/s] 71%|███████▏  | 62/87.0 [00:00<00:00, 80.45it/s]  84%|████████▍ | 73/87.0 [00:03<00:01, 10.44it/s] 89%|████████▊ | 77/87.0 [00:20<00:00, 10.44it/s] 90%|████████▉ | 78/87.0 [00:23<00:11,  1.25s/it] 91%|█████████ | 79/87.0 [00:46<01:01,  7.70s/it] 92%|█████████▏| 80/87.0 [01:08<01:25, 12.18s/it] 93%|█████████▎| 81/87.0 [01:19<01:09, 11.59s/it] 94%|█████████▍| 82/87.0 [01:23<00:47,  9.59s/it] 95%|█████████▌| 83/87.0 [01:26<00:30,  7.62s/it] 97%|█████████▋| 84/87.0 [01:29<00:17,  5.94s/it] 98%|█████████▊| 85/87.0 [01:30<00:09,  4.54s/it] 99%|█████████▉| 86/87.0 [01:31<00:03,  3.49s/it]100%|██████████| 87/87.0 [01:32<00:00,  2.65s/it]100%|██████████| 87/87.0 [01:32<00:00,  1.06s/it]
Computing DONE
opt_depth, direct:
0.5566973416535387 0
Making and NOT saving plots...
ALL TIME SINCE START: 92.58695268630981
