Correct input file in use: systemic/systemic_azimuts180_elevations45_point_src_dist5_point_src_az180_resolution_along_los1.3080808080808082_RS_min_altitude0_RS_max_altitude100_wavelength391.4_emission_altitude90_max_angle_discretization1
Loading the sky emission cube...
Has_sky_emission: True
Has_ground_emission: False
lagorge 0.10361906322688955 0.7891042478910105
ALT MAP BOUNDS 5.037613394081269 6.836256605918731 44.31302139408126 46.111664605918726
0.01569612305760477
ALT MAP BOUNDS 5.036200993144891 6.8348442049823515 44.309575523615855 46.10821873545331
ALT MAP BOUNDS 5.036200993144891 6.8348442049823515 44.309575523615855 46.10821873545331
Initialization DONE
*******************************************************************************************************************************
STARTING calculation for obs:
Observation at point (5.936935, 45.212343), azimuth 180.0, elevation 45.0. Observed point at altitude 90.0, position (5.936935000000001, 44.4196935987303)
108.0 bins to compute
  0%|          | 0/108.0 [00:00<?, ?it/s] 55%|█████▍    | 59/108.0 [00:00<00:00, 574.18it/s] 71%|███████▏  | 77/108.0 [00:00<00:00, 98.19it/s]  84%|████████▍ | 91/108.0 [00:05<00:01,  9.65it/s] 88%|████████▊ | 95/108.0 [00:20<00:01,  9.65it/s] 89%|████████▉ | 96/108.0 [00:25<00:15,  1.26s/it] 90%|████████▉ | 97/108.0 [00:43<01:09,  6.32s/it] 91%|█████████ | 98/108.0 [01:11<02:09, 12.96s/it] 92%|█████████▏| 99/108.0 [01:26<02:00, 13.42s/it] 93%|█████████▎| 100/108.0 [01:33<01:34, 11.77s/it] 94%|█████████▎| 101/108.0 [01:38<01:06,  9.48s/it] 94%|█████████▍| 102/108.0 [01:40<00:44,  7.49s/it] 95%|█████████▌| 103/108.0 [01:43<00:29,  5.86s/it] 96%|█████████▋| 104/108.0 [01:44<00:18,  4.54s/it] 97%|█████████▋| 105/108.0 [01:45<00:10,  3.55s/it] 98%|█████████▊| 106/108.0 [01:46<00:05,  2.76s/it] 99%|█████████▉| 107/108.0 [01:47<00:02,  2.12s/it]100%|██████████| 108/108.0 [01:47<00:00,  1.66s/it]100%|██████████| 108/108.0 [01:47<00:00,  1.00it/s]
Computing DONE
opt_depth, direct:
0.5566973416535387 0
Making and NOT saving plots...
ALL TIME SINCE START: 108.44415974617004
