Correct input file in use: systemic/systemic_azimuts180_elevations90_point_src_dist5_point_src_az180_resolution_along_los0.1_RS_min_altitude0_RS_max_altitude80_wavelength391.4_emission_altitude90_max_angle_discretization1
Loading the sky emission cube...
Has_sky_emission: True
Has_ground_emission: False
lagorge 0.10361906322688955 0.7891042478910105
ALT MAP BOUNDS 5.037613394081269 6.836256605918731 44.31302139408126 46.111664605918726
0.01569612305760477
ALT MAP BOUNDS 5.036200993144891 6.8348442049823515 44.309575523615855 46.10821873545331
ALT MAP BOUNDS 5.036200993144891 6.8348442049823515 44.309575523615855 46.10821873545331
Initialization DONE
*******************************************************************************************************************************
STARTING calculation for obs:
Observation at point (5.936935, 45.212343), azimuth 180.0, elevation 90.0. Observed point at altitude 90.0, position (5.936935000000001, 45.212343000000004)
799.0 bins to compute
  0%|          | 0/799.0 [00:00<?, ?it/s] 34%|███▍      | 273/799.0 [00:00<00:00, 2721.83it/s] 67%|██████▋   | 534/799.0 [00:00<00:00, 2673.56it/s] 84%|████████▎ | 669/799.0 [00:00<00:00, 1132.26it/s] 97%|█████████▋| 778/799.0 [00:02<00:00, 161.15it/s] 100%|██████████| 799/799.0 [00:03<00:00, 217.67it/s]
Computing DONE
opt_depth, direct:
0.3936444653517414 0
Making and NOT saving plots...
ALL TIME SINCE START: 4.342274904251099
