Correct input file in use: systemic/systemic_azimuts180_elevations45_point_src_dist5_point_src_az180_resolution_along_los1.9306122448979592_RS_min_altitude0_RS_max_altitude100_wavelength391.4_emission_altitude90_max_angle_discretization1
Loading the sky emission cube...
Has_sky_emission: True
Has_ground_emission: False
lagorge 0.10361906322688955 0.7891042478910105
ALT MAP BOUNDS 5.037613394081269 6.836256605918731 44.31302139408126 46.111664605918726
0.01569612305760477
ALT MAP BOUNDS 5.036200993144891 6.8348442049823515 44.309575523615855 46.10821873545331
ALT MAP BOUNDS 5.036200993144891 6.8348442049823515 44.309575523615855 46.10821873545331
Initialization DONE
*******************************************************************************************************************************
STARTING calculation for obs:
Observation at point (5.936935, 45.212343), azimuth 180.0, elevation 45.0. Observed point at altitude 90.0, position (5.936935000000001, 44.4196935987303)
73.0 bins to compute
  0%|          | 0/73.0 [00:00<?, ?it/s] 55%|█████▍    | 40/73.0 [00:00<00:00, 357.11it/s] 70%|██████▉   | 51/73.0 [00:00<00:00, 77.33it/s]  82%|████████▏ | 60/73.0 [00:02<00:01, 12.71it/s] 89%|████████▉ | 65/73.0 [00:20<00:00, 12.71it/s] 90%|█████████ | 66/73.0 [00:40<00:13,  1.95s/it] 92%|█████████▏| 67/73.0 [00:58<00:41,  6.91s/it] 93%|█████████▎| 68/73.0 [01:07<00:36,  7.31s/it] 95%|█████████▍| 69/73.0 [01:11<00:25,  6.29s/it] 96%|█████████▌| 70/73.0 [01:13<00:15,  5.10s/it] 97%|█████████▋| 71/73.0 [01:14<00:08,  4.01s/it] 99%|█████████▊| 72/73.0 [01:15<00:03,  3.12s/it]100%|██████████| 73/73.0 [01:16<00:00,  2.40s/it]100%|██████████| 73/73.0 [01:16<00:00,  1.05s/it]
Computing DONE
opt_depth, direct:
0.5566973416535387 0
Making and NOT saving plots...
ALL TIME SINCE START: 77.17711400985718
