Correct input file in use: systemic/systemic_azimuts180_elevations45_point_src_dist5_point_src_az180_resolution_along_los8.03265306122449_RS_min_altitude0_RS_max_altitude100_wavelength391.4_emission_altitude90_max_angle_discretization1
Loading the sky emission cube...
Has_sky_emission: True
Has_ground_emission: False
lagorge 0.10361906322688955 0.7891042478910105
ALT MAP BOUNDS 5.037613394081269 6.836256605918731 44.31302139408126 46.111664605918726
0.01569612305760477
ALT MAP BOUNDS 5.036200993144891 6.8348442049823515 44.309575523615855 46.10821873545331
ALT MAP BOUNDS 5.036200993144891 6.8348442049823515 44.309575523615855 46.10821873545331
Initialization DONE
*******************************************************************************************************************************
STARTING calculation for obs:
Observation at point (5.936935, 45.212343), azimuth 180.0, elevation 45.0. Observed point at altitude 90.0, position (5.936935000000001, 44.4196935987303)
17.0 bins to compute
  0%|          | 0/17.0 [00:00<?, ?it/s] 59%|█████▉    | 10/17.0 [00:00<00:00, 90.97it/s] 76%|███████▋  | 13/17.0 [00:00<00:00, 19.64it/s] 94%|█████████▍| 16/17.0 [00:16<00:01,  1.59s/it]100%|██████████| 17/17.0 [00:23<00:00,  3.28s/it]100%|██████████| 17/17.0 [00:23<00:00,  1.37s/it]
Computing DONE
opt_depth, direct:
0.5566973416535387 0
Making and NOT saving plots...
ALL TIME SINCE START: 23.804580211639404
