Correct input file in use: systemic/systemic_azimutsall_elevations45_RS_max_altitude0_wavelength557.7_ground_modepoint_I100_a180_d5.in
All input parameter from the input file:
src_path: /home/bossel/These/Analysis/src/rayleigh/
saving_graphs: 0
save_path: /home/bossel/These/Documentation/Mes_articles/auroral_pola/sky_only/
save_name: 20190307_m_sky_only_aero_1low_albedo
flux_unit: W
use_analytic: false
azimuts: all
elevations: 45
location: lagorge
start_datetime: 20190116-02:44:00
end_datetime: 20190116-04:00:00
instrument_opening_angle: 1
instrument_area: 20
wavelength: 557.7
cst_Flux: 0
cst_DoLP: 0
cst_AoLP: 0
add_starlight: 0
add_B_pola: 0
RS_min_altitude: 0
RS_max_altitude: 0
Nb_points_along_los: 100
max_angle_discretization: 0
Atmospheric_profile: atm_profiles/mlw.atm
use_ozone: 1
use_aerosol: 0
aer_complexity: 0
aer_model: maritime
aer_name: maritime_test
aer_nr: 1.6
aer_ni: -0.010
aer_rn0: 1
aer_rmg: 0.001
aer_ln_sigma: 0.657
aer_r_min: 0.001
aer_r_max: 50
total_OD: 1.075
aer_Hn: 0.440
aer_n0: 300
aer_nBK: 30
aer_ext_profile_name: mar
aer_single_scatter_albedo: 0.9
aer_phase_fct_asym_g: 0.7
sky_mode: none
direct_mode: add
emission_altitude: 110
Nb_emission_points: 1000
Nb_emission_maps: 1
sky_path: /home/bossel/These/Analysis/data/allsky_camera/tid.uio.no/plasma/aurora/
sky_file: skn4/5577/2019/20190308/ut01/skn4_20190308_012908_5577_cal.png
sky_wavelength: 557.7
use_alt_map: 0
alt_map_path: /home/bossel/These/Analysis/data/elevation/
alt_map_radius: 100
alt_map_N_bins_max: 0
alt_map_resolution: 0.5
ground_mode: point_I100_a180_d5
shader_mode: none
ground_emission_radius: 100
ground_N_bins_max: 1000
ground_albedo: altitude_0.2_0.2_0.5_0.5_0.8
ground_path: /home/bossel/These/Analysis/data/Night_pollution/
ground_file: nighttime_light_files/SVDNB_npp_20160101-20161231_75N060W_vcm-orm-ntl_v10_c201807311200.avg_rade9.tif
show_ground_albedo: 0
show_sky_cube: 0
show_cross_section: 0
show_atmosphere: 0
Using simple WMO aerosol profile: mar
DEBUG AEROSOL Optical Depth (0-120km) 0
DEBUG AEROSOL Optical Depth (0-120km) 0
DEBUG ATMOSPHERE TOTAL OD (0-120km): 0.13277515692702085
Has_sky_emission: False
Has_ground_emission: True
ALT MAP RESOLUTION lon, lat 0.5 0.7097420132045459 0.49999999999999994
Initialization DONE
*******************************************************************************************************************************
STARTING calculation for GROUND map 1/36:
Traceback (most recent call last):
  File "./systematic.py", line 493, in <module>
    RunSystematicSimulation()
  File "./systematic.py", line 475, in RunSystematicSimulation
    RunSimulation(file_name, show = False, output_result_file = output_result_file, header = not bool(count))
  File "/home/bossel/These/Analysis/src/rayleigh/main.py", line 55, in RunSimulation
    simu.ComputeAllMaps()
  File "/home/bossel/These/Analysis/src/rayleigh/simulation.py", line 162, in ComputeAllMaps
    self.SingleComputation()
  File "/home/bossel/These/Analysis/src/rayleigh/simulation.py", line 191, in SingleComputation
    self.ComputeMaps()
  File "/home/bossel/These/Analysis/src/rayleigh/simulation.py", line 197, in ComputeMaps
    self.world.SetObservation(self.a_pc, self.e_pc)
  File "/home/bossel/These/Analysis/src/rayleigh/world.py", line 324, in SetObservation
    self.atmosphere.SetObservation(self.obs, self.ouv_pc)
  File "/home/bossel/These/Analysis/src/rayleigh/atmosphere.py", line 188, in SetObservation
    raise Exception("Maximum atmospheric height < instrument altitude. The geometry can not handle it.")
Exception: Maximum atmospheric height < instrument altitude. The geometry can not handle it.
