Correct input file in use: systemic/systemic_azimuts180_elevations45_point_src_dist5_point_src_az180_resolution_along_los3.1510204081632653_RS_min_altitude0_RS_max_altitude100_wavelength391.4_emission_altitude90_max_angle_discretization1
Loading the sky emission cube...
Has_sky_emission: True
Has_ground_emission: False
lagorge 0.10361906322688955 0.7891042478910105
ALT MAP BOUNDS 5.037613394081269 6.836256605918731 44.31302139408126 46.111664605918726
0.01569612305760477
ALT MAP BOUNDS 5.036200993144891 6.8348442049823515 44.309575523615855 46.10821873545331
ALT MAP BOUNDS 5.036200993144891 6.8348442049823515 44.309575523615855 46.10821873545331
Initialization DONE
*******************************************************************************************************************************
STARTING calculation for obs:
Observation at point (5.936935, 45.212343), azimuth 180.0, elevation 45.0. Observed point at altitude 90.0, position (5.936935000000001, 44.4196935987303)
44.0 bins to compute
  0%|          | 0/44.0 [00:00<?, ?it/s] 59%|█████▉    | 26/44.0 [00:00<00:00, 209.88it/s] 75%|███████▌  | 33/44.0 [00:00<00:00, 40.37it/s]  86%|████████▋ | 38/44.0 [00:03<00:01,  4.73it/s] 91%|█████████ | 40/44.0 [00:20<00:00,  4.73it/s] 93%|█████████▎| 41/44.0 [00:43<00:12,  4.12s/it] 95%|█████████▌| 42/44.0 [00:51<00:10,  5.27s/it] 98%|█████████▊| 43/44.0 [00:54<00:04,  4.60s/it]100%|██████████| 44/44.0 [00:56<00:00,  3.72s/it]100%|██████████| 44/44.0 [00:56<00:00,  1.28s/it]
Computing DONE
opt_depth, direct:
0.5566973416535387 0
Making and NOT saving plots...
ALL TIME SINCE START: 56.79805254936218
