Correct input file in use: systemic/systemic_azimuts180_elevations45_point_src_dist5_point_src_az180_resolution_along_los2.8181818181818183_RS_min_altitude0_RS_max_altitude100_wavelength391.4_emission_altitude90_max_angle_discretization1
Loading the sky emission cube...
Has_sky_emission: True
Has_ground_emission: False
lagorge 0.10361906322688955 0.7891042478910105
ALT MAP BOUNDS 5.037613394081269 6.836256605918731 44.31302139408126 46.111664605918726
0.01569612305760477
ALT MAP BOUNDS 5.036200993144891 6.8348442049823515 44.309575523615855 46.10821873545331
ALT MAP BOUNDS 5.036200993144891 6.8348442049823515 44.309575523615855 46.10821873545331
Initialization DONE
*******************************************************************************************************************************
STARTING calculation for obs:
Observation at point (5.936935, 45.212343), azimuth 180.0, elevation 45.0. Observed point at altitude 90.0, position (5.936935000000001, 44.4196935987303)
50.0 bins to compute
  0%|          | 0/50.0 [00:00<?, ?it/s] 56%|█████▌    | 28/50.0 [00:00<00:00, 254.49it/s] 72%|███████▏  | 36/50.0 [00:00<00:00, 50.29it/s]  84%|████████▍ | 42/50.0 [00:03<00:01,  6.37it/s] 88%|████████▊ | 44/50.0 [00:20<00:00,  6.37it/s] 90%|█████████ | 45/50.0 [00:24<00:11,  2.22s/it] 92%|█████████▏| 46/50.0 [00:46<00:32,  8.03s/it] 94%|█████████▍| 47/50.0 [00:53<00:23,  7.78s/it] 96%|█████████▌| 48/50.0 [00:56<00:12,  6.39s/it] 98%|█████████▊| 49/50.0 [00:58<00:05,  5.00s/it]100%|██████████| 50/50.0 [00:59<00:00,  3.82s/it]100%|██████████| 50/50.0 [00:59<00:00,  1.19s/it]
Computing DONE
opt_depth, direct:
0.5566973416535387 0
Making and NOT saving plots...
ALL TIME SINCE START: 59.847949743270874
