Correct input file in use: systemic/systemic_azimutsall_elevations55
All input parameter from the input file:
path: /home/bossel/These/Analysis/data/Night_pollution/
src_path: /home/bossel/These/Analysis/src/rayleigh/
saving_graphs: 0
save_path: /home/bossel/These/Documentation/Mes_articles/auroral_pola/sky_only/
save_name: 20190307_m_sky_only_aero_1low_albedo
flux_unit: W
use_analytic: false
azimuts: all
elevations: 55
location: skibotn
start_datetime: 20190116-02:44:00
end_datetime: 20190116-04:00:00
instrument_opening_angle: 1
instrument_area: 20
wavelength: 557.7
cst_Flux: 0
cst_DoLP: 0
cst_AoLP: 0
add_starlight: 0
add_B_pola: 0
RS_min_altitude: 0
RS_max_altitude: 100
Nb_points_along_los: 100
resolution_along_los: 0.5
max_angle_discretization: 0
Atmospheric_profile: atm_profiles/win.atm
use_ozone: 1
use_aerosol: 1
aer_complexity: 1
aer_model: maritime
aer_name: maritime_test
aer_nr: 1.6
aer_ni: -0.010
aer_rn0: 1
aer_rmg: 0.001
aer_ln_sigma: 0.657
aer_r_min: 0.001
aer_r_max: 50
aer_Hn: 0.440
aer_n0: 300
aer_nBK: 30
aer_ext_profile_name: mar
aer_single_scatter_albedo: 0.9
aer_phase_fct_asym_g: 0.7
sky_mode: image
direct_mode: only
emission_altitude: 110
Nb_emission_points: 1000
Nb_emission_maps: 1
I_zone_a_min: 0
I_zone_a_max: 360
I_zone_e_min: 0
I_zone_e_max: 90
sky_path: /home/bossel/These/Analysis/data/allsky_camera/tid.uio.no/plasma/aurora/
sky_file: skn4/5577/2019/20190308/ut01/skn4_20190308_012908_5577_cal.png
sky_wavelength: 557.7
use_alt_map: 1
alt_map_path: /home/bossel/These/Analysis/data/elevation/
alt_map_radius: 100
alt_map_N_bins_max: 0
alt_map_resolution: 0.5
ground_mode: none
shader_mode: none
ground_emission_radius: 100
ground_N_bins_max: 1000
ground_albedo: altitude_0.2_0.2_0.5_0.5_0.8
ground_path: /home/bossel/These/Analysis/data/Night_pollution/
ground_file: nighttime_light_files/SVDNB_npp_20160101-20161231_75N060W_vcm-orm-ntl_v10_c201807311200.avg_rade9.tif
Aerosol Model: maritime
Running aerosol optical properties. May take 10sec...
Loading the sky emission cube...
Importing all sky image data from: /home/bossel/These/Analysis/data/allsky_camera/tid.uio.no/plasma/aurora/skn4/5577/2019/20190308/ut01/skn4_20190308_012908_5577_cal.png
Sky cube loaded!
Has_sky_emission: True
Has_ground_emission: False
ALT MAP RESOLUTION lon, lat 0.5 1.417681295118693 0.49999999999999994
WARNING: Elevation tile not found: /home/bossel/These/Analysis/data/elevation/N070E015_N075E020/ALPSMLC30_N070E017_DSM.tif
WARNING: Elevation tile not found: /home/bossel/These/Analysis/data/elevation/N070E015_N075E020/ALPSMLC30_N070E018_DSM.tif
WARNING: Elevation tile not found: /home/bossel/These/Analysis/data/elevation/N070E015_N075E020/ALPSMLC30_N070E019_DSM.tif
Initialization DONE
*******************************************************************************************************************************
Starting calculation for SKY map 1/36:
Observation at point (20.363641, 69.348151), azimuth 0.0, elevation 55.0. Observed point at altitude 110.0, position (20.363641, 70.02628200397322)
Starting time:  11:33:28
Computing DONE in:  0:00:00.000037
*******************************************************************************************************************************
Starting calculation for SKY map 2/36:
Observation at point (20.363641, 69.348151), azimuth 10.0, elevation 55.0. Observed point at altitude 110.0, position (20.708189717425586, 70.01564787216864)
Starting time:  11:33:28
Computing DONE in:  0:00:00.000018
*******************************************************************************************************************************
Starting calculation for SKY map 3/36:
Observation at point (20.363641, 69.348151), azimuth 20.0, elevation 55.0. Observed point at altitude 110.0, position (21.04125537932245, 69.984100528875)
Starting time:  11:33:28
Computing DONE in:  0:00:00.000019
*******************************************************************************************************************************
Starting calculation for SKY map 4/36:
Observation at point (20.363641, 69.348151), azimuth 29.999999999999996, elevation 55.0. Observed point at altitude 110.0, position (21.35183930277126, 69.93269001002433)
Starting time:  11:33:28
Computing DONE in:  0:00:00.000023
*******************************************************************************************************************************
Starting calculation for SKY map 5/36:
Observation at point (20.363641, 69.348151), azimuth 40.0, elevation 55.0. Observed point at altitude 110.0, position (21.629876594929996, 69.86311710027022)
Starting time:  11:33:28
Computing DONE in:  0:00:00.000019
*******************************************************************************************************************************
Starting calculation for SKY map 6/36:
Observation at point (20.363641, 69.348151), azimuth 50.0, elevation 55.0. Observed point at altitude 110.0, position (21.866620401437274, 69.7776632003951)
Starting time:  11:33:28
Computing DONE in:  0:00:00.000020
*******************************************************************************************************************************
Starting calculation for SKY map 7/36:
Observation at point (20.363641, 69.348151), azimuth 59.99999999999999, elevation 55.0. Observed point at altitude 110.0, position (22.05493923017346, 69.67909915831365)
Starting time:  11:33:28
Computing DONE in:  0:00:00.000019
*******************************************************************************************************************************
Starting calculation for SKY map 8/36:
Observation at point (20.363641, 69.348151), azimuth 70.0, elevation 55.0. Observed point at altitude 110.0, position (22.18951603642341, 69.57057893562175)
Starting time:  11:33:28
Computing DONE in:  0:00:00.000019
*******************************************************************************************************************************
Starting calculation for SKY map 9/36:
Observation at point (20.363641, 69.348151), azimuth 80.0, elevation 55.0. Observed point at altitude 110.0, position (22.26694823662831, 69.45552430383101)
Starting time:  11:33:28
Computing DONE in:  0:00:00.000020
*******************************************************************************************************************************
Starting calculation for SKY map 10/36:
Observation at point (20.363641, 69.348151), azimuth 90.0, elevation 55.0. Observed point at altitude 110.0, position (22.285756679846287, 69.33750646641366)
Starting time:  11:33:28
Computing DONE in:  0:00:00.000018
*******************************************************************************************************************************
Starting calculation for SKY map 11/36:
Observation at point (20.363641, 69.348151), azimuth 100.0, elevation 55.0. Observed point at altitude 110.0, position (22.246317804285958, 69.22012974104676)
Starting time:  11:33:28
Computing DONE in:  0:00:00.000017
*******************************************************************************************************************************
Starting calculation for SKY map 12/36:
Observation at point (20.363641, 69.348151), azimuth 110.0, elevation 55.0. Observed point at altitude 110.0, position (22.150736405580172, 69.10692140617357)
Starting time:  11:33:28
Computing DONE in:  0:00:00.000018
*******************************************************************************************************************************
Starting calculation for SKY map 13/36:
Observation at point (20.363641, 69.348151), azimuth 119.99999999999999, elevation 55.0. Observed point at altitude 110.0, position (22.00267690856643, 69.00123070517516)
Starting time:  11:33:28
Computing DONE in:  0:00:00.000020
*******************************************************************************************************************************
Starting calculation for SKY map 14/36:
Observation at point (20.363641, 69.348151), azimuth 130.0, elevation 55.0. Observed point at altitude 110.0, position (21.80716940656817, 68.9061389593587)
Starting time:  11:33:28
Computing DONE in:  0:00:00.000018
*******************************************************************************************************************************
Starting calculation for SKY map 15/36:
Observation at point (20.363641, 69.348151), azimuth 140.0, elevation 55.0. Observed point at altitude 110.0, position (21.570403789807923, 68.82438186454272)
Starting time:  11:33:28
Computing DONE in:  0:00:00.000019
*******************************************************************************************************************************
Starting calculation for SKY map 16/36:
Observation at point (20.363641, 69.348151), azimuth 150.0, elevation 55.0. Observed point at altitude 110.0, position (21.299521755638036, 68.75828438112863)
Starting time:  11:33:28
Computing DONE in:  0:00:00.000017
*******************************************************************************************************************************
Starting calculation for SKY map 17/36:
Observation at point (20.363641, 69.348151), azimuth 160.0, elevation 55.0. Observed point at altitude 110.0, position (21.002412948280856, 68.70970817952865)
Starting time:  11:33:28
Computing DONE in:  0:00:00.000020
*******************************************************************************************************************************
Starting calculation for SKY map 18/36:
Observation at point (20.363641, 69.348151), azimuth 170.0, elevation 55.0. Observed point at altitude 110.0, position (20.687518295137863, 68.68001135029877)
Starting time:  11:33:28
Computing DONE in:  0:00:00.000018
*******************************************************************************************************************************
Starting calculation for SKY map 19/36:
Observation at point (20.363641, 69.348151), azimuth 180.0, elevation 55.0. Observed point at altitude 110.0, position (20.363641, 68.67001999602677)
Starting time:  11:33:28
Computing DONE in:  0:00:00.000018
*******************************************************************************************************************************
Starting calculation for SKY map 20/36:
Observation at point (20.363641, 69.348151), azimuth 190.0, elevation 55.0. Observed point at altitude 110.0, position (20.039763704862136, 68.68001135029877)
Starting time:  11:33:28
Computing DONE in:  0:00:00.000016
*******************************************************************************************************************************
Starting calculation for SKY map 21/36:
Observation at point (20.363641, 69.348151), azimuth 200.0, elevation 55.0. Observed point at altitude 110.0, position (19.72486905171914, 68.70970817952865)
Starting time:  11:33:28
Computing DONE in:  0:00:00.000018
*******************************************************************************************************************************
Starting calculation for SKY map 22/36:
Observation at point (20.363641, 69.348151), azimuth 210.00000000000003, elevation 55.0. Observed point at altitude 110.0, position (19.42776024436196, 68.75828438112863)
Starting time:  11:33:28
Computing DONE in:  0:00:00.000019
*******************************************************************************************************************************
Starting calculation for SKY map 23/36:
Observation at point (20.363641, 69.348151), azimuth 220.0, elevation 55.0. Observed point at altitude 110.0, position (19.15687821019208, 68.8243818645427)
Starting time:  11:33:28
Computing DONE in:  0:00:00.000017
*******************************************************************************************************************************
Starting calculation for SKY map 24/36:
Observation at point (20.363641, 69.348151), azimuth 230.0, elevation 55.0. Observed point at altitude 110.0, position (18.92011259343183, 68.9061389593587)
Starting time:  11:33:28
Computing DONE in:  0:00:00.000026
*******************************************************************************************************************************
Starting calculation for SKY map 25/36:
Observation at point (20.363641, 69.348151), azimuth 239.99999999999997, elevation 55.0. Observed point at altitude 110.0, position (18.724605091433574, 69.00123070517516)
Starting time:  11:33:28
Computing DONE in:  0:00:00.000038
*******************************************************************************************************************************
Starting calculation for SKY map 26/36:
Observation at point (20.363641, 69.348151), azimuth 250.00000000000003, elevation 55.0. Observed point at altitude 110.0, position (18.57654559441983, 69.10692140617357)
Starting time:  11:33:28
Computing DONE in:  0:00:00.000030
*******************************************************************************************************************************
Starting calculation for SKY map 27/36:
Observation at point (20.363641, 69.348151), azimuth 260.0, elevation 55.0. Observed point at altitude 110.0, position (18.48096419571404, 69.22012974104676)
Starting time:  11:33:28
Computing DONE in:  0:00:00.000020
*******************************************************************************************************************************
Starting calculation for SKY map 28/36:
Observation at point (20.363641, 69.348151), azimuth 270.0, elevation 55.0. Observed point at altitude 110.0, position (18.441525320153715, 69.33750646641366)
Starting time:  11:33:28
Computing DONE in:  0:00:00.000018
*******************************************************************************************************************************
Starting calculation for SKY map 29/36:
Observation at point (20.363641, 69.348151), azimuth 280.0, elevation 55.0. Observed point at altitude 110.0, position (18.46033376337169, 69.45552430383101)
Starting time:  11:33:28
Computing DONE in:  0:00:00.000026
*******************************************************************************************************************************
Starting calculation for SKY map 30/36:
Observation at point (20.363641, 69.348151), azimuth 290.0, elevation 55.0. Observed point at altitude 110.0, position (18.537765963576593, 69.57057893562175)
Starting time:  11:33:28
Computing DONE in:  0:00:00.000031
*******************************************************************************************************************************
Starting calculation for SKY map 31/36:
Observation at point (20.363641, 69.348151), azimuth 300.0, elevation 55.0. Observed point at altitude 110.0, position (18.672342769826543, 69.67909915831365)
Starting time:  11:33:28
Computing DONE in:  0:00:00.000017
*******************************************************************************************************************************
Starting calculation for SKY map 32/36:
Observation at point (20.363641, 69.348151), azimuth 310.0, elevation 55.0. Observed point at altitude 110.0, position (18.860661598562725, 69.77766320039511)
Starting time:  11:33:28
Computing DONE in:  0:00:00.000016
*******************************************************************************************************************************
Starting calculation for SKY map 33/36:
Observation at point (20.363641, 69.348151), azimuth 320.0, elevation 55.0. Observed point at altitude 110.0, position (19.09740540507, 69.86311710027022)
Starting time:  11:33:28
Computing DONE in:  0:00:00.000019
*******************************************************************************************************************************
Starting calculation for SKY map 34/36:
Observation at point (20.363641, 69.348151), azimuth 330.0, elevation 55.0. Observed point at altitude 110.0, position (19.375442697228735, 69.93269001002433)
Starting time:  11:33:28
Computing DONE in:  0:00:00.000016
*******************************************************************************************************************************
Starting calculation for SKY map 35/36:
Observation at point (20.363641, 69.348151), azimuth 340.0, elevation 55.0. Observed point at altitude 110.0, position (19.68602662067755, 69.984100528875)
Starting time:  11:33:28
Computing DONE in:  0:00:00.000018
*******************************************************************************************************************************
Starting calculation for SKY map 36/36:
Observation at point (20.363641, 69.348151), azimuth 350.0, elevation 55.0. Observed point at altitude 110.0, position (20.019092282574412, 70.01564787216864)
Starting time:  11:33:28
Computing DONE in:  0:00:00.000055
Stacking processor results...
opt_depth, direct:
0.15870770001293302 4.3992821598788596e-12
/usr/lib/python3/dist-packages/numpy/lib/histograms.py:908: RuntimeWarning: invalid value encountered in true_divide
  return n/db/n.sum(), bin_edges
opt_depth, direct:
0.15870770001293302 4.402746796838016e-12
opt_depth, direct:
0.15870770001293302 4.310597740226473e-12
opt_depth, direct:
0.15870770001293302 4.398625076292423e-12
opt_depth, direct:
0.15870770001293302 4.478124501600194e-12
opt_depth, direct:
0.15870770001293302 4.292584854380522e-12
opt_depth, direct:
0.15870770001293302 3.961184566041142e-12
opt_depth, direct:
0.15870770001293302 3.6378108854031367e-12
opt_depth, direct:
0.15870770001293302 3.1512768255829835e-12
opt_depth, direct:
0.15870770001293302 2.8257330112316947e-12
opt_depth, direct:
0.15870770001293302 2.254946970068608e-12
opt_depth, direct:
0.15870770001293302 1.9837006868155518e-12
opt_depth, direct:
0.15870770001293302 1.5736628938221293e-12
opt_depth, direct:
0.15870770001293302 1.2919535787285503e-12
opt_depth, direct:
0.15870770001293302 1.0896327117043807e-12
opt_depth, direct:
0.15870770001293302 9.323965284257259e-13
opt_depth, direct:
0.15870770001293302 8.592323429573687e-13
opt_depth, direct:
0.15870770001293302 7.768263326745978e-13
opt_depth, direct:
0.15870770001293302 7.967024852807965e-13
opt_depth, direct:
0.15870770001293302 8.423124800492156e-13
opt_depth, direct:
0.15870770001293302 7.827296204772027e-13
opt_depth, direct:
0.15870770001293302 8.696112907732364e-13
opt_depth, direct:
0.15870770001293302 8.761488455497545e-13
opt_depth, direct:
0.15870770001293302 7.873439256782477e-13
opt_depth, direct:
0.15870770001293302 7.939947995067213e-13
opt_depth, direct:
0.15870770001293302 8.761568370533626e-13
opt_depth, direct:
0.15870770001293302 9.853031531575676e-13
opt_depth, direct:
0.15870770001293302 1.207329531027936e-12
opt_depth, direct:
0.15870770001293302 1.3191934733253988e-12
opt_depth, direct:
0.15870770001293302 1.8044022915641595e-12
opt_depth, direct:
0.15870770001293302 1.97489824445454e-12
opt_depth, direct:
0.15870770001293302 2.9221530284856847e-12
opt_depth, direct:
0.15870770001293302 3.0458734510070562e-12
opt_depth, direct:
0.15870770001293302 3.3650830406459215e-12
opt_depth, direct:
0.15870770001293302 3.820110339399295e-12
opt_depth, direct:
0.15870770001293302 4.253660430522612e-12
Print results in log/20190307_v_rot_elevation_test.csv
Simulation ran in: 0:00:28.061043
