Correct input file in use: systemic/systemic_azimuts180_elevations45_point_src_dist5_point_src_az180_resolution_along_los0.1_RS_min_altitude0_RS_max_altitude87_wavelength391.4_emission_altitude90_max_angle_discretization1
Loading the sky emission cube...
Has_sky_emission: True
Has_ground_emission: False
lagorge 0.10361906322688955 0.7891042478910105
ALT MAP BOUNDS 5.037613394081269 6.836256605918731 44.31302139408126 46.111664605918726
0.01569612305760477
ALT MAP BOUNDS 5.036200993144891 6.8348442049823515 44.309575523615855 46.10821873545331
ALT MAP BOUNDS 5.036200993144891 6.8348442049823515 44.309575523615855 46.10821873545331
Initialization DONE
*******************************************************************************************************************************
STARTING calculation for obs:
Observation at point (5.936935, 45.212343), azimuth 180.0, elevation 45.0. Observed point at altitude 90.0, position (5.936935000000001, 44.4196935987303)
1230.0 bins to compute
  0%|          | 0/1230.0 [00:00<?, ?it/s] 28%|██▊       | 346/1230.0 [00:00<00:00, 3451.01it/s] 47%|████▋     | 582/1230.0 [00:00<00:00, 3027.77it/s] 65%|██████▍   | 796/1230.0 [00:00<00:00, 2686.25it/s] 78%|███████▊  | 960/1230.0 [00:00<00:00, 1055.65it/s] 88%|████████▊ | 1088/1230.0 [00:02<00:00, 206.30it/s] 96%|█████████▌| 1180/1230.0 [00:08<00:01, 44.14it/s]  99%|█████████▉| 1223/1230.0 [00:20<00:00, 44.14it/s]100%|█████████▉| 1224/1230.0 [00:20<00:00, 10.15it/s]100%|█████████▉| 1225/1230.0 [00:20<00:01,  4.62it/s]100%|█████████▉| 1226/1230.0 [00:21<00:01,  3.27it/s]100%|█████████▉| 1227/1230.0 [00:22<00:01,  2.59it/s]100%|█████████▉| 1228/1230.0 [00:22<00:00,  2.13it/s]100%|█████████▉| 1229/1230.0 [00:23<00:00,  1.86it/s]100%|██████████| 1230/1230.0 [00:24<00:00,  1.79it/s]100%|██████████| 1230/1230.0 [00:24<00:00, 51.16it/s]
Computing DONE
opt_depth, direct:
0.5566973416535387 0
/home/bossel/These/Analysis/src/rayleigh/world.py:529: RuntimeWarning: More than 20 figures have been opened. Figures created through the pyplot interface (`matplotlib.pyplot.figure`) are retained until explicitly closed and may consume too much memory. (To control this warning, see the rcParam `figure.max_open_warning`).
  f3, ax = plt.subplots(1, figsize=(16, 8))
Making and NOT saving plots...
/home/bossel/These/Analysis/src/rayleigh/simulation.py:281: RuntimeWarning: More than 20 figures have been opened. Figures created through the pyplot interface (`matplotlib.pyplot.figure`) are retained until explicitly closed and may consume too much memory. (To control this warning, see the rcParam `figure.max_open_warning`).
  f1, (ax1, ax2, ax3, ax4) = plt.subplots(4, sharex = True, sharey = True, figsize=(16, 8))
/home/bossel/These/Analysis/src/rayleigh/simulation.py:362: RuntimeWarning: More than 20 figures have been opened. Figures created through the pyplot interface (`matplotlib.pyplot.figure`) are retained until explicitly closed and may consume too much memory. (To control this warning, see the rcParam `figure.max_open_warning`).
  f4, (ax1) = plt.subplots(1, sharex=True, figsize=(16, 8))
ALL TIME SINCE START: 24.643079042434692
