Correct input file in use: systemic/systemic_azimutsall_elevations40
All input parameter from the input file:
path: /home/bossel/These/Analysis/data/Night_pollution/
src_path: /home/bossel/These/Analysis/src/rayleigh/
saving_graphs: 0
save_path: /home/bossel/These/Documentation/Mes_articles/auroral_pola/sky_only/
save_name: 20190307_m_sky_only_aero_1low_albedo
flux_unit: W
use_analytic: false
azimuts: all
elevations: 40
location: skibotn
start_datetime: 20190116-02:44:00
end_datetime: 20190116-04:00:00
instrument_opening_angle: 1
instrument_area: 20
wavelength: 557.7
cst_Flux: 0
cst_DoLP: 0
cst_AoLP: 0
add_starlight: 0
add_B_pola: 0
RS_min_altitude: 0
RS_max_altitude: 100
Nb_points_along_los: 100
resolution_along_los: 0.5
max_angle_discretization: 0
Atmospheric_profile: atm_profiles/win.atm
use_ozone: 1
use_aerosol: 1
aer_complexity: 1
aer_model: maritime
aer_name: maritime_test
aer_nr: 1.6
aer_ni: -0.010
aer_rn0: 1
aer_rmg: 0.001
aer_ln_sigma: 0.657
aer_r_min: 0.001
aer_r_max: 50
aer_Hn: 0.440
aer_n0: 300
aer_nBK: 30
aer_ext_profile_name: mar
aer_single_scatter_albedo: 0.9
aer_phase_fct_asym_g: 0.7
sky_mode: image
direct_mode: only
emission_altitude: 110
Nb_emission_points: 1000
Nb_emission_maps: 1
I_zone_a_min: 0
I_zone_a_max: 360
I_zone_e_min: 0
I_zone_e_max: 90
sky_path: /home/bossel/These/Analysis/data/allsky_camera/tid.uio.no/plasma/aurora/
sky_file: skn4/5577/2019/20190308/ut01/skn4_20190308_012908_5577_cal.png
sky_wavelength: 557.7
use_alt_map: 1
alt_map_path: /home/bossel/These/Analysis/data/elevation/
alt_map_radius: 100
alt_map_N_bins_max: 0
alt_map_resolution: 0.5
ground_mode: none
shader_mode: none
ground_emission_radius: 100
ground_N_bins_max: 1000
ground_albedo: altitude_0.2_0.2_0.5_0.5_0.8
ground_path: /home/bossel/These/Analysis/data/Night_pollution/
ground_file: nighttime_light_files/SVDNB_npp_20160101-20161231_75N060W_vcm-orm-ntl_v10_c201807311200.avg_rade9.tif
Aerosol Model: maritime
Running aerosol optical properties. May take 10sec...
Loading the sky emission cube...
Importing all sky image data from: /home/bossel/These/Analysis/data/allsky_camera/tid.uio.no/plasma/aurora/skn4/5577/2019/20190308/ut01/skn4_20190308_012908_5577_cal.png
Sky cube loaded!
Has_sky_emission: True
Has_ground_emission: False
ALT MAP RESOLUTION lon, lat 0.5 1.417681295118693 0.49999999999999994
WARNING: Elevation tile not found: /home/bossel/These/Analysis/data/elevation/N070E015_N075E020/ALPSMLC30_N070E017_DSM.tif
WARNING: Elevation tile not found: /home/bossel/These/Analysis/data/elevation/N070E015_N075E020/ALPSMLC30_N070E018_DSM.tif
WARNING: Elevation tile not found: /home/bossel/These/Analysis/data/elevation/N070E015_N075E020/ALPSMLC30_N070E019_DSM.tif
Initialization DONE
*******************************************************************************************************************************
Starting calculation for SKY map 1/36:
Observation at point (20.363641, 69.348151), azimuth 0.0, elevation 40.0. Observed point at altitude 110.0, position (20.363641, 70.493519176508)
Starting time:  11:32:32
Computing DONE in:  0:00:00.000037
*******************************************************************************************************************************
Starting calculation for SKY map 2/36:
Observation at point (20.363641, 69.348151), azimuth 10.0, elevation 40.0. Observed point at altitude 110.0, position (20.958710120087385, 70.47514959915503)
Starting time:  11:32:32
Computing DONE in:  0:00:00.000019
*******************************************************************************************************************************
Starting calculation for SKY map 3/36:
Observation at point (20.363641, 69.348151), azimuth 20.0, elevation 40.0. Observed point at altitude 110.0, position (21.532626137760147, 70.42069664030137)
Starting time:  11:32:32
Computing DONE in:  0:00:00.000017
*******************************************************************************************************************************
Starting calculation for SKY map 4/36:
Observation at point (20.363641, 69.348151), azimuth 29.999999999999996, elevation 40.0. Observed point at altitude 110.0, position (22.065319079745876, 70.33209333706093)
Starting time:  11:32:32
Computing DONE in:  0:00:00.000017
*******************************************************************************************************************************
Starting calculation for SKY map 5/36:
Observation at point (20.363641, 69.348151), azimuth 40.0, elevation 40.0. Observed point at altitude 110.0, position (22.53877699953059, 70.21245075550995)
Starting time:  11:32:32
Computing DONE in:  0:00:00.000021
*******************************************************************************************************************************
Starting calculation for SKY map 6/36:
Observation at point (20.363641, 69.348151), azimuth 50.0, elevation 40.0. Observed point at altitude 110.0, position (22.937824654141757, 70.06590391360008)
Starting time:  11:32:32
Computing DONE in:  0:00:00.000018
*******************************************************************************************************************************
Starting calculation for SKY map 7/36:
Observation at point (20.363641, 69.348151), azimuth 59.99999999999999, elevation 40.0. Observed point at altitude 110.0, position (23.250652549167608, 69.8974175171351)
Starting time:  11:32:32
Computing DONE in:  0:00:00.000041
*******************************************************************************************************************************
Starting calculation for SKY map 8/36:
Observation at point (20.363641, 69.348151), azimuth 70.0, elevation 40.0. Observed point at altitude 110.0, position (23.46908247265042, 69.71256811701575)
Starting time:  11:32:32
Computing DONE in:  0:00:00.000021
*******************************************************************************************************************************
Starting calculation for SKY map 9/36:
Observation at point (20.363641, 69.348151), azimuth 80.0, elevation 40.0. Observed point at altitude 110.0, position (23.588590802539496, 69.51731871621227)
Starting time:  11:32:32
Computing DONE in:  0:00:00.000017
*******************************************************************************************************************************
Starting calculation for SKY map 10/36:
Observation at point (20.363641, 69.348151), azimuth 90.0, elevation 40.0. Observed point at altitude 110.0, position (23.60813532220716, 69.31779935615478)
Starting time:  11:32:32
Computing DONE in:  0:00:00.000018
*******************************************************************************************************************************
Starting calculation for SKY map 11/36:
Observation at point (20.363641, 69.348151), azimuth 100.0, elevation 40.0. Observed point at altitude 110.0, position (23.529842826137845, 69.12010367154672)
Starting time:  11:32:32
Computing DONE in:  0:00:00.000016
*******************************************************************************************************************************
Starting calculation for SKY map 12/36:
Observation at point (20.363641, 69.348151), azimuth 110.0, elevation 40.0. Observed point at altitude 110.0, position (23.35861485662994, 68.93010766702895)
Starting time:  11:32:32
Computing DONE in:  0:00:00.000016
*******************************************************************************************************************************
Starting calculation for SKY map 13/36:
Observation at point (20.363641, 69.348151), azimuth 119.99999999999999, elevation 40.0. Observed point at altitude 110.0, position (23.101700958872286, 68.75331366260413)
Starting time:  11:32:32
Computing DONE in:  0:00:00.000017
*******************************************************************************************************************************
Starting calculation for SKY map 14/36:
Observation at point (20.363641, 69.348151), azimuth 130.0, elevation 40.0. Observed point at altitude 110.0, position (22.76827680101854, 68.59471981415122)
Starting time:  11:32:32
Computing DONE in:  0:00:00.000029
*******************************************************************************************************************************
Starting calculation for SKY map 15/36:
Observation at point (20.363641, 69.348151), azimuth 140.0, elevation 40.0. Observed point at altitude 110.0, position (22.369051637120283, 68.45871392582218)
Starting time:  11:32:32
Computing DONE in:  0:00:00.000019
*******************************************************************************************************************************
Starting calculation for SKY map 16/36:
Observation at point (20.363641, 69.348151), azimuth 150.0, elevation 40.0. Observed point at altitude 110.0, position (21.9159180183673, 68.34898934912566)
Starting time:  11:32:32
Computing DONE in:  0:00:00.000019
*******************************************************************************************************************************
Starting calculation for SKY map 17/36:
Observation at point (20.363641, 69.348151), azimuth 160.0, elevation 40.0. Observed point at altitude 110.0, position (21.421647398963493, 68.26848044398915)
Starting time:  11:32:32
Computing DONE in:  0:00:00.000018
*******************************************************************************************************************************
Starting calculation for SKY map 18/36:
Observation at point (20.363641, 69.348151), azimuth 170.0, elevation 40.0. Observed point at altitude 110.0, position (20.899628530196626, 68.2193151798285)
Starting time:  11:32:32
Computing DONE in:  0:00:00.000017
*******************************************************************************************************************************
Starting calculation for SKY map 19/36:
Observation at point (20.363641, 69.348151), azimuth 180.0, elevation 40.0. Observed point at altitude 110.0, position (20.363641, 68.202782823492)
Starting time:  11:32:32
Computing DONE in:  0:00:00.000016
*******************************************************************************************************************************
Starting calculation for SKY map 20/36:
Observation at point (20.363641, 69.348151), azimuth 190.0, elevation 40.0. Observed point at altitude 110.0, position (19.827653469803376, 68.2193151798285)
Starting time:  11:32:32
Computing DONE in:  0:00:00.000016
*******************************************************************************************************************************
Starting calculation for SKY map 21/36:
Observation at point (20.363641, 69.348151), azimuth 200.0, elevation 40.0. Observed point at altitude 110.0, position (19.305634601036505, 68.26848044398915)
Starting time:  11:32:32
Computing DONE in:  0:00:00.000018
*******************************************************************************************************************************
Starting calculation for SKY map 22/36:
Observation at point (20.363641, 69.348151), azimuth 210.00000000000003, elevation 40.0. Observed point at altitude 110.0, position (18.811363981632695, 68.34898934912566)
Starting time:  11:32:32
Computing DONE in:  0:00:00.000017
*******************************************************************************************************************************
Starting calculation for SKY map 23/36:
Observation at point (20.363641, 69.348151), azimuth 220.0, elevation 40.0. Observed point at altitude 110.0, position (18.35823036287972, 68.45871392582218)
Starting time:  11:32:32
Computing DONE in:  0:00:00.000018
*******************************************************************************************************************************
Starting calculation for SKY map 24/36:
Observation at point (20.363641, 69.348151), azimuth 230.0, elevation 40.0. Observed point at altitude 110.0, position (17.95900519898146, 68.59471981415122)
Starting time:  11:32:32
Computing DONE in:  0:00:00.000018
*******************************************************************************************************************************
Starting calculation for SKY map 25/36:
Observation at point (20.363641, 69.348151), azimuth 239.99999999999997, elevation 40.0. Observed point at altitude 110.0, position (17.62558104112772, 68.75331366260413)
Starting time:  11:32:32
Computing DONE in:  0:00:00.000018
*******************************************************************************************************************************
Starting calculation for SKY map 26/36:
Observation at point (20.363641, 69.348151), azimuth 250.00000000000003, elevation 40.0. Observed point at altitude 110.0, position (17.36866714337006, 68.93010766702895)
Starting time:  11:32:32
Computing DONE in:  0:00:00.000017
*******************************************************************************************************************************
Starting calculation for SKY map 27/36:
Observation at point (20.363641, 69.348151), azimuth 260.0, elevation 40.0. Observed point at altitude 110.0, position (17.19743917386215, 69.12010367154672)
Starting time:  11:32:32
Computing DONE in:  0:00:00.000016
*******************************************************************************************************************************
Starting calculation for SKY map 28/36:
Observation at point (20.363641, 69.348151), azimuth 270.0, elevation 40.0. Observed point at altitude 110.0, position (17.119146677792838, 69.31779935615477)
Starting time:  11:32:32
Computing DONE in:  0:00:00.000015
*******************************************************************************************************************************
Starting calculation for SKY map 29/36:
Observation at point (20.363641, 69.348151), azimuth 280.0, elevation 40.0. Observed point at altitude 110.0, position (17.138691197460506, 69.51731871621227)
Starting time:  11:32:32
Computing DONE in:  0:00:00.000017
*******************************************************************************************************************************
Starting calculation for SKY map 30/36:
Observation at point (20.363641, 69.348151), azimuth 290.0, elevation 40.0. Observed point at altitude 110.0, position (17.25819952734958, 69.71256811701573)
Starting time:  11:32:32
Computing DONE in:  0:00:00.000016
*******************************************************************************************************************************
Starting calculation for SKY map 31/36:
Observation at point (20.363641, 69.348151), azimuth 300.0, elevation 40.0. Observed point at altitude 110.0, position (17.47662945083239, 69.8974175171351)
Starting time:  11:32:32
Computing DONE in:  0:00:00.000016
*******************************************************************************************************************************
Starting calculation for SKY map 32/36:
Observation at point (20.363641, 69.348151), azimuth 310.0, elevation 40.0. Observed point at altitude 110.0, position (17.789457345858242, 70.06590391360008)
Starting time:  11:32:32
Computing DONE in:  0:00:00.000016
*******************************************************************************************************************************
Starting calculation for SKY map 33/36:
Observation at point (20.363641, 69.348151), azimuth 320.0, elevation 40.0. Observed point at altitude 110.0, position (18.188505000469405, 70.21245075550995)
Starting time:  11:32:32
Computing DONE in:  0:00:00.000033
*******************************************************************************************************************************
Starting calculation for SKY map 34/36:
Observation at point (20.363641, 69.348151), azimuth 330.0, elevation 40.0. Observed point at altitude 110.0, position (18.66196292025412, 70.33209333706093)
Starting time:  11:32:32
Computing DONE in:  0:00:00.000017
*******************************************************************************************************************************
Starting calculation for SKY map 35/36:
Observation at point (20.363641, 69.348151), azimuth 340.0, elevation 40.0. Observed point at altitude 110.0, position (19.194655862239856, 70.42069664030137)
Starting time:  11:32:32
Computing DONE in:  0:00:00.000032
*******************************************************************************************************************************
Starting calculation for SKY map 36/36:
Observation at point (20.363641, 69.348151), azimuth 350.0, elevation 40.0. Observed point at altitude 110.0, position (19.768571879912617, 70.47514959915503)
Starting time:  11:32:32
Computing DONE in:  0:00:00.000054
Stacking processor results...
opt_depth, direct:
0.20225302253943028 3.746878311875828e-12
/usr/lib/python3/dist-packages/numpy/lib/histograms.py:908: RuntimeWarning: invalid value encountered in true_divide
  return n/db/n.sum(), bin_edges
opt_depth, direct:
0.20225302253943028 3.4393962953920106e-12
opt_depth, direct:
0.20225302253943028 3.3921057320691806e-12
opt_depth, direct:
0.20225302253943028 3.3177036662429805e-12
opt_depth, direct:
0.20225302253943028 3.603687807143623e-12
opt_depth, direct:
0.20225302253943028 3.836684350736965e-12
opt_depth, direct:
0.20225302253943028 3.769549323865061e-12
opt_depth, direct:
0.20225302253943028 4.7895834565771375e-12
opt_depth, direct:
0.20225302253943028 4.756096119397729e-12
opt_depth, direct:
0.20225302253943028 4.536394282113587e-12
opt_depth, direct:
0.20225302253943028 3.289336530180183e-12
opt_depth, direct:
0.20225302253943028 2.430253833913175e-12
opt_depth, direct:
0.20225302253943028 1.7596810443192267e-12
opt_depth, direct:
0.20225302253943028 1.1927082751628814e-12
opt_depth, direct:
0.20225302253943028 9.398791695483914e-13
opt_depth, direct:
0.20225302253943028 7.856227240128164e-13
opt_depth, direct:
0.20225302253943028 8.932503065794995e-13
opt_depth, direct:
0.20225302253943028 8.163105846803689e-13
opt_depth, direct:
0.20225302253943028 6.51638070926253e-13
opt_depth, direct:
0.20225302253943028 5.76560720355115e-13
opt_depth, direct:
0.20225302253943028 5.161774752661184e-13
opt_depth, direct:
0.20225302253943028 5.394501320421103e-13
opt_depth, direct:
0.20225302253943028 5.420164445786979e-13
opt_depth, direct:
0.20225302253943028 6.070353066658953e-13
opt_depth, direct:
0.20225302253943028 6.136054027421216e-13
opt_depth, direct:
0.20225302253943028 6.899647691389829e-13
opt_depth, direct:
0.20225302253943028 8.218405236717084e-13
opt_depth, direct:
0.20225302253943028 9.504304139027984e-13
opt_depth, direct:
0.20225302253943028 1.2134006555956224e-12
opt_depth, direct:
0.20225302253943028 1.578798177477151e-12
opt_depth, direct:
0.20225302253943028 2.55289415729559e-12
opt_depth, direct:
0.20225302253943028 3.9656191833451915e-12
opt_depth, direct:
0.20225302253943028 4.821543703389267e-12
opt_depth, direct:
0.20225302253943028 4.7406410035816966e-12
opt_depth, direct:
0.20225302253943028 4.3987396139226065e-12
opt_depth, direct:
0.20225302253943028 4.05166105129786e-12
Print results in log/20190307_v_rot_elevation_test.csv
Simulation ran in: 0:00:27.680274
