Correct input file in use: systemic/systemic_azimuts180_elevations45_point_src_dist5_point_src_az180_resolution_along_los0.1_RS_min_altitude0_RS_max_altitude10_wavelength391.4_emission_altitude90_max_angle_discretization1
Loading the sky emission cube...
Has_sky_emission: True
Has_ground_emission: False
lagorge 0.10361906322688955 0.7891042478910105
ALT MAP BOUNDS 5.037613394081269 6.836256605918731 44.31302139408126 46.111664605918726
0.01569612305760477
ALT MAP BOUNDS 5.036200993144891 6.8348442049823515 44.309575523615855 46.10821873545331
Traceback (most recent call last):
  File "./systematic.py", line 336, in <module>
    RunSystematicSimulation()
  File "./systematic.py", line 324, in RunSystematicSimulation
    RunSimulation(file_name, show = False, output_result_file = "log/systematic_results.csv")
  File "/home/bossel/These/Analysis/src/rayleigh/main.py", line 40, in RunSimulation
    simu = Simulation(in_dict)
  File "/home/bossel/These/Analysis/src/rayleigh/simulation.py", line 34, in __init__
    self.world = World(in_dict)
  File "/home/bossel/These/Analysis/src/rayleigh/world.py", line 98, in __init__
    self.alt_map = ElevationMap(in_dict)
  File "/home/bossel/These/Analysis/src/rayleigh/ground_map.py", line 51, in __init__
    self.LoadMultipleTiles()
  File "/home/bossel/These/Analysis/src/rayleigh/ground_map.py", line 241, in LoadMultipleTiles
    tile, lon_min, lat_max = self.LoadSingleTile(tile_lon, tile_lat)
  File "/home/bossel/These/Analysis/src/rayleigh/ground_map.py", line 228, in LoadSingleTile
    tile = tile.GetRasterBand(1).ReadAsArray(LonToCol(lon_min), LatToRow(lat_max), nb_lon, nb_lat)
  File "/usr/lib/python3/dist-packages/osgeo/gdal.py", line 2537, in ReadAsArray
    return gdalnumeric.BandReadAsArray(self, xoff, yoff,
  File "/usr/lib/python3/dist-packages/osgeo/gdal_array.py", line 353, in BandReadAsArray
    if BandRasterIONumPy(band, 0, xoff, yoff, win_xsize, win_ysize,
  File "/usr/lib/python3/dist-packages/osgeo/gdal_array.py", line 107, in BandRasterIONumPy
    return _gdal_array.BandRasterIONumPy(band, bWrite, xoff, yoff, xsize, ysize, psArray, buf_type, resample_alg, callback, callback_data)
KeyboardInterrupt
