Correct input file in use: systemic/systemic_azimuts0_elevations45_ground_N_bins_max100
All input parameter from the input file:
path: /home/bossel/These/Analysis/data/Night_pollution/
src_path: /home/bossel/These/Analysis/src/rayleigh/
saving_graphs: 0
save_path: /home/bossel/These/Documentation/Mes_articles/auroral_pola/sky_only/
save_name: 20190307_m_sky_only_aero_1low_albedo
flux_unit: W
use_analytic: true
azimuts: 0
elevations: 45
location: skibotn
start_datetime: 20190116-02:44:00
end_datetime: 20190116-04:00:00
instrument_opening_angle: 1
instrument_area: 20
wavelength: 557.7
cst_Flux: 0
cst_DoLP: 0
cst_AoLP: 0
add_starlight: 0
add_B_pola: 0
RS_min_altitude: 0
RS_max_altitude: 100
Nb_points_along_los: 100
resolution_along_los: 0.5
max_angle_discretization: 0
Atmospheric_profile: atm_profiles/mlw.atm
use_ozone: 1
use_aerosol: 0
aer_complexity: 0
aer_model: maritime
aer_name: maritime_test
aer_nr: 1.6
aer_ni: -0.010
aer_rn0: 1
aer_rmg: 0.001
aer_ln_sigma: 0.657
aer_r_min: 0.001
aer_r_max: 50
aer_Hn: 0.440
aer_n0: 300
aer_nBK: 30
aer_ext_profile_name: mar
aer_single_scatter_albedo: 0.9
aer_phase_fct_asym_g: 0.7
sky_mode: none
direct_mode: only
emission_altitude: 110
Nb_emission_points: 1000
Nb_emission_maps: 1
I_zone_a_min: 0
I_zone_a_max: 360
I_zone_e_min: 0
I_zone_e_max: 90
sky_path: /home/bossel/These/Analysis/data/allsky_camera/tid.uio.no/plasma/aurora/
sky_file: skn4/5577/2019/20190308/ut01/skn4_20190308_012908_5577_cal.png
sky_wavelength: 557.7
use_alt_map: 0
alt_map_path: /home/bossel/These/Analysis/data/elevation/
alt_map_radius: 100
alt_map_N_bins_max: 0
alt_map_resolution: 0.5
ground_mode: uniform_I100
shader_mode: none
ground_emission_radius: 50
ground_N_bins_max: 100
ground_albedo: altitude_0.2_0.2_0.5_0.5_0.8
ground_path: /home/bossel/These/Analysis/data/Night_pollution/
ground_file: nighttime_light_files/SVDNB_npp_20160101-20161231_75N060W_vcm-orm-ntl_v10_c201807311200.avg_rade9.tif
Using simple WMO aerosol profile: mar
DEBUG AEROSOL Optical Depth (0-120km) 0
DEBUG AEROSOL Optical Depth (0-120km) 0
DEBUG ATMOSPHERE TOTAL OD (0-120km): 0.13277515692702085
Has_sky_emission: False
Has_ground_emission: True
ALT MAP RESOLUTION lon, lat 0.5 1.417681295118693 0.49999999999999994
WARNING: Elevation tile not found: /home/bossel/These/Analysis/data/elevation/N070E015_N075E020/ALPSMLC30_N070E017_DSM.tif
WARNING: Elevation tile not found: /home/bossel/These/Analysis/data/elevation/N070E015_N075E020/ALPSMLC30_N070E018_DSM.tif
WARNING: Elevation tile not found: /home/bossel/These/Analysis/data/elevation/N070E015_N075E020/ALPSMLC30_N070E019_DSM.tif
Initialization DONE
*******************************************************************************************************************************
STARTING calculation for GROUND map 1/1:
Observation at point (20.363641, 69.348151), azimuth 0.0, elevation 45.0. Observed point at altitude 110.0, position (20.363641, 70.312542338884)
Starting time:  14:33:56
10000.0 bins to compute per processor
/home/bossel/These/Analysis/src/rayleigh/world.py:582: IntegrationWarning: The integral is probably divergent, or slowly convergent.
  F = integrate.quad(dF, min_range, max_range)#, points=[0])
/home/bossel/These/Analysis/src/rayleigh/world.py:583: IntegrationWarning: The integral is probably divergent, or slowly convergent.
  Fpola = integrate.quad(dFpola, min_range, max_range)#, points=[0])
Computing DONE in:  0:00:01.481533
Stacking processor results...
Print results in log/grd_map_convergence.csv
Simulation ran in: 0:00:01.634823
RECAP:
Maximum DoLP: 7.927095378106014% at time 0 azimuth 0.0 and elevation 45.0
Making and saving plots in /home/bossel/These/Documentation/Mes_articles/auroral_pola/sky_only/20190307_m_sky_only_aero_1low_albedo
