Correct input file in use: systemic/systemic_azimuts180_elevations45_point_src_dist5_point_src_az180_resolution_along_los1.912121212121212_RS_min_altitude0_RS_max_altitude100_wavelength391.4_emission_altitude90_max_angle_discretization1
Loading the sky emission cube...
Has_sky_emission: True
Has_ground_emission: False
lagorge 0.10361906322688955 0.7891042478910105
ALT MAP BOUNDS 5.037613394081269 6.836256605918731 44.31302139408126 46.111664605918726
0.01569612305760477
ALT MAP BOUNDS 5.036200993144891 6.8348442049823515 44.309575523615855 46.10821873545331
ALT MAP BOUNDS 5.036200993144891 6.8348442049823515 44.309575523615855 46.10821873545331
Initialization DONE
*******************************************************************************************************************************
STARTING calculation for obs:
Observation at point (5.936935, 45.212343), azimuth 180.0, elevation 45.0. Observed point at altitude 90.0, position (5.936935000000001, 44.4196935987303)
73.0 bins to compute
  0%|          | 0/73.0 [00:00<?, ?it/s] 56%|█████▌    | 41/73.0 [00:00<00:00, 370.06it/s] 73%|███████▎  | 53/73.0 [00:00<00:00, 67.33it/s]  85%|████████▍ | 62/73.0 [00:04<00:01,  7.85it/s] 89%|████████▉ | 65/73.0 [00:20<00:01,  7.85it/s] 90%|█████████ | 66/73.0 [00:25<00:11,  1.67s/it] 92%|█████████▏| 67/73.0 [00:55<01:01, 10.24s/it] 93%|█████████▎| 68/73.0 [01:09<00:56, 11.39s/it] 95%|█████████▍| 69/73.0 [01:15<00:39,  9.86s/it] 96%|█████████▌| 70/73.0 [01:19<00:23,  7.90s/it] 97%|█████████▋| 71/73.0 [01:21<00:12,  6.21s/it] 99%|█████████▊| 72/73.0 [01:22<00:04,  4.79s/it]100%|██████████| 73/73.0 [01:24<00:00,  3.72s/it]100%|██████████| 73/73.0 [01:24<00:00,  1.15s/it]
Computing DONE
opt_depth, direct:
0.5566973416535387 0
Making and NOT saving plots...
ALL TIME SINCE START: 84.76627373695374
