Correct input file in use: systemic/systemic_azimuts0_elevations45_wavelength557.7_Nb_emission_points2000_max_angle_discretization0_ground_modeuniform_I00_ground_emission_radius50_ground_N_bins_max5000
All input parameter from the input file:
path: /home/bossel/These/Analysis/data/Night_pollution/
src_path: /home/bossel/These/Analysis/src/rayleigh/
saving_graphs: 0
flux_unit: W
azimuts: 0
elevations: 45
location: lagorge
instrument_opening_angle: 1
instrument_area: 20
wavelength: 557.7
RS_min_altitude: 0
RS_max_altitude: 100
resolution_along_los: 1
max_angle_discretization: 0
Atmospheric_profile: atm_profiles/win.atm
sky_mode: image
emission_altitude: 110
Nb_emission_points: 2000
Nb_emission_maps: 1
I_zone_a_min: 0
I_zone_a_max: 360
I_zone_e_min: 0
I_zone_e_max: 90
sky_path: /home/bossel/These/Analysis/data/allsky_camera/tid.uio.no/plasma/aurora/
sky_file: skn4/5577/2019/20190307/ut20/skn4_20190307_203838_5577_cal.png
sky_wavelength: 557.7
use_alt_map: 0
alt_map_path: /home/bossel/These/Analysis/data/elevation/
alt_map_radius: 50
alt_map_N_bins_max: 10000
alt_map_resolution: 0.2
ground_mode: uniform_I00
shader_mode: none
ground_emission_radius: 50
ground_N_bins_max: 5000
ground_albedo: 1
ground_path: /home/bossel/These/Analysis/data/Night_pollution/
ground_file: nighttime_light_files/SVDNB_npp_20160101-20161231_75N060W_vcm-orm_v10_c201807311200.avg_rade9.tif
Loading the sky emission cube...
Importing all sky image data from: /home/bossel/These/Analysis/data/allsky_camera/tid.uio.no/plasma/aurora/skn4/5577/2019/20190307/ut20/skn4_20190307_203838_5577_cal.png
Sky cube loaded!
Has_sky_emission: True
Has_ground_emission: True
Calculating sky on ground reflection with albedo 1.0
Initialization DONE
*******************************************************************************************************************************
Starting calculation for SKY map 1/1:
Observation at point (5.936935, 45.212343), azimuth 0.0, elevation 45.0. Observed point at altitude 110.0, position (5.936934999999999, 46.1767277912057)
Starting time:  11:25:05
70500.0 bins to compute per processor
Computing DONE in:  0:00:33.713382
*******************************************************************************************************************************
STARTING calculation for GROUND map 1/1:
Observation at point (5.936935, 45.212343), azimuth 0.0, elevation 45.0. Observed point at altitude 110.0, position (5.936934999999999, 46.1767277912057)
Starting time:  11:25:39
182736.0 bins to compute per processor
Computing DONE in:  0:01:44.026926
opt_depth, direct:
0.12934769728726053 7.398169519693572e-12
Making and NOT saving plots...
/home/bossel/These/Analysis/src/rayleigh/ground_map.py:585: RuntimeWarning: More than 20 figures have been opened. Figures created through the pyplot interface (`matplotlib.pyplot.figure`) are retained until explicitly closed and may consume too much memory. (To control this warning, see the rcParam `figure.max_open_warning`).
  f, (ax1, ax2, ax3, ax4) = plt.subplots(4, sharex = True, sharey = True, figsize=(16, 8))
/home/bossel/These/Analysis/src/rayleigh/simulation.py:370: RuntimeWarning: More than 20 figures have been opened. Figures created through the pyplot interface (`matplotlib.pyplot.figure`) are retained until explicitly closed and may consume too much memory. (To control this warning, see the rcParam `figure.max_open_warning`).
  f1, (ax1, ax2, ax3, ax4) = plt.subplots(4, sharex = True, sharey = True, figsize=(16, 8))
Print results in log/systematic_results.csv
Simulation ran in: 0:10:37.690564
