Correct input file in use: systemic/systemic_azimutsall_elevations45_Nb_points_along_los100_RS_min_altitude0_RS_max_altitude100_use_analytictrue_Atmospheric_profileatm_profiles-win.atm
All input parameter from the input file:
path: /home/bossel/These/Analysis/data/Night_pollution/
src_path: /home/bossel/These/Analysis/src/rayleigh/
saving_graphs: 0
flux_unit: W
use_analytic: true
azimuts: all
elevations: 45
location: skibotn
instrument_opening_angle: 1
instrument_area: 20
wavelength: 391.4
RS_min_altitude: 0
RS_max_altitude: 100
resolution_along_los: 1
Nb_points_along_los: 100
max_angle_discretization: 0
Atmospheric_profile: atm_profiles/win.atm
sky_mode: none
emission_altitude: 110
Nb_emission_points: 100
Nb_emission_maps: 1
I_zone_a_min: 0
I_zone_a_max: 360
I_zone_e_min: 0
I_zone_e_max: 90
sky_path: /home/bossel/These/Analysis/data/allsky_camera/tid.uio.no/plasma/aurora/
sky_file: skn4/5577/2019/20190307/ut20/
sky_wavelength: 557.7
use_alt_map: 0
alt_map_path: /home/bossel/These/Analysis/data/elevation/
alt_map_radius: 30
alt_map_N_bins_max: 10000
alt_map_resolution: 0.2
ground_mode: point_I100_a180_d5
shader_mode: none
ground_emission_radius: 50
ground_N_bins_max: 1000
ground_albedo: altitude
ground_path: /home/bossel/These/Analysis/data/Night_pollution/
ground_file: nighttime_light_files/SVDNB_npp_20160101-20161231_75N060W_vcm-orm_v10_c201807311200.avg_rade9.tif
Has_sky_emission: False
Has_ground_emission: True
Initialization DONE
*******************************************************************************************************************************
STARTING calculation for GROUND map 1/36:
Observation at point (20.363641, 69.348151), azimuth 0.0, elevation 45.0. Observed point at altitude 110.0, position (20.363640999999998, 70.31254209541123)
Starting time:  16:44:40
100.0 bins to compute per processor
0.2479885934240355 0.7803688445637734
0.8898290886655147 0.41072594447317196
1.1036638884640229 0.33165371269214394
1.1490723894097783 0.31693062126857446
1.152135855286107 0.3159612007766062
1.147709681465517 0.31736279954346247
1.1429283868075057 0.31888383797034786
1.138978604168406 0.3201458505143728
1.1358552715190913 0.32114733567333326
1.1333668792009037 0.3219474713492876
Computing DONE in:  0:00:00.011876
*******************************************************************************************************************************
STARTING calculation for GROUND map 2/36:
Observation at point (20.363641, 69.348151), azimuth 10.0, elevation 45.0. Observed point at altitude 110.0, position (20.86034385403887, 70.29721017027023)
Starting time:  16:44:40
100.0 bins to compute per processor
0.2479885934240355 0.7803688445637734
0.888480946696129 0.4112800347691022
1.1026122010613344 0.3320026922003478
1.1482825344688667 0.3171810493736281
1.1515178488106779 0.3161565271949494
1.147205291238403 0.3175229146148458
1.1425031025790975 0.31901948307914924
1.1386111842638158 0.3202635000842971
1.1355319177834695 0.32125119665502144
1.1330781771587937 0.32204043165998836
Computing DONE in:  0:00:00.011394
*******************************************************************************************************************************
STARTING calculation for GROUND map 3/36:
Observation at point (20.363641, 69.348151), azimuth 20.0, elevation 45.0. Observed point at altitude 110.0, position (21.339827055393656, 70.25174762092317)
Starting time:  16:44:40
100.0 bins to compute per processor
0.2479885934240355 0.7803688445637734
0.8844563456101431 0.4129386081530834
1.0994780608531836 0.33304486749584317
1.1459308571763764 0.31792783459981017
1.149678832845606 0.31673847904127833
1.1457049049274932 0.3179996792254423
1.141238349337428 0.3194232192640355
1.137518718808352 0.3206135680785639
1.13457061517144 0.3215601647516095
1.1322199895390024 0.3223169213945756
Computing DONE in:  0:00:00.013391
*******************************************************************************************************************************
STARTING calculation for GROUND map 4/36:
Observation at point (20.363641, 69.348151), azimuth 29.999999999999996, elevation 45.0. Observed point at altitude 110.0, position (21.785690917534886, 70.17772832091121)
Starting time:  16:44:40
100.0 bins to compute per processor
0.2479885934240355 0.7803688445637734
0.8778150783872916 0.4156901706137923
1.0943243640752052 0.3347657102985007
1.1420709838713288 0.3191573671549292
1.1466637053209388 0.31769492712944664
1.143246731688647 0.31878233908953313
1.1391672701950468 0.3200854555662273
1.1357304334900058 0.3211874295763346
1.1329974849635216 0.3220664188578533
1.130815922022257 0.3227697939714407
Computing DONE in:  0:00:00.013475
*******************************************************************************************************************************
STARTING calculation for GROUND map 5/36:
Observation at point (20.363641, 69.348151), azimuth 40.0, elevation 45.0. Observed point at altitude 110.0, position (22.18310255944999, 70.07769178504623)
Starting time:  16:44:40
100.0 bins to compute per processor
0.2479885934240355 0.7803688445637734
0.8686578925968433 0.4195142047110226
1.0872563619920195 0.33714021665903
1.1367921531625513 0.32084659952877903
1.1425469058606899 0.3190055092849497
1.1398939617392552 0.3198529366672345
1.1363445774297003 0.3209902348221339
1.1332945076210623 0.32197077203955876
1.1308555427997375 0.32275700583459593
1.1289048144339462 0.32338723158090343
Computing DONE in:  0:00:00.017407
*******************************************************************************************************************************
STARTING calculation for GROUND map 6/36:
Observation at point (20.363641, 69.348151), azimuth 50.0, elevation 45.0. Observed point at altitude 110.0, position (22.519408749763613, 69.95502575342036)
Starting time:  16:44:40
100.0 bins to compute per processor
0.2479885934240355 0.7803688445637734
0.8571282380302496 0.42437904967671686
1.0784222580145302 0.3401317426586424
1.1302189435255803 0.32296253812415143
1.1374317757613421 0.3206414444108944
1.1357339873254675 0.3211862881310858
1.1328457324827292 0.32211529694448654
1.1302772564311883 0.3229437057892403
1.128203902567312 0.32361397698402544
1.1265399744527187 0.3241528956151954
Computing DONE in:  0:00:00.016530
*******************************************************************************************************************************
STARTING calculation for GROUND map 7/36:
Observation at point (20.363641, 69.348151), azimuth 59.99999999999999, elevation 45.0. Observed point at altitude 110.0, position (22.78457517871535, 69.8138163678588)
Starting time:  16:44:40
100.0 bins to compute per processor
0.2479885934240355 0.7803688445637734
0.8434149317179436 0.43023877585864473
1.0680139484895812 0.3436904269323787
1.122510755194316 0.32546161348996455
1.1314495505375404 0.3225653426060561
1.130877229491221 0.322750006378884
1.1287657380586524 0.3234322102325494
1.126761943099842 0.3240809518204234
1.125116630895798 0.32461460505825857
1.123788082874092 0.325046157755391
Computing DONE in:  0:00:00.011044
*******************************************************************************************************************************
STARTING calculation for GROUND map 8/36:
Observation at point (20.363641, 69.348151), azimuth 70.0, elevation 45.0. Observed point at altitude 110.0, position (22.97143765564028, 69.65867755697063)
Starting time:  16:44:40
100.0 bins to compute per processor
0.2479885934240355 0.7803688445637734
0.8277559550886078 0.43702889924022487
1.0562677706691965 0.34775127885624124
1.1138608923104494 0.32828902254201964
1.1247578697350027 0.32473108506378207
1.1254554897679454 0.3245046251541915
1.1242174862333894 0.32490661180621805
1.1228471817809915 0.3253521379665152
1.1216812257439188 0.32573170549247554
1.120727752678715 0.32604243001033456
Computing DONE in:  0:00:00.015206
*******************************************************************************************************************************
STARTING calculation for GROUND map 9/36:
Observation at point (20.363641, 69.348151), azimuth 80.0, elevation 45.0. Observed point at altitude 110.0, position (23.07577411994994, 69.49457123309257)
Starting time:  16:44:40
100.0 bins to compute per processor
0.2479885934240355 0.7803688445637734
0.8104436364043281 0.4446607547605156
1.0434650186695567 0.35223207428940556
1.1044950255947508 0.331378177496609
1.117538653431048 0.3270838714259533
1.1196197275092254 0.32640389344741927
1.1193295973733313 0.32649860679231496
1.118644889064035 0.32672223965426167
1.117996691883354 0.32693408874144436
1.117447725377426 0.3271136138779444
Computing DONE in:  0:00:00.015497
*******************************************************************************************************************************
STARTING calculation for GROUND map 10/36:
Observation at point (20.363641, 69.348151), azimuth 90.0, elevation 45.0. Observed point at altitude 110.0, position (23.096223976486375, 69.32662857005603)
Starting time:  16:44:40
100.0 bins to compute per processor
0.2479885934240355 0.7803688445637734
0.791831450770268 0.4530143615638115
1.029931832475104 0.3570312976795109
1.0946687408899969 0.3346504445980432
1.1099951638865493 0.3295605548635674
1.1135371527011868 0.3283953199073079
1.1142436831735556 0.32816338055256944
1.114277744378545 0.3281522031027542
1.1141711913805696 0.328187170566698
1.1140446944574967 0.3282286878598163
Computing DONE in:  0:00:00.011077
*******************************************************************************************************************************
STARTING calculation for GROUND map 11/36:
Observation at point (20.363641, 69.348151), azimuth 100.0, elevation 45.0. Observed point at altitude 110.0, position (23.034091235470655, 69.15998047052237)
Starting time:  16:44:40
100.0 bins to compute per processor
0.2479885934240355 0.7803688445637734
0.7723425058509885 0.4619297268518664
1.01603784629047 0.36202650692387245
1.0846638039799983 0.33801540622856413
1.1023480525040275 0.3320904018161888
1.107387526487173 0.3304210507347987
1.1091109771453271 0.32985207679752965
1.109876132432516 0.3295997852703847
1.1103192602672047 0.32945376278692684
1.1106207585038808 0.32935444803074454
Computing DONE in:  0:00:00.016321
*******************************************************************************************************************************
STARTING calculation for GROUND map 12/36:
Observation at point (20.363641, 69.348151), azimuth 110.0, elevation 45.0. Observed point at altitude 110.0, position (22.893070482929605, 68.99960286908345)
Starting time:  16:44:40
100.0 bins to compute per processor
0.2479885934240355 0.7803688445637734
0.7524793099692637 0.4711968602519545
1.002192706769057 0.36707367315991724
1.0747827169999482 0.34137192155841806
1.0948301993323832 0.3345964168202523
1.1013585847736544 0.33241915717193815
1.1040883017533334 0.33151298431463744
1.1055745654379923 0.33102063457645825
1.1065586049950493 0.33069505739451815
1.1072805266061692 0.3304564076394671
Computing DONE in:  0:00:00.015737
*******************************************************************************************************************************
STARTING calculation for GROUND map 13/36:
Observation at point (20.363641, 69.348151), azimuth 119.99999999999999, elevation 45.0. Observed point at altitude 110.0, position (22.678931488768246, 68.85018018060431)
Starting time:  16:44:40
100.0 bins to compute per processor
0.2479885934240355 0.7803688445637734
0.732833358028774 0.4805455019212314
0.9888392818293993 0.3720082372424057
1.0653411402545643 0.34461027427594915
1.0876802012744013 0.3369973536691514
1.0956405519805608 0.3343253855580934
1.0993333868680257 0.33309305390963634
1.1015076213297619 0.33236961825721545
1.1030065246390972 0.3318718015192693
1.104127926065097 0.3314998486010418
Computing DONE in:  0:00:00.018911
*******************************************************************************************************************************
STARTING calculation for GROUND map 14/36:
Observation at point (20.363641, 69.348151), azimuth 130.0, elevation 45.0. Observed point at altitude 110.0, position (22.399191503723667, 68.71598826650627)
Starting time:  16:44:40
100.0 bins to compute per processor
0.2479885934240355 0.7803688445637734
0.7140910279336646 0.48963697591492455
0.9764421859815884 0.3766487641112471
1.0566578521431693 0.34761565397890487
1.0811344727632846 0.3392104822224962
1.090419798074317 0.3360753802917639
1.0949996207718384 0.3345397338154718
1.0978054861813078 0.3336023760131582
1.0997760461816064 0.3329456397965564
1.101262795952094 0.3324510007363722
Computing DONE in:  0:00:00.016473
*******************************************************************************************************************************
STARTING calculation for GROUND map 15/36:
Observation at point (20.363641, 69.348151), azimuth 140.0, elevation 45.0. Observed point at altitude 110.0, position (22.062796098303526, 68.6007968743641)
Starting time:  16:44:41
100.0 bins to compute per processor
0.2479885934240355 0.7803688445637734
0.6970289718302871 0.4980628665710883
0.9654703462822263 0.38080404784276617
1.0490421691395428 0.35027309086119346
1.0754180994946974 0.3411550887084544
1.0858718125066469 0.3376073272667594
1.0912303998431954 0.3358030673775988
1.094589251189935 0.33467704691880107
1.0969719073150204 0.3338805758381844
1.0987773867934352 0.33327830516754
Computing DONE in:  0:00:00.015374
*******************************************************************************************************************************
STARTING calculation for GROUND map 16/36:
Observation at point (20.363641, 69.348151), azimuth 150.0, elevation 45.0. Observed point at altitude 110.0, position (21.679821326555917, 68.50779060852261)
Starting time:  16:44:41
100.0 bins to compute per processor
0.2479885934240355 0.7803688445637734
0.6824881734977835 0.5053580083265504
0.9563729901486585 0.384284163808545
1.0427791768567964 0.35247373263397447
1.0707348260408538 0.34275655841222985
1.0821538135933164 0.33886488729742525
1.0881533372421748 0.33683794581385473
1.091966179568322 0.3355560811638538
1.0946865680972924 0.33464447876837305
1.0967529217289929 0.33395369887790116
Computing DONE in:  0:00:00.016994
*******************************************************************************************************************************
STARTING calculation for GROUND map 17/36:
Observation at point (20.363641, 69.348151), azimuth 160.0, elevation 45.0. Observed point at altitude 110.0, position (21.261202996719906, 68.4395070395179)
Starting time:  16:44:41
100.0 bins to compute per processor
0.2479885934240355 0.7803688445637734
0.6713139683439879 0.5110366504562789
0.9495498661122921 0.3869151478816375
1.0381137049642815 0.35412203098140965
1.0672568297421154 0.343950739929424
1.0793974583618668 0.3398002077478161
1.085874678594653 0.33760635965583463
1.0900252151609537 0.3362080160606123
1.092996471177322 0.33521053858445804
1.095256401636999 0.3344538414414231
Computing DONE in:  0:00:00.016234
*******************************************************************************************************************************
STARTING calculation for GROUND map 18/36:
Observation at point (20.363641, 69.348151), azimuth 170.0, elevation 45.0. Observed point at altitude 110.0, position (20.818493298703018, 68.39779045618862)
Starting time:  16:44:41
100.0 bins to compute per processor
0.2479885934240355 0.7803688445637734
0.6642556442432733 0.5146564726734765
0.9453186312828002 0.38855574515990343
1.0352345961317586 0.35514305596432677
1.0651151742384863 0.3446881532854002
1.0777022314825941 0.34037673472752067
1.0844743329074067 0.33807945643777404
1.0888330389877743 0.33660907426510794
1.0919587908053465 0.3355585605173622
1.0943378491705942 0.33476119598140247
Computing DONE in:  0:00:00.022257
*******************************************************************************************************************************
STARTING calculation for GROUND map 19/36:
Observation at point (20.363641, 69.348151), azimuth 180.0, elevation 45.0. Observed point at altitude 110.0, position (20.363640999999998, 68.38375990458876)
Starting time:  16:44:41
100.0 bins to compute per processor
0.2479885934240355 0.7803688445637734
0.6618393397835799 0.5159015430323565
0.9438845314534676 0.3891133726388897
1.034261266053248 0.35548889566365865
1.0643919651126792 0.3449375250665186
1.077130133818661 0.34057151917486644
1.0840019385690123 0.3382392009871624
1.0884309794585643 0.3367444383614237
1.0916089052191325 0.3356759881629403
1.094028178807 0.3348648776554215
Computing DONE in:  0:00:00.030574
*******************************************************************************************************************************
STARTING calculation for GROUND map 20/36:
Observation at point (20.363641, 69.348151), azimuth 190.0, elevation 45.0. Observed point at altitude 110.0, position (19.908788701296977, 68.39779045618862)
Starting time:  16:44:41
100.0 bins to compute per processor
0.2479885934240355 0.7803688445637734
0.6642556442432733 0.5146564726734765
0.9453186312828002 0.38855574515990343
1.0352345961317586 0.35514305596432677
1.0651151742384863 0.3446881532854002
1.0777022314825941 0.34037673472752067
1.0844743329074067 0.33807945643777404
1.0888330389877743 0.33660907426510794
1.0919587908053465 0.3355585605173622
1.0943378491705942 0.33476119598140247
Computing DONE in:  0:00:00.025017
*******************************************************************************************************************************
STARTING calculation for GROUND map 21/36:
Observation at point (20.363641, 69.348151), azimuth 200.0, elevation 45.0. Observed point at altitude 110.0, position (19.46607900328009, 68.4395070395179)
Starting time:  16:44:41
100.0 bins to compute per processor
0.2479885934240355 0.7803688445637734
0.6713139683439879 0.5110366504562789
0.9495498661122921 0.3869151478816375
1.0381137049642815 0.35412203098140965
1.0672568297421154 0.343950739929424
1.0793974583618668 0.3398002077478161
1.085874678594653 0.33760635965583463
1.0900252151609537 0.3362080160606123
1.092996471177322 0.33521053858445804
1.095256401636999 0.3344538414414231
Computing DONE in:  0:00:00.029245
*******************************************************************************************************************************
STARTING calculation for GROUND map 22/36:
Observation at point (20.363641, 69.348151), azimuth 210.00000000000003, elevation 45.0. Observed point at altitude 110.0, position (19.047460673444075, 68.50779060852261)
Starting time:  16:44:41
100.0 bins to compute per processor
0.2479885934240355 0.7803688445637734
0.6824881734977835 0.5053580083265504
0.9563729901486585 0.384284163808545
1.0427791768567964 0.35247373263397447
1.0707348260408538 0.34275655841222985
1.0821538135933164 0.33886488729742525
1.0881533372421748 0.33683794581385473
1.091966179568322 0.3355560811638538
1.0946865680972924 0.33464447876837305
1.0967529217289929 0.33395369887790116
Computing DONE in:  0:00:00.023860
*******************************************************************************************************************************
STARTING calculation for GROUND map 23/36:
Observation at point (20.363641, 69.348151), azimuth 220.0, elevation 45.0. Observed point at altitude 110.0, position (18.66448590169647, 68.6007968743641)
Starting time:  16:44:41
100.0 bins to compute per processor
0.2479885934240355 0.7803688445637734
0.6970289718302871 0.4980628665710883
0.9654703462822263 0.38080404784276617
1.0490421691395428 0.35027309086119346
1.0754180994946974 0.3411550887084544
1.0858718125066469 0.3376073272667594
1.0912303998431954 0.3358030673775988
1.094589251189935 0.33467704691880107
1.0969719073150204 0.3338805758381844
1.0987773867934352 0.33327830516754
Computing DONE in:  0:00:00.023354
*******************************************************************************************************************************
STARTING calculation for GROUND map 24/36:
Observation at point (20.363641, 69.348151), azimuth 230.0, elevation 45.0. Observed point at altitude 110.0, position (18.32809049627633, 68.71598826650627)
Starting time:  16:44:41
100.0 bins to compute per processor
0.2479885934240355 0.7803688445637734
0.7140910279336646 0.48963697591492455
0.9764421859815884 0.3766487641112471
1.0566578521431693 0.34761565397890487
1.0811344727632846 0.3392104822224962
1.090419798074317 0.3360753802917639
1.0949996207718384 0.3345397338154718
1.0978054861813078 0.3336023760131582
1.0997760461816064 0.3329456397965564
1.101262795952094 0.3324510007363722
Computing DONE in:  0:00:00.021915
*******************************************************************************************************************************
STARTING calculation for GROUND map 25/36:
Observation at point (20.363641, 69.348151), azimuth 239.99999999999997, elevation 45.0. Observed point at altitude 110.0, position (18.04835051123175, 68.85018018060431)
Starting time:  16:44:41
100.0 bins to compute per processor
0.2479885934240355 0.7803688445637734
0.732833358028774 0.4805455019212314
0.9888392818293992 0.3720082372424058
1.065341140254564 0.3446102742759492
1.0876802012744013 0.3369973536691514
1.0956405519805608 0.3343253855580934
1.0993333868680257 0.33309305390963634
1.1015076213297619 0.33236961825721545
1.1030065246390972 0.3318718015192693
1.104127926065097 0.3314998486010418
Computing DONE in:  0:00:00.022981
*******************************************************************************************************************************
STARTING calculation for GROUND map 26/36:
Observation at point (20.363641, 69.348151), azimuth 250.00000000000003, elevation 45.0. Observed point at altitude 110.0, position (17.834211517070393, 68.99960286908345)
Starting time:  16:44:41
100.0 bins to compute per processor
0.2479885934240355 0.7803688445637734
0.7524793099692637 0.4711968602519545
1.002192706769057 0.36707367315991724
1.0747827169999482 0.34137192155841806
1.0948301993323835 0.3345964168202522
1.1013585847736544 0.33241915717193815
1.1040883017533334 0.33151298431463744
1.1055745654379923 0.33102063457645825
1.1065586049950493 0.33069505739451815
1.1072805266061692 0.3304564076394671
Computing DONE in:  0:00:00.016943
*******************************************************************************************************************************
STARTING calculation for GROUND map 27/36:
Observation at point (20.363641, 69.348151), azimuth 260.0, elevation 45.0. Observed point at altitude 110.0, position (17.69319076452934, 69.15998047052237)
Starting time:  16:44:41
100.0 bins to compute per processor
0.2479885934240355 0.7803688445637734
0.7723425058509885 0.4619297268518664
1.0160378462904702 0.3620265069238724
1.0846638039799983 0.33801540622856413
1.1023480525040275 0.3320904018161888
1.107387526487173 0.3304210507347987
1.1091109771453271 0.32985207679752965
1.109876132432516 0.3295997852703847
1.1103192602672047 0.32945376278692684
1.1106207585038808 0.32935444803074454
Computing DONE in:  0:00:00.016332
*******************************************************************************************************************************
STARTING calculation for GROUND map 28/36:
Observation at point (20.363641, 69.348151), azimuth 270.0, elevation 45.0. Observed point at altitude 110.0, position (17.63105802351362, 69.32662857005603)
Starting time:  16:44:41
100.0 bins to compute per processor
0.2479885934240355 0.7803688445637734
0.791831450770268 0.4530143615638115
1.029931832475104 0.3570312976795109
1.0946687408899969 0.3346504445980432
1.1099951638865493 0.3295605548635674
1.1135371527011868 0.3283953199073079
1.1142436831735556 0.32816338055256944
1.114277744378545 0.3281522031027542
1.1141711913805696 0.328187170566698
1.1140446944574967 0.3282286878598163
Computing DONE in:  0:00:00.012902
*******************************************************************************************************************************
STARTING calculation for GROUND map 29/36:
Observation at point (20.363641, 69.348151), azimuth 280.0, elevation 45.0. Observed point at altitude 110.0, position (17.651507880050055, 69.49457123309257)
Starting time:  16:44:41
100.0 bins to compute per processor
0.2479885934240355 0.7803688445637734
0.8104436364043281 0.4446607547605156
1.0434650186695567 0.35223207428940556
1.1044950255947508 0.331378177496609
1.117538653431048 0.3270838714259533
1.1196197275092254 0.32640389344741927
1.1193295973733313 0.32649860679231496
1.118644889064035 0.32672223965426167
1.117996691883354 0.32693408874144436
1.117447725377426 0.3271136138779444
Computing DONE in:  0:00:00.018040
*******************************************************************************************************************************
STARTING calculation for GROUND map 30/36:
Observation at point (20.363641, 69.348151), azimuth 290.0, elevation 45.0. Observed point at altitude 110.0, position (17.755844344359716, 69.65867755697063)
Starting time:  16:44:41
100.0 bins to compute per processor
0.2479885934240355 0.7803688445637734
0.8277559550886079 0.4370288992402248
1.0562677706691965 0.34775127885624124
1.1138608923104494 0.32828902254201964
1.1247578697350027 0.32473108506378207
1.1254554897679454 0.3245046251541915
1.1242174862333894 0.32490661180621805
1.1228471817809915 0.3253521379665152
1.1216812257439188 0.32573170549247554
1.120727752678715 0.32604243001033456
Computing DONE in:  0:00:00.014727
*******************************************************************************************************************************
STARTING calculation for GROUND map 31/36:
Observation at point (20.363641, 69.348151), azimuth 300.0, elevation 45.0. Observed point at altitude 110.0, position (17.94270682128465, 69.8138163678588)
Starting time:  16:44:41
100.0 bins to compute per processor
0.2479885934240355 0.7803688445637734
0.8434149317179436 0.43023877585864473
1.0680139484895812 0.3436904269323787
1.122510755194316 0.32546161348996455
1.1314495505375404 0.3225653426060561
1.130877229491221 0.322750006378884
1.1287657380586524 0.3234322102325494
1.126761943099842 0.3240809518204234
1.125116630895798 0.32461460505825857
1.123788082874092 0.325046157755391
Computing DONE in:  0:00:00.010637
*******************************************************************************************************************************
STARTING calculation for GROUND map 32/36:
Observation at point (20.363641, 69.348151), azimuth 310.0, elevation 45.0. Observed point at altitude 110.0, position (18.20787325023638, 69.95502575342036)
Starting time:  16:44:41
100.0 bins to compute per processor
0.2479885934240355 0.7803688445637734
0.8571282380302496 0.42437904967671686
1.0784222580145302 0.3401317426586424
1.1302189435255803 0.32296253812415143
1.1374317757613421 0.3206414444108944
1.1357339873254675 0.3211862881310858
1.1328457324827292 0.32211529694448654
1.1302772564311883 0.3229437057892403
1.128203902567312 0.32361397698402544
1.1265399744527187 0.3241528956151954
Computing DONE in:  0:00:00.015995
*******************************************************************************************************************************
STARTING calculation for GROUND map 33/36:
Observation at point (20.363641, 69.348151), azimuth 320.0, elevation 45.0. Observed point at altitude 110.0, position (18.544179440550003, 70.07769178504623)
Starting time:  16:44:41
100.0 bins to compute per processor
0.2479885934240355 0.7803688445637734
0.8686578925968433 0.4195142047110226
1.0872563619920195 0.33714021665903
1.1367921531625513 0.32084659952877903
1.1425469058606899 0.3190055092849497
1.1398939617392552 0.3198529366672345
1.1363445774297003 0.3209902348221339
1.1332945076210623 0.32197077203955876
1.1308555427997375 0.32275700583459593
1.1289048144339462 0.32338723158090343
Computing DONE in:  0:00:00.015755
*******************************************************************************************************************************
STARTING calculation for GROUND map 34/36:
Observation at point (20.363641, 69.348151), azimuth 330.0, elevation 45.0. Observed point at altitude 110.0, position (18.94159108246511, 70.17772832091121)
Starting time:  16:44:41
100.0 bins to compute per processor
0.2479885934240355 0.7803688445637734
0.8778150783872916 0.4156901706137923
1.0943243640752052 0.3347657102985007
1.1420709838713288 0.3191573671549292
1.1466637053209388 0.31769492712944664
1.143246731688647 0.31878233908953313
1.1391672701950468 0.3200854555662273
1.1357304334900058 0.3211874295763346
1.1329974849635216 0.3220664188578533
1.130815922022257 0.3227697939714407
Computing DONE in:  0:00:00.011659
*******************************************************************************************************************************
STARTING calculation for GROUND map 35/36:
Observation at point (20.363641, 69.348151), azimuth 340.0, elevation 45.0. Observed point at altitude 110.0, position (19.387454944606343, 70.25174762092317)
Starting time:  16:44:41
100.0 bins to compute per processor
0.2479885934240355 0.7803688445637734
0.8844563456101431 0.4129386081530834
1.0994780608531836 0.33304486749584317
1.1459308571763764 0.31792783459981017
1.149678832845606 0.31673847904127833
1.1457049049274932 0.3179996792254423
1.141238349337428 0.3194232192640355
1.137518718808352 0.3206135680785639
1.13457061517144 0.3215601647516095
1.1322199895390024 0.3223169213945756
Computing DONE in:  0:00:00.011341
*******************************************************************************************************************************
STARTING calculation for GROUND map 36/36:
Observation at point (20.363641, 69.348151), azimuth 350.0, elevation 45.0. Observed point at altitude 110.0, position (19.866938145961125, 70.29721017027023)
Starting time:  16:44:41
100.0 bins to compute per processor
0.2479885934240355 0.7803688445637734
0.888480946696129 0.4112800347691022
1.1026122010613344 0.3320026922003478
1.1482825344688667 0.3171810493736281
1.1515178488106779 0.3161565271949494
1.147205291238403 0.3175229146148458
1.1425031025790975 0.31901948307914924
1.1386111842638158 0.3202635000842971
1.1355319177834695 0.32125119665502144
1.1330781771587937 0.32204043165998836
Computing DONE in:  0:00:00.011553
Print results in log/systematic_atm_profil.csv
Simulation ran in: 0:00:00.785590
