Correct input file in use: systemic/systemic_azimutsall_elevations54
All input parameter from the input file:
path: /home/bossel/These/Analysis/data/Night_pollution/
src_path: /home/bossel/These/Analysis/src/rayleigh/
saving_graphs: 0
save_path: /home/bossel/These/Documentation/Mes_articles/auroral_pola/sky_only/
save_name: 20190307_m_sky_only_aero_1low_albedo
flux_unit: W
use_analytic: false
azimuts: all
elevations: 54
location: skibotn
start_datetime: 20190116-02:44:00
end_datetime: 20190116-04:00:00
instrument_opening_angle: 1
instrument_area: 20
wavelength: 557.7
cst_Flux: 0
cst_DoLP: 0
cst_AoLP: 0
add_starlight: 0
add_B_pola: 0
RS_min_altitude: 0
RS_max_altitude: 100
Nb_points_along_los: 100
resolution_along_los: 0.5
max_angle_discretization: 0
Atmospheric_profile: atm_profiles/win.atm
use_ozone: 1
use_aerosol: 1
aer_complexity: 1
aer_model: maritime
aer_name: maritime_test
aer_nr: 1.6
aer_ni: -0.010
aer_rn0: 1
aer_rmg: 0.001
aer_ln_sigma: 0.657
aer_r_min: 0.001
aer_r_max: 50
aer_Hn: 0.440
aer_n0: 300
aer_nBK: 30
aer_ext_profile_name: mar
aer_single_scatter_albedo: 0.9
aer_phase_fct_asym_g: 0.7
sky_mode: image
direct_mode: only
emission_altitude: 110
Nb_emission_points: 1000
Nb_emission_maps: 1
I_zone_a_min: 0
I_zone_a_max: 360
I_zone_e_min: 0
I_zone_e_max: 90
sky_path: /home/bossel/These/Analysis/data/allsky_camera/tid.uio.no/plasma/aurora/
sky_file: skn4/5577/2019/20190308/ut01/skn4_20190308_012908_5577_cal.png
sky_wavelength: 557.7
use_alt_map: 1
alt_map_path: /home/bossel/These/Analysis/data/elevation/
alt_map_radius: 100
alt_map_N_bins_max: 0
alt_map_resolution: 0.5
ground_mode: none
shader_mode: none
ground_emission_radius: 100
ground_N_bins_max: 1000
ground_albedo: altitude_0.2_0.2_0.5_0.5_0.8
ground_path: /home/bossel/These/Analysis/data/Night_pollution/
ground_file: nighttime_light_files/SVDNB_npp_20160101-20161231_75N060W_vcm-orm-ntl_v10_c201807311200.avg_rade9.tif
Aerosol Model: maritime
Running aerosol optical properties. May take 10sec...
/home/bossel/These/Analysis/src/rayleigh/atmosphere.py:779: RuntimeWarning: More than 20 figures have been opened. Figures created through the pyplot interface (`matplotlib.pyplot.figure`) are retained until explicitly closed and may consume too much memory. (To control this warning, see the rcParam `figure.max_open_warning`).
  f, axs = plt.subplots(3) #, sharex=True)
/home/bossel/These/Analysis/src/rayleigh/atmosphere.py:583: RuntimeWarning: More than 20 figures have been opened. Figures created through the pyplot interface (`matplotlib.pyplot.figure`) are retained until explicitly closed and may consume too much memory. (To control this warning, see the rcParam `figure.max_open_warning`).
  f, ax = plt.subplots(1)
Loading the sky emission cube...
Importing all sky image data from: /home/bossel/These/Analysis/data/allsky_camera/tid.uio.no/plasma/aurora/skn4/5577/2019/20190308/ut01/skn4_20190308_012908_5577_cal.png
Sky cube loaded!
Has_sky_emission: True
Has_ground_emission: False
ALT MAP RESOLUTION lon, lat 0.5 1.417681295118693 0.49999999999999994
WARNING: Elevation tile not found: /home/bossel/These/Analysis/data/elevation/N070E015_N075E020/ALPSMLC30_N070E017_DSM.tif
WARNING: Elevation tile not found: /home/bossel/These/Analysis/data/elevation/N070E015_N075E020/ALPSMLC30_N070E018_DSM.tif
WARNING: Elevation tile not found: /home/bossel/These/Analysis/data/elevation/N070E015_N075E020/ALPSMLC30_N070E019_DSM.tif
Initialization DONE
*******************************************************************************************************************************
Starting calculation for SKY map 1/36:
Observation at point (20.363641, 69.348151), azimuth 0.0, elevation 54.0. Observed point at altitude 110.0, position (20.363640999999998, 70.05156646075507)
Starting time:  11:41:13
Computing DONE in:  0:00:00.000035
*******************************************************************************************************************************
Starting calculation for SKY map 2/36:
Observation at point (20.363641, 69.348151), azimuth 10.0, elevation 54.0. Observed point at altitude 110.0, position (20.72146313384643, 70.04052255162394)
Starting time:  11:41:13
Computing DONE in:  0:00:00.000036
*******************************************************************************************************************************
Starting calculation for SKY map 3/36:
Observation at point (20.363641, 69.348151), azimuth 20.0, elevation 54.0. Observed point at altitude 110.0, position (21.067318356600232, 70.00776088065042)
Starting time:  11:41:13
Computing DONE in:  0:00:00.000027
*******************************************************************************************************************************
Starting calculation for SKY map 4/36:
Observation at point (20.363641, 69.348151), azimuth 29.999999999999996, elevation 54.0. Observed point at altitude 110.0, position (21.389750150109066, 69.95437567389354)
Starting time:  11:41:13
Computing DONE in:  0:00:00.000020
*******************************************************************************************************************************
Starting calculation for SKY map 5/36:
Observation at point (20.363641, 69.348151), azimuth 40.0, elevation 54.0. Observed point at altitude 110.0, position (21.678285179287204, 69.88213871128058)
Starting time:  11:41:13
Computing DONE in:  0:00:00.000021
*******************************************************************************************************************************
Starting calculation for SKY map 6/36:
Observation at point (20.363641, 69.348151), azimuth 50.0, elevation 54.0. Observed point at altitude 110.0, position (21.923836086985933, 69.79342550179292)
Starting time:  11:41:13
Computing DONE in:  0:00:00.000018
*******************************************************************************************************************************
Starting calculation for SKY map 7/36:
Observation at point (20.363641, 69.348151), azimuth 59.99999999999999, elevation 54.0. Observed point at altitude 110.0, position (22.119011174135828, 69.69111947084984)
Starting time:  11:41:13
Computing DONE in:  0:00:00.000019
*******************************************************************************************************************************
Starting calculation for SKY map 8/36:
Observation at point (20.363641, 69.348151), azimuth 70.0, elevation 54.0. Observed point at altitude 110.0, position (22.258319244854192, 69.57850044458644)
Starting time:  11:41:13
Computing DONE in:  0:00:00.000017
*******************************************************************************************************************************
Starting calculation for SKY map 9/36:
Observation at point (20.363641, 69.348151), azimuth 80.0, elevation 54.0. Observed point at altitude 110.0, position (22.33826926489862, 69.45912402834493)
Starting time:  11:41:13
Computing DONE in:  0:00:00.000018
*******************************************************************************************************************************
Starting calculation for SKY map 10/36:
Observation at point (20.363641, 69.348151), azimuth 90.0, elevation 54.0. Observed point at altitude 110.0, position (22.357374000377888, 69.33669811911618)
Starting time:  11:41:13
Computing DONE in:  0:00:00.000018
*******************************************************************************************************************************
Starting calculation for SKY map 11/36:
Observation at point (20.363641, 69.348151), azimuth 100.0, elevation 54.0. Observed point at altitude 110.0, position (22.316073352246434, 69.21496194016561)
Starting time:  11:41:13
Computing DONE in:  0:00:00.000032
*******************************************************************************************************************************
Starting calculation for SKY map 12/36:
Observation at point (20.363641, 69.348151), azimuth 110.0, elevation 54.0. Observed point at altitude 110.0, position (22.216596355149765, 69.09757185683374)
Starting time:  11:41:13
Computing DONE in:  0:00:00.000019
*******************************************************************************************************************************
Starting calculation for SKY map 13/36:
Observation at point (20.363641, 69.348151), azimuth 119.99999999999999, elevation 54.0. Observed point at altitude 110.0, position (22.06278110006098, 68.98799703064363)
Starting time:  11:41:13
Computing DONE in:  0:00:00.000019
*******************************************************************************************************************************
Starting calculation for SKY map 14/36:
Observation at point (20.363641, 69.348151), azimuth 130.0, elevation 54.0. Observed point at altitude 110.0, position (21.859869903273733, 68.88942685443072)
Starting time:  11:41:14
Computing DONE in:  0:00:00.000021
*******************************************************************************************************************************
Starting calculation for SKY map 15/36:
Observation at point (20.363641, 69.348151), azimuth 140.0, elevation 54.0. Observed point at altitude 110.0, position (21.61429374592237, 68.80469118541926)
Starting time:  11:41:14
Computing DONE in:  0:00:00.000021
*******************************************************************************************************************************
Starting calculation for SKY map 16/36:
Observation at point (20.363641, 69.348151), azimuth 150.0, elevation 54.0. Observed point at altitude 110.0, position (21.333456141633174, 68.7361937011071)
Starting time:  11:41:14
Computing DONE in:  0:00:00.000031
*******************************************************************************************************************************
Starting calculation for SKY map 17/36:
Observation at point (20.363641, 69.348151), azimuth 160.0, elevation 54.0. Observed point at altitude 110.0, position (21.025522763314346, 68.68585824606116)
Starting time:  11:41:14
Computing DONE in:  0:00:00.000025
*******************************************************************************************************************************
Starting calculation for SKY map 18/36:
Observation at point (20.363641, 69.348151), azimuth 170.0, elevation 54.0. Observed point at altitude 110.0, position (20.699219767265422, 68.65508779003085)
Starting time:  11:41:14
Computing DONE in:  0:00:00.000020
*******************************************************************************************************************************
Starting calculation for SKY map 19/36:
Observation at point (20.363641, 69.348151), azimuth 180.0, elevation 54.0. Observed point at altitude 110.0, position (20.363641, 68.64473553924493)
Starting time:  11:41:14
Computing DONE in:  0:00:00.000020
*******************************************************************************************************************************
Starting calculation for SKY map 20/36:
Observation at point (20.363641, 69.348151), azimuth 190.0, elevation 54.0. Observed point at altitude 110.0, position (20.028062232734577, 68.65508779003085)
Starting time:  11:41:14
Computing DONE in:  0:00:00.000019
*******************************************************************************************************************************
Starting calculation for SKY map 21/36:
Observation at point (20.363641, 69.348151), azimuth 200.0, elevation 54.0. Observed point at altitude 110.0, position (19.701759236685653, 68.68585824606116)
Starting time:  11:41:14
Computing DONE in:  0:00:00.000019
*******************************************************************************************************************************
Starting calculation for SKY map 22/36:
Observation at point (20.363641, 69.348151), azimuth 210.00000000000003, elevation 54.0. Observed point at altitude 110.0, position (19.393825858366828, 68.73619370110711)
Starting time:  11:41:14
Computing DONE in:  0:00:00.000020
*******************************************************************************************************************************
Starting calculation for SKY map 23/36:
Observation at point (20.363641, 69.348151), azimuth 220.0, elevation 54.0. Observed point at altitude 110.0, position (19.112988254077628, 68.80469118541926)
Starting time:  11:41:14
Computing DONE in:  0:00:00.000019
*******************************************************************************************************************************
Starting calculation for SKY map 24/36:
Observation at point (20.363641, 69.348151), azimuth 230.0, elevation 54.0. Observed point at altitude 110.0, position (18.867412096726266, 68.88942685443071)
Starting time:  11:41:14
Computing DONE in:  0:00:00.000018
*******************************************************************************************************************************
Starting calculation for SKY map 25/36:
Observation at point (20.363641, 69.348151), azimuth 239.99999999999997, elevation 54.0. Observed point at altitude 110.0, position (18.66450089993902, 68.98799703064363)
Starting time:  11:41:14
Computing DONE in:  0:00:00.000018
*******************************************************************************************************************************
Starting calculation for SKY map 26/36:
Observation at point (20.363641, 69.348151), azimuth 250.00000000000003, elevation 54.0. Observed point at altitude 110.0, position (18.510685644850234, 69.09757185683374)
Starting time:  11:41:14
Computing DONE in:  0:00:00.000018
*******************************************************************************************************************************
Starting calculation for SKY map 27/36:
Observation at point (20.363641, 69.348151), azimuth 260.0, elevation 54.0. Observed point at altitude 110.0, position (18.41120864775357, 69.21496194016561)
Starting time:  11:41:14
Computing DONE in:  0:00:00.000017
*******************************************************************************************************************************
Starting calculation for SKY map 28/36:
Observation at point (20.363641, 69.348151), azimuth 270.0, elevation 54.0. Observed point at altitude 110.0, position (18.36990799962211, 69.33669811911616)
Starting time:  11:41:14
Computing DONE in:  0:00:00.000023
*******************************************************************************************************************************
Starting calculation for SKY map 29/36:
Observation at point (20.363641, 69.348151), azimuth 280.0, elevation 54.0. Observed point at altitude 110.0, position (18.389012735101378, 69.45912402834493)
Starting time:  11:41:14
Computing DONE in:  0:00:00.000017
*******************************************************************************************************************************
Starting calculation for SKY map 30/36:
Observation at point (20.363641, 69.348151), azimuth 290.0, elevation 54.0. Observed point at altitude 110.0, position (18.46896275514581, 69.57850044458644)
Starting time:  11:41:14
Computing DONE in:  0:00:00.000018
*******************************************************************************************************************************
Starting calculation for SKY map 31/36:
Observation at point (20.363641, 69.348151), azimuth 300.0, elevation 54.0. Observed point at altitude 110.0, position (18.608270825864174, 69.69111947084984)
Starting time:  11:41:14
Computing DONE in:  0:00:00.000018
*******************************************************************************************************************************
Starting calculation for SKY map 32/36:
Observation at point (20.363641, 69.348151), azimuth 310.0, elevation 54.0. Observed point at altitude 110.0, position (18.803445913014066, 69.79342550179292)
Starting time:  11:41:14
Computing DONE in:  0:00:00.000019
*******************************************************************************************************************************
Starting calculation for SKY map 33/36:
Observation at point (20.363641, 69.348151), azimuth 320.0, elevation 54.0. Observed point at altitude 110.0, position (19.048996820712794, 69.88213871128058)
Starting time:  11:41:14
Computing DONE in:  0:00:00.000018
*******************************************************************************************************************************
Starting calculation for SKY map 34/36:
Observation at point (20.363641, 69.348151), azimuth 330.0, elevation 54.0. Observed point at altitude 110.0, position (19.33753184989093, 69.95437567389354)
Starting time:  11:41:14
Computing DONE in:  0:00:00.000019
*******************************************************************************************************************************
Starting calculation for SKY map 35/36:
Observation at point (20.363641, 69.348151), azimuth 340.0, elevation 54.0. Observed point at altitude 110.0, position (19.65996364339977, 70.00776088065042)
Starting time:  11:41:14
Computing DONE in:  0:00:00.000021
*******************************************************************************************************************************
Starting calculation for SKY map 36/36:
Observation at point (20.363641, 69.348151), azimuth 350.0, elevation 54.0. Observed point at altitude 110.0, position (20.005818866153568, 70.04052255162394)
Starting time:  11:41:14
Computing DONE in:  0:00:00.000017
Stacking processor results...
opt_depth, direct:
0.16069592828571116 4.26777931931547e-12
/usr/lib/python3/dist-packages/numpy/lib/histograms.py:908: RuntimeWarning: invalid value encountered in true_divide
  return n/db/n.sum(), bin_edges
opt_depth, direct:
0.16069592828571116 4.163126915332093e-12
opt_depth, direct:
0.16069592828571116 4.047135778113537e-12
opt_depth, direct:
0.16069592828571116 4.092602255181769e-12
opt_depth, direct:
0.16069592828571116 4.338285430634091e-12
opt_depth, direct:
0.16069592828571116 4.326891924059312e-12
opt_depth, direct:
0.16069592828571116 4.298621499926755e-12
opt_depth, direct:
0.16069592828571116 3.906655107147419e-12
opt_depth, direct:
0.16069592828571116 3.5038905969952215e-12
opt_depth, direct:
0.16069592828571116 2.920051273520377e-12
opt_depth, direct:
0.16069592828571116 2.3774721563119818e-12
opt_depth, direct:
0.16069592828571116 2.0321836766833057e-12
opt_depth, direct:
0.16069592828571116 1.569788211748629e-12
opt_depth, direct:
0.16069592828571116 1.278167415073227e-12
opt_depth, direct:
0.16069592828571116 1.0604236525564115e-12
opt_depth, direct:
0.16069592828571116 8.831985197966107e-13
opt_depth, direct:
0.16069592828571116 7.929329458014337e-13
opt_depth, direct:
0.16069592828571116 8.177946243328768e-13
opt_depth, direct:
0.16069592828571116 7.671203770477557e-13
opt_depth, direct:
0.16069592828571116 7.831183642471709e-13
opt_depth, direct:
0.16069592828571116 7.451989868824462e-13
opt_depth, direct:
0.16069592828571116 7.785943623165261e-13
opt_depth, direct:
0.16069592828571116 8.077336829210771e-13
opt_depth, direct:
0.16069592828571116 7.647177536116775e-13
opt_depth, direct:
0.16069592828571116 7.96417420965283e-13
opt_depth, direct:
0.16069592828571116 8.401217011423227e-13
opt_depth, direct:
0.16069592828571116 9.546473672331916e-13
opt_depth, direct:
0.16069592828571116 1.1554132433801671e-12
opt_depth, direct:
0.16069592828571116 1.304366249152509e-12
opt_depth, direct:
0.16069592828571116 1.7259168429913487e-12
opt_depth, direct:
0.16069592828571116 2.018442883971791e-12
opt_depth, direct:
0.16069592828571116 3.008422473223652e-12
opt_depth, direct:
0.16069592828571116 3.2447105638044838e-12
opt_depth, direct:
0.16069592828571116 3.6303087126405514e-12
opt_depth, direct:
0.16069592828571116 4.150812719176495e-12
opt_depth, direct:
0.16069592828571116 4.267525931978159e-12
/home/bossel/These/Analysis/src/rayleigh/simulation.py:625: RuntimeWarning: More than 20 figures have been opened. Figures created through the pyplot interface (`matplotlib.pyplot.figure`) are retained until explicitly closed and may consume too much memory. (To control this warning, see the rcParam `figure.max_open_warning`).
  f, axs = plt.subplots(3, sharex = True, figsize=(16, 8))
Print results in log/20190307_v_rot_elevation_test.csv
Simulation ran in: 0:00:31.326274
