Correct input file in use: systemic/systemic_azimuts180_elevations45_point_src_dist5_point_src_az180_resolution_along_los1.3204081632653062_RS_min_altitude0_RS_max_altitude100_wavelength391.4_emission_altitude90_max_angle_discretization1
Loading the sky emission cube...
Has_sky_emission: True
Has_ground_emission: False
lagorge 0.10361906322688955 0.7891042478910105
ALT MAP BOUNDS 5.037613394081269 6.836256605918731 44.31302139408126 46.111664605918726
0.01569612305760477
ALT MAP BOUNDS 5.036200993144891 6.8348442049823515 44.309575523615855 46.10821873545331
ALT MAP BOUNDS 5.036200993144891 6.8348442049823515 44.309575523615855 46.10821873545331
Initialization DONE
*******************************************************************************************************************************
STARTING calculation for obs:
Observation at point (5.936935, 45.212343), azimuth 180.0, elevation 45.0. Observed point at altitude 90.0, position (5.936935000000001, 44.4196935987303)
107.0 bins to compute
  0%|          | 0/107.0 [00:00<?, ?it/s] 55%|█████▌    | 59/107.0 [00:00<00:00, 518.05it/s] 70%|███████   | 75/107.0 [00:00<00:00, 113.93it/s] 82%|████████▏ | 88/107.0 [00:02<00:01, 16.14it/s]  88%|████████▊ | 94/107.0 [00:20<00:00, 16.14it/s] 89%|████████▉ | 95/107.0 [00:21<00:10,  1.20it/s] 90%|████████▉ | 96/107.0 [00:38<01:01,  5.61s/it] 91%|█████████ | 97/107.0 [01:06<02:05, 12.55s/it] 92%|█████████▏| 98/107.0 [01:21<01:58, 13.14s/it] 93%|█████████▎| 99/107.0 [01:28<01:31, 11.39s/it] 93%|█████████▎| 100/107.0 [01:33<01:04,  9.28s/it] 94%|█████████▍| 101/107.0 [01:35<00:43,  7.29s/it] 95%|█████████▌| 102/107.0 [01:37<00:28,  5.62s/it] 96%|█████████▋| 103/107.0 [01:38<00:17,  4.30s/it] 97%|█████████▋| 104/107.0 [01:39<00:09,  3.32s/it] 98%|█████████▊| 105/107.0 [01:40<00:05,  2.57s/it] 99%|█████████▉| 106/107.0 [01:41<00:01,  1.98s/it]100%|██████████| 107/107.0 [01:41<00:00,  1.55s/it]100%|██████████| 107/107.0 [01:41<00:00,  1.05it/s]
Computing DONE
opt_depth, direct:
0.5566973416535387 0
Making and NOT saving plots...
ALL TIME SINCE START: 102.1964373588562
