Correct input file in use: systemic/systemic_azimuts180_elevations45_point_src_dist5_point_src_az180_resolution_along_los6.14040404040404_RS_min_altitude0_RS_max_altitude100_wavelength391.4_emission_altitude90_max_angle_discretization1
Loading the sky emission cube...
Has_sky_emission: True
Has_ground_emission: False
lagorge 0.10361906322688955 0.7891042478910105
ALT MAP BOUNDS 5.037613394081269 6.836256605918731 44.31302139408126 46.111664605918726
0.01569612305760477
ALT MAP BOUNDS 5.036200993144891 6.8348442049823515 44.309575523615855 46.10821873545331
ALT MAP BOUNDS 5.036200993144891 6.8348442049823515 44.309575523615855 46.10821873545331
Initialization DONE
*******************************************************************************************************************************
STARTING calculation for obs:
Observation at point (5.936935, 45.212343), azimuth 180.0, elevation 45.0. Observed point at altitude 90.0, position (5.936935000000001, 44.4196935987303)
23.0 bins to compute
  0%|          | 0/23.0 [00:00<?, ?it/s] 57%|█████▋    | 13/23.0 [00:00<00:00, 104.15it/s] 74%|███████▍  | 17/23.0 [00:00<00:00, 20.42it/s]  87%|████████▋ | 20/23.0 [00:06<00:01,  1.61it/s] 87%|████████▋ | 20/23.0 [00:20<00:01,  1.61it/s] 91%|█████████▏| 21/23.0 [00:30<00:14,  7.50s/it] 96%|█████████▌| 22/23.0 [00:40<00:08,  8.28s/it]100%|██████████| 23/23.0 [00:43<00:00,  6.64s/it]100%|██████████| 23/23.0 [00:43<00:00,  1.87s/it]
Computing DONE
opt_depth, direct:
0.5566973416535387 0
Making and NOT saving plots...
ALL TIME SINCE START: 43.73508429527283
