Correct input file in use: systemic/systemic_azimutsall_elevations45_Nb_points_along_los100_RS_min_altitude0_RS_max_altitude100_use_analytictrue_Atmospheric_profileatm_profiles-equ.atm
All input parameter from the input file:
path: /home/bossel/These/Analysis/data/Night_pollution/
src_path: /home/bossel/These/Analysis/src/rayleigh/
saving_graphs: 0
flux_unit: W
use_analytic: true
azimuts: all
elevations: 45
location: skibotn
instrument_opening_angle: 1
instrument_area: 20
wavelength: 391.4
RS_min_altitude: 0
RS_max_altitude: 100
resolution_along_los: 1
Nb_points_along_los: 100
max_angle_discretization: 0
Atmospheric_profile: atm_profiles/equ.atm
sky_mode: none
emission_altitude: 110
Nb_emission_points: 100
Nb_emission_maps: 1
I_zone_a_min: 0
I_zone_a_max: 360
I_zone_e_min: 0
I_zone_e_max: 90
sky_path: /home/bossel/These/Analysis/data/allsky_camera/tid.uio.no/plasma/aurora/
sky_file: skn4/5577/2019/20190307/ut20/
sky_wavelength: 557.7
use_alt_map: 0
alt_map_path: /home/bossel/These/Analysis/data/elevation/
alt_map_radius: 30
alt_map_N_bins_max: 10000
alt_map_resolution: 0.2
ground_mode: point_I100_a180_d5
shader_mode: none
ground_emission_radius: 50
ground_N_bins_max: 1000
ground_albedo: altitude
ground_path: /home/bossel/These/Analysis/data/Night_pollution/
ground_file: nighttime_light_files/SVDNB_npp_20160101-20161231_75N060W_vcm-orm_v10_c201807311200.avg_rade9.tif
Has_sky_emission: False
Has_ground_emission: True
Initialization DONE
*******************************************************************************************************************************
STARTING calculation for GROUND map 1/36:
Observation at point (20.363641, 69.348151), azimuth 0.0, elevation 45.0. Observed point at altitude 110.0, position (20.363640999999998, 70.31254209541123)
Starting time:  16:44:38
100.0 bins to compute per processor
0.21432414576651201 0.807086728871234
0.8165513777396229 0.4419531589530191
1.0752906858970168 0.34119855927498555
1.145758033449995 0.31798278482112036
1.155959860489698 0.31475527071165293
1.1540075094236666 0.3153703837628922
1.1501783955556535 0.31658028782481845
1.146617696131882 0.31770954435167204
1.1436422343088695 0.3186562847681929
1.1412005672240761 0.3194352879763023
Computing DONE in:  0:00:00.014056
*******************************************************************************************************************************
STARTING calculation for GROUND map 2/36:
Observation at point (20.363641, 69.348151), azimuth 10.0, elevation 45.0. Observed point at altitude 110.0, position (20.86034385403887, 70.29721017027023)
Starting time:  16:44:38
100.0 bins to compute per processor
0.21432414576651201 0.807086728871234
0.8153142569026206 0.4425002467520218
1.0742660370420465 0.34154834716233967
1.1449704581115931 0.3182333188647489
1.155339803929689 0.31495049730156405
1.1535003523831162 0.3155303666381904
1.1497504143852608 0.3167158072247321
1.1462478126406643 0.31782708160333445
1.143316664397775 0.31876004655643614
1.1409098702530154 0.31952816034517106
Computing DONE in:  0:00:00.012914
*******************************************************************************************************************************
STARTING calculation for GROUND map 3/36:
Observation at point (20.363641, 69.348151), azimuth 20.0, elevation 45.0. Observed point at altitude 110.0, position (21.339827055393656, 70.25174762092317)
Starting time:  16:44:38
100.0 bins to compute per processor
0.21432414576651201 0.807086728871234
0.8116210866155446 0.4441374969763507
1.0712124745791036 0.3425928803365374
1.1426255680013817 0.3189804166156313
1.1534946874811722 0.3155321540918406
1.1519917357600757 0.3160067402365903
1.1484776407048138 0.3171191714095557
1.1451480220967845 0.3181768171049179
1.142348773288271 0.3190687209290562
1.1400457525631926 0.319804389611031
Computing DONE in:  0:00:00.011966
*******************************************************************************************************************************
STARTING calculation for GROUND map 4/36:
Observation at point (20.363641, 69.348151), azimuth 29.999999999999996, elevation 45.0. Observed point at altitude 110.0, position (21.785690917534886, 70.17772832091121)
Starting time:  16:44:38
100.0 bins to compute per processor
0.21432414576651201 0.807086728871234
0.8055267358334572 0.4468524913392585
1.0661912777016642 0.34431743267257553
1.1387768346872582 0.32021045269367765
1.1504695580120423 0.31648812494840695
1.1495200783052781 0.3167887667045145
1.1463934278040695 0.3177808045303157
1.1433477461493486 0.31875013908982897
1.1407648612887784 0.31957449815236477
1.138631982950412 0.32025683909340086
Computing DONE in:  0:00:00.012735
*******************************************************************************************************************************
STARTING calculation for GROUND map 5/36:
Observation at point (20.363641, 69.348151), azimuth 40.0, elevation 45.0. Observed point at altitude 110.0, position (22.18310255944999, 70.07769178504623)
Starting time:  16:44:38
100.0 bins to compute per processor
0.21432414576651201 0.807086728871234
0.79712365544065 0.4506232495516118
1.0593049916979025 0.3466966836893431
1.1335132392262568 0.3219003545573101
1.1463391020814688 0.3177980686710897
1.146148916863652 0.31785851491381034
1.143552834918947 0.31868477371907455
1.1408954871576729 0.31953275618221705
1.1386082388564083 0.3202644433921718
1.1367076696229654 0.32087370693021977
Computing DONE in:  0:00:00.017703
*******************************************************************************************************************************
STARTING calculation for GROUND map 6/36:
Observation at point (20.363641, 69.348151), azimuth 50.0, elevation 45.0. Observed point at altitude 110.0, position (22.519408749763613, 69.95502575342036)
Starting time:  16:44:38
100.0 bins to compute per processor
0.21432414576651201 0.807086728871234
0.7865434819636147 0.4554162322885825
1.0506980097162926 0.3496935743902559
1.1269590005476338 0.3240170955470635
1.141207003795285 0.3194332319149416
1.1419661230681943 0.31919083600753007
1.140031802029882 0.3198088510839411
1.1378580050015668 0.3205048067732055
1.1359384250283253 0.3211206322556477
1.1343264886151618 0.3216386757101816
Computing DONE in:  0:00:00.021656
*******************************************************************************************************************************
STARTING calculation for GROUND map 7/36:
Observation at point (20.363641, 69.348151), azimuth 59.99999999999999, elevation 45.0. Observed point at altitude 110.0, position (22.78457517871535, 69.8138163678588)
Starting time:  16:44:38
100.0 bins to compute per processor
0.21432414576651201 0.807086728871234
0.7739594831204659 0.4611834005424031
1.0405572945098007 0.353257758482344
1.1192730588398374 0.3265170670665843
1.1352049340096988 0.3213562577593342
1.1370827236732859 0.3207533845119099
1.1359259343015007 0.3211246433107934
1.1343191211483032 0.32164104538119453
1.1328299940659106 0.32212036656918736
1.1315555814863176 0.3225311425099033
Computing DONE in:  0:00:00.011019
*******************************************************************************************************************************
STARTING calculation for GROUND map 8/36:
Observation at point (20.363641, 69.348151), azimuth 70.0, elevation 45.0. Observed point at altitude 110.0, position (22.97143765564028, 69.65867755697063)
Starting time:  16:44:38
100.0 bins to compute per processor
0.21432414576651201 0.807086728871234
0.7595900422795198 0.467858189776899
1.0291131071750743 0.35732372792951067
1.110648160348946 0.3293454232348367
1.1284910552008742 0.32352106371905975
1.1316312432026512 0.322506740173263
1.1313488397153666 0.3225978300628065
1.1303781109694593 0.3229111370932834
1.1293710436142632 0.32323649415882133
1.1284741044321884 0.3235265476962545
Computing DONE in:  0:00:00.016764
*******************************************************************************************************************************
STARTING calculation for GROUND map 9/36:
Observation at point (20.363641, 69.348151), azimuth 80.0, elevation 45.0. Observed point at altitude 110.0, position (23.07577411994994, 69.49457123309257)
Starting time:  16:44:38
100.0 bins to compute per processor
0.21432414576651201 0.807086728871234
0.743703414114604 0.47535023295126344
1.0166395098462777 0.3618087542819033
1.1013093244868442 0.33243553263828846
1.1212478909212718 0.3258728869705218
1.125763469091677 0.32440469982744585
1.1264299542845448 0.3241885609332012
1.126147641466182 0.3242800964397347
1.1256612569958961 0.32443785960633276
1.1251714121667897 0.3245968227446843
Computing DONE in:  0:00:00.011383
*******************************************************************************************************************************
STARTING calculation for GROUND map 10/36:
Observation at point (20.363641, 69.348151), azimuth 90.0, elevation 45.0. Observed point at altitude 110.0, position (23.096223976486375, 69.32662857005603)
Starting time:  16:44:38
100.0 bins to compute per processor
0.21432414576651201 0.807086728871234
0.7266239646256574 0.48353868128764416
1.0034542575528658 0.36661088305781275
1.0915113994493062 0.335708720104329
1.1136793777043539 0.3283486172031189
1.1196475285505172 0.326394819205437
1.1213117877353596 0.32585206539647
1.1217512146456947 0.3257089086859056
1.121809537589629 0.3256899129374347
1.1217448663286662 0.32571097639588015
Computing DONE in:  0:00:00.010528
*******************************************************************************************************************************
STARTING calculation for GROUND map 11/36:
Observation at point (20.363641, 69.348151), azimuth 100.0, elevation 45.0. Observed point at altitude 110.0, position (23.034091235470655, 69.15998047052237)
Starting time:  16:44:38
100.0 bins to compute per processor
0.21432414576651201 0.807086728871234
0.7087399580459808 0.49226408023334994
0.9899174813219541 0.37160735430451086
1.0815353378151435 0.3390745318456469
1.1060068989094352 0.33087755420783743
1.1134641687954416 0.32841928835502804
1.116146532627115 0.3275395287794483
1.1173200894582935 0.32715536798931794
1.1179312064248177 0.32695549887117514
1.1182972710032295 0.32683583394820254
Computing DONE in:  0:00:00.014904
*******************************************************************************************************************************
STARTING calculation for GROUND map 12/36:
Observation at point (20.363641, 69.348151), azimuth 110.0, elevation 45.0. Observed point at altitude 110.0, position (22.893070482929605, 68.99960286908345)
Starting time:  16:44:38
100.0 bins to compute per processor
0.21432414576651201 0.807086728871234
0.6905125205262226 0.5013190669002655
0.9764282959221295 0.37665399582131
1.071682768667307 0.3424317988110681
1.0984641071077377 0.3333827308466006
1.1074021555511053 0.33041621701947943
1.1110920059149156 0.32919927716460334
1.112989680033646 0.3285751565924485
1.114144776680135 0.3281958396469901
1.1149339581280975 0.32793693575355426
Computing DONE in:  0:00:00.015684
*******************************************************************************************************************************
STARTING calculation for GROUND map 13/36:
Observation at point (20.363641, 69.348151), azimuth 119.99999999999999, elevation 45.0. Observed point at altitude 110.0, position (22.678931488768246, 68.85018018060431)
Starting time:  16:44:38
100.0 bins to compute per processor
0.21432414576651201 0.807086728871234
0.6724844366446701 0.5104388481789898
0.9634181832789819 0.38158632222396915
1.0622684412824435 0.34567078639434706
1.0912903906886255 0.33578292287193773
1.1016527567062702 0.3323213831679233
1.106306937713946 0.33077829299388606
1.1088954666648392 0.329923171037592
1.1105683513654128 0.3293717090072028
1.111759573140875 0.32897958785320947
Computing DONE in:  0:00:00.016956
*******************************************************************************************************************************
STARTING calculation for GROUND map 14/36:
Observation at point (20.363641, 69.348151), azimuth 130.0, elevation 45.0. Observed point at altitude 110.0, position (22.399191503723667, 68.71598826650627)
Starting time:  16:44:38
100.0 bins to compute per processor
0.21432414576651201 0.807086728871234
0.6552855602494772 0.5192937517589132
0.951339812811723 0.38622320984057557
1.0536102140326644 0.34867667667914765
1.0847229483320744 0.3379954151175575
1.0964033645527347 0.3340704551951973
1.1019456890191726 0.3322240497532722
1.1051685083357943 0.33115507514952963
1.107315732118026 0.33044477395727584
1.1088746450002285 0.32993004065872483
Computing DONE in:  0:00:00.016381
*******************************************************************************************************************************
STARTING calculation for GROUND map 15/36:
Observation at point (20.363641, 69.348151), azimuth 140.0, elevation 45.0. Observed point at altitude 110.0, position (22.062796098303526, 68.6007968743641)
Starting time:  16:44:38
100.0 bins to compute per processor
0.21432414576651201 0.807086728871234
0.639628585237261 0.5274883046078336
0.9406500556118804 0.39037398805835966
1.0460165106726265 0.35133450252915666
1.0789876124002193 0.33993950203337897
1.0918304311829448 0.3356016354519659
1.0981525655578444 0.3334866095997099
1.1019307081722136 0.3322290267881976
1.1044923744730757 0.3313790560216426
1.1063720616828803 0.3307567521000309
Computing DONE in:  0:00:00.014630
*******************************************************************************************************************************
STARTING calculation for GROUND map 16/36:
Observation at point (20.363641, 69.348151), azimuth 150.0, elevation 45.0. Observed point at altitude 110.0, position (21.679821326555917, 68.50779060852261)
Starting time:  16:44:38
100.0 bins to compute per processor
0.21432414576651201 0.807086728871234
0.6262852393491521 0.5345739313628093
0.9317865896031681 0.3938494341283985
1.039771594029072 0.35353542233903346
1.0742888033378135 0.34154057146016176
1.088092037327768 0.3368585945839795
1.0950559897495094 0.3345208766841699
1.099290048597175 0.33310748989943834
1.102191372183723 0.33214243792312587
1.1043336075799899 0.3314316722215456
Computing DONE in:  0:00:00.014111
*******************************************************************************************************************************
STARTING calculation for GROUND map 17/36:
Observation at point (20.363641, 69.348151), azimuth 160.0, elevation 45.0. Observed point at altitude 110.0, position (21.261202996719906, 68.4395070395179)
Starting time:  16:44:38
100.0 bins to compute per processor
0.21432414576651201 0.807086728871234
0.6160312435930533 0.5400836502269809
0.9251388859097385 0.3964763502723436
1.035119587167772 0.35518390294809987
1.070799269641225 0.3427344706572698
1.08532056221437 0.33779348470954834
1.0927628809771917 0.33528884962724176
1.0973360698323962 0.33375901118317314
1.100489691815263 0.3327081193572634
1.1028267465453578 0.33193147016250907
Computing DONE in:  0:00:00.013381
*******************************************************************************************************************************
STARTING calculation for GROUND map 18/36:
Observation at point (20.363641, 69.348151), azimuth 170.0, elevation 45.0. Observed point at altitude 110.0, position (20.818493298703018, 68.39779045618862)
Starting time:  16:44:38
100.0 bins to compute per processor
0.21432414576651201 0.807086728871234
0.6095541810747126 0.5435931591797487
0.921016434778283 0.3981141782645299
1.0322487877391415 0.3562050297175148
1.0686505097218686 0.34347171654934605
1.083616036232428 0.3383697534737824
1.0913536549910208 0.33576168047151594
1.0961359000006232 0.3341598191501821
1.0994448994741481 0.33305591190605294
1.101901846888283 0.33223861548284006
Computing DONE in:  0:00:00.013447
*******************************************************************************************************************************
STARTING calculation for GROUND map 19/36:
Observation at point (20.363641, 69.348151), azimuth 180.0, elevation 45.0. Observed point at altitude 110.0, position (20.363640999999998, 68.38375990458876)
Starting time:  16:44:38
100.0 bins to compute per processor
0.21432414576651201 0.807086728871234
0.6073368622288416 0.5447998158129536
0.919619205198198 0.3986708239610094
1.031278266791238 0.3565509019715898
1.0679249015275474 0.3437210328834404
1.083040800348485 0.3385644518914109
1.0908782649616526 0.3359213361730135
1.0957311446226932 0.334295099509951
1.0990926158706267 0.33317326271204206
1.1015900367047935 0.3323422270192227
Computing DONE in:  0:00:00.015195
*******************************************************************************************************************************
STARTING calculation for GROUND map 20/36:
Observation at point (20.363641, 69.348151), azimuth 190.0, elevation 45.0. Observed point at altitude 110.0, position (19.908788701296977, 68.39779045618862)
Starting time:  16:44:38
100.0 bins to compute per processor
0.21432414576651201 0.807086728871234
0.6095541810747126 0.5435931591797487
0.921016434778283 0.3981141782645299
1.0322487877391415 0.3562050297175148
1.0686505097218686 0.34347171654934605
1.083616036232428 0.3383697534737824
1.0913536549910208 0.33576168047151594
1.0961359000006232 0.3341598191501821
1.0994448994741481 0.33305591190605294
1.101901846888283 0.33223861548284006
Computing DONE in:  0:00:00.016060
*******************************************************************************************************************************
STARTING calculation for GROUND map 21/36:
Observation at point (20.363641, 69.348151), azimuth 200.0, elevation 45.0. Observed point at altitude 110.0, position (19.46607900328009, 68.4395070395179)
Starting time:  16:44:38
100.0 bins to compute per processor
0.21432414576651201 0.807086728871234
0.6160312435930533 0.5400836502269809
0.9251388859097385 0.3964763502723436
1.035119587167772 0.35518390294809987
1.070799269641225 0.3427344706572698
1.08532056221437 0.33779348470954834
1.0927628809771917 0.33528884962724176
1.0973360698323962 0.33375901118317314
1.100489691815263 0.3327081193572634
1.1028267465453578 0.33193147016250907
Computing DONE in:  0:00:00.016727
*******************************************************************************************************************************
STARTING calculation for GROUND map 22/36:
Observation at point (20.363641, 69.348151), azimuth 210.00000000000003, elevation 45.0. Observed point at altitude 110.0, position (19.047460673444075, 68.50779060852261)
Starting time:  16:44:38
100.0 bins to compute per processor
0.21432414576651201 0.807086728871234
0.6262852393491521 0.5345739313628093
0.9317865896031681 0.3938494341283985
1.039771594029072 0.35353542233903346
1.0742888033378135 0.34154057146016176
1.088092037327768 0.3368585945839795
1.0950559897495094 0.3345208766841699
1.099290048597175 0.33310748989943834
1.102191372183723 0.33214243792312587
1.1043336075799899 0.3314316722215456
Computing DONE in:  0:00:00.015434
*******************************************************************************************************************************
STARTING calculation for GROUND map 23/36:
Observation at point (20.363641, 69.348151), azimuth 220.0, elevation 45.0. Observed point at altitude 110.0, position (18.66448590169647, 68.6007968743641)
Starting time:  16:44:39
100.0 bins to compute per processor
0.21432414576651201 0.807086728871234
0.639628585237261 0.5274883046078336
0.9406500556118804 0.39037398805835966
1.0460165106726265 0.35133450252915666
1.0789876124002193 0.33993950203337897
1.0918304311829448 0.3356016354519659
1.0981525655578444 0.3334866095997099
1.1019307081722136 0.3322290267881976
1.1044923744730757 0.3313790560216426
1.1063720616828803 0.3307567521000309
Computing DONE in:  0:00:00.015805
*******************************************************************************************************************************
STARTING calculation for GROUND map 24/36:
Observation at point (20.363641, 69.348151), azimuth 230.0, elevation 45.0. Observed point at altitude 110.0, position (18.32809049627633, 68.71598826650627)
Starting time:  16:44:39
100.0 bins to compute per processor
0.21432414576651201 0.807086728871234
0.6552855602494772 0.5192937517589132
0.951339812811723 0.38622320984057557
1.0536102140326644 0.34867667667914765
1.0847229483320744 0.3379954151175575
1.0964033645527347 0.3340704551951973
1.1019456890191726 0.3322240497532722
1.1051685083357943 0.33115507514952963
1.107315732118026 0.33044477395727584
1.1088746450002285 0.32993004065872483
Computing DONE in:  0:00:00.015986
*******************************************************************************************************************************
STARTING calculation for GROUND map 25/36:
Observation at point (20.363641, 69.348151), azimuth 239.99999999999997, elevation 45.0. Observed point at altitude 110.0, position (18.04835051123175, 68.85018018060431)
Starting time:  16:44:39
100.0 bins to compute per processor
0.21432414576651201 0.807086728871234
0.67248443664467 0.5104388481789898
0.9634181832789819 0.38158632222396915
1.0622684412824435 0.34567078639434706
1.0912903906886255 0.33578292287193773
1.1016527567062702 0.3323213831679233
1.106306937713946 0.33077829299388606
1.1088954666648392 0.329923171037592
1.1105683513654128 0.3293717090072028
1.111759573140875 0.32897958785320947
Computing DONE in:  0:00:00.014685
*******************************************************************************************************************************
STARTING calculation for GROUND map 26/36:
Observation at point (20.363641, 69.348151), azimuth 250.00000000000003, elevation 45.0. Observed point at altitude 110.0, position (17.834211517070393, 68.99960286908345)
Starting time:  16:44:39
100.0 bins to compute per processor
0.21432414576651201 0.807086728871234
0.6905125205262227 0.5013190669002654
0.9764282959221295 0.37665399582131
1.071682768667307 0.3424317988110681
1.098464107107738 0.33338273084660053
1.1074021555511053 0.33041621701947943
1.1110920059149156 0.32919927716460334
1.112989680033646 0.3285751565924485
1.114144776680135 0.3281958396469901
1.1149339581280975 0.32793693575355426
Computing DONE in:  0:00:00.016238
*******************************************************************************************************************************
STARTING calculation for GROUND map 27/36:
Observation at point (20.363641, 69.348151), azimuth 260.0, elevation 45.0. Observed point at altitude 110.0, position (17.69319076452934, 69.15998047052237)
Starting time:  16:44:39
100.0 bins to compute per processor
0.21432414576651201 0.807086728871234
0.7087399580459808 0.49226408023334994
0.9899174813219542 0.3716073543045108
1.0815353378151435 0.3390745318456469
1.1060068989094352 0.33087755420783743
1.1134641687954416 0.32841928835502804
1.116146532627115 0.3275395287794483
1.1173200894582935 0.32715536798931794
1.1179312064248177 0.32695549887117514
1.1182972710032295 0.32683583394820254
Computing DONE in:  0:00:00.013854
*******************************************************************************************************************************
STARTING calculation for GROUND map 28/36:
Observation at point (20.363641, 69.348151), azimuth 270.0, elevation 45.0. Observed point at altitude 110.0, position (17.63105802351362, 69.32662857005603)
Starting time:  16:44:39
100.0 bins to compute per processor
0.21432414576651201 0.807086728871234
0.7266239646256574 0.48353868128764416
1.0034542575528658 0.36661088305781275
1.0915113994493062 0.335708720104329
1.1136793777043539 0.3283486172031189
1.1196475285505172 0.326394819205437
1.1213117877353596 0.32585206539647
1.1217512146456947 0.3257089086859056
1.121809537589629 0.3256899129374347
1.1217448663286662 0.32571097639588015
Computing DONE in:  0:00:00.010166
*******************************************************************************************************************************
STARTING calculation for GROUND map 29/36:
Observation at point (20.363641, 69.348151), azimuth 280.0, elevation 45.0. Observed point at altitude 110.0, position (17.651507880050055, 69.49457123309257)
Starting time:  16:44:39
100.0 bins to compute per processor
0.21432414576651201 0.807086728871234
0.743703414114604 0.47535023295126344
1.0166395098462777 0.3618087542819033
1.1013093244868442 0.33243553263828846
1.1212478909212718 0.3258728869705218
1.125763469091677 0.32440469982744585
1.1264299542845448 0.3241885609332012
1.126147641466182 0.3242800964397347
1.1256612569958961 0.32443785960633276
1.1251714121667897 0.3245968227446843
Computing DONE in:  0:00:00.011614
*******************************************************************************************************************************
STARTING calculation for GROUND map 30/36:
Observation at point (20.363641, 69.348151), azimuth 290.0, elevation 45.0. Observed point at altitude 110.0, position (17.755844344359716, 69.65867755697063)
Starting time:  16:44:39
100.0 bins to compute per processor
0.21432414576651201 0.807086728871234
0.7595900422795199 0.46785818977689897
1.0291131071750743 0.35732372792951067
1.110648160348946 0.3293454232348367
1.1284910552008742 0.32352106371905975
1.1316312432026512 0.322506740173263
1.1313488397153666 0.3225978300628065
1.1303781109694593 0.3229111370932834
1.1293710436142632 0.32323649415882133
1.1284741044321884 0.3235265476962545
Computing DONE in:  0:00:00.013933
*******************************************************************************************************************************
STARTING calculation for GROUND map 31/36:
Observation at point (20.363641, 69.348151), azimuth 300.0, elevation 45.0. Observed point at altitude 110.0, position (17.94270682128465, 69.8138163678588)
Starting time:  16:44:39
100.0 bins to compute per processor
0.21432414576651201 0.807086728871234
0.7739594831204659 0.4611834005424031
1.0405572945098007 0.353257758482344
1.1192730588398374 0.3265170670665843
1.1352049340096988 0.3213562577593342
1.1370827236732859 0.3207533845119099
1.1359259343015007 0.3211246433107934
1.1343191211483032 0.32164104538119453
1.1328299940659106 0.32212036656918736
1.1315555814863176 0.3225311425099033
Computing DONE in:  0:00:00.009983
*******************************************************************************************************************************
STARTING calculation for GROUND map 32/36:
Observation at point (20.363641, 69.348151), azimuth 310.0, elevation 45.0. Observed point at altitude 110.0, position (18.20787325023638, 69.95502575342036)
Starting time:  16:44:39
100.0 bins to compute per processor
0.21432414576651201 0.807086728871234
0.7865434819636147 0.4554162322885825
1.0506980097162926 0.3496935743902559
1.1269590005476338 0.3240170955470635
1.141207003795285 0.3194332319149416
1.1419661230681943 0.31919083600753007
1.140031802029882 0.3198088510839411
1.1378580050015668 0.3205048067732055
1.1359384250283253 0.3211206322556477
1.1343264886151618 0.3216386757101816
Computing DONE in:  0:00:00.015095
*******************************************************************************************************************************
STARTING calculation for GROUND map 33/36:
Observation at point (20.363641, 69.348151), azimuth 320.0, elevation 45.0. Observed point at altitude 110.0, position (18.544179440550003, 70.07769178504623)
Starting time:  16:44:39
100.0 bins to compute per processor
0.21432414576651201 0.807086728871234
0.79712365544065 0.4506232495516118
1.0593049916979025 0.3466966836893431
1.1335132392262568 0.3219003545573101
1.1463391020814688 0.3177980686710897
1.146148916863652 0.31785851491381034
1.143552834918947 0.31868477371907455
1.1408954871576729 0.31953275618221705
1.1386082388564083 0.3202644433921718
1.1367076696229654 0.32087370693021977
Computing DONE in:  0:00:00.014925
*******************************************************************************************************************************
STARTING calculation for GROUND map 34/36:
Observation at point (20.363641, 69.348151), azimuth 330.0, elevation 45.0. Observed point at altitude 110.0, position (18.94159108246511, 70.17772832091121)
Starting time:  16:44:39
100.0 bins to compute per processor
0.21432414576651201 0.807086728871234
0.8055267358334572 0.4468524913392585
1.0661912777016642 0.34431743267257553
1.1387768346872582 0.32021045269367765
1.150469558012042 0.316488124948407
1.1495200783052781 0.3167887667045145
1.1463934278040695 0.3177808045303157
1.1433477461493486 0.31875013908982897
1.1407648612887784 0.31957449815236477
1.138631982950412 0.32025683909340086
Computing DONE in:  0:00:00.010017
*******************************************************************************************************************************
STARTING calculation for GROUND map 35/36:
Observation at point (20.363641, 69.348151), azimuth 340.0, elevation 45.0. Observed point at altitude 110.0, position (19.387454944606343, 70.25174762092317)
Starting time:  16:44:39
100.0 bins to compute per processor
0.21432414576651201 0.807086728871234
0.8116210866155446 0.4441374969763507
1.0712124745791036 0.3425928803365374
1.1426255680013817 0.3189804166156313
1.1534946874811722 0.3155321540918406
1.1519917357600757 0.3160067402365903
1.1484776407048138 0.3171191714095557
1.1451480220967845 0.3181768171049179
1.142348773288271 0.3190687209290562
1.1400457525631926 0.319804389611031
Computing DONE in:  0:00:00.010927
*******************************************************************************************************************************
STARTING calculation for GROUND map 36/36:
Observation at point (20.363641, 69.348151), azimuth 350.0, elevation 45.0. Observed point at altitude 110.0, position (19.866938145961125, 70.29721017027023)
Starting time:  16:44:39
100.0 bins to compute per processor
0.21432414576651201 0.807086728871234
0.8153142569026206 0.4425002467520218
1.0742660370420465 0.34154834716233967
1.1449704581115931 0.3182333188647489
1.155339803929689 0.31495049730156405
1.1535003523831162 0.3155303666381904
1.1497504143852608 0.3167158072247321
1.1462478126406643 0.31782708160333445
1.143316664397775 0.31876004655643614
1.1409098702530154 0.31952816034517106
Computing DONE in:  0:00:00.010744
Print results in log/systematic_atm_profil.csv
Simulation ran in: 0:00:00.673311
