Correct input file in use: systemic/systemic_azimutsall_elevations35
All input parameter from the input file:
path: /home/bossel/These/Analysis/data/Night_pollution/
src_path: /home/bossel/These/Analysis/src/rayleigh/
saving_graphs: 0
save_path: /home/bossel/These/Documentation/Mes_articles/auroral_pola/sky_only/
save_name: 20190307_m_sky_only_aero_1low_albedo
flux_unit: W
use_analytic: false
azimuts: all
elevations: 35
location: skibotn
start_datetime: 20190116-02:44:00
end_datetime: 20190116-04:00:00
instrument_opening_angle: 1
instrument_area: 20
wavelength: 557.7
cst_Flux: 0
cst_DoLP: 0
cst_AoLP: 0
add_starlight: 0
add_B_pola: 0
RS_min_altitude: 0
RS_max_altitude: 100
Nb_points_along_los: 100
resolution_along_los: 0.5
max_angle_discretization: 0
Atmospheric_profile: atm_profiles/win.atm
use_ozone: 1
use_aerosol: 1
aer_complexity: 1
aer_model: maritime
aer_name: maritime_test
aer_nr: 1.6
aer_ni: -0.010
aer_rn0: 1
aer_rmg: 0.001
aer_ln_sigma: 0.657
aer_r_min: 0.001
aer_r_max: 50
aer_Hn: 0.440
aer_n0: 300
aer_nBK: 30
aer_ext_profile_name: mar
aer_single_scatter_albedo: 0.9
aer_phase_fct_asym_g: 0.7
sky_mode: image
direct_mode: only
emission_altitude: 110
Nb_emission_points: 1000
Nb_emission_maps: 1
I_zone_a_min: 0
I_zone_a_max: 360
I_zone_e_min: 0
I_zone_e_max: 90
sky_path: /home/bossel/These/Analysis/data/allsky_camera/tid.uio.no/plasma/aurora/
sky_file: skn4/5577/2019/20190308/ut01/skn4_20190308_012908_5577_cal.png
sky_wavelength: 557.7
use_alt_map: 1
alt_map_path: /home/bossel/These/Analysis/data/elevation/
alt_map_radius: 100
alt_map_N_bins_max: 0
alt_map_resolution: 0.5
ground_mode: none
shader_mode: none
ground_emission_radius: 100
ground_N_bins_max: 1000
ground_albedo: altitude_0.2_0.2_0.5_0.5_0.8
ground_path: /home/bossel/These/Analysis/data/Night_pollution/
ground_file: nighttime_light_files/SVDNB_npp_20160101-20161231_75N060W_vcm-orm-ntl_v10_c201807311200.avg_rade9.tif
Aerosol Model: maritime
Running aerosol optical properties. May take 10sec...
Loading the sky emission cube...
Importing all sky image data from: /home/bossel/These/Analysis/data/allsky_camera/tid.uio.no/plasma/aurora/skn4/5577/2019/20190308/ut01/skn4_20190308_012908_5577_cal.png
Sky cube loaded!
Has_sky_emission: True
Has_ground_emission: False
ALT MAP RESOLUTION lon, lat 0.5 1.417681295118693 0.49999999999999994
WARNING: Elevation tile not found: /home/bossel/These/Analysis/data/elevation/N070E015_N075E020/ALPSMLC30_N070E017_DSM.tif
WARNING: Elevation tile not found: /home/bossel/These/Analysis/data/elevation/N070E015_N075E020/ALPSMLC30_N070E018_DSM.tif
WARNING: Elevation tile not found: /home/bossel/These/Analysis/data/elevation/N070E015_N075E020/ALPSMLC30_N070E019_DSM.tif
Initialization DONE
*******************************************************************************************************************************
Starting calculation for SKY map 1/36:
Observation at point (20.363641, 69.348151), azimuth 0.0, elevation 35.0. Observed point at altitude 110.0, position (20.363641, 70.71385560380573)
Starting time:  11:32:04
Computing DONE in:  0:00:00.000035
*******************************************************************************************************************************
Starting calculation for SKY map 2/36:
Observation at point (20.363641, 69.348151), azimuth 10.0, elevation 35.0. Observed point at altitude 110.0, position (21.080819972039098, 70.69171451527663)
Starting time:  11:32:04
Computing DONE in:  0:00:00.000024
*******************************************************************************************************************************
Starting calculation for SKY map 3/36:
Observation at point (20.363641, 69.348151), azimuth 20.0, elevation 35.0. Observed point at altitude 110.0, position (21.7717121121829, 70.62610745377928)
Starting time:  11:32:04
Computing DONE in:  0:00:00.000022
*******************************************************************************************************************************
Starting calculation for SKY map 4/36:
Observation at point (20.363641, 69.348151), azimuth 29.999999999999996, elevation 35.0. Observed point at altitude 110.0, position (22.411495624445863, 70.51943631339317)
Starting time:  11:32:04
Computing DONE in:  0:00:00.000023
*******************************************************************************************************************************
Starting calculation for SKY map 5/36:
Observation at point (20.363641, 69.348151), azimuth 40.0, elevation 35.0. Observed point at altitude 110.0, position (22.978113149297837, 70.37555414280686)
Starting time:  11:32:04
Computing DONE in:  0:00:00.000037
*******************************************************************************************************************************
Starting calculation for SKY map 6/36:
Observation at point (20.363641, 69.348151), azimuth 50.0, elevation 35.0. Observed point at altitude 110.0, position (23.45327471767586, 70.19955837056354)
Starting time:  11:32:04
Computing DONE in:  0:00:00.000017
*******************************************************************************************************************************
Starting calculation for SKY map 7/36:
Observation at point (20.363641, 69.348151), azimuth 59.99999999999999, elevation 35.0. Observed point at altitude 110.0, position (23.823091740464854, 69.99753394044448)
Starting time:  11:32:04
Computing DONE in:  0:00:00.000041
*******************************************************************************************************************************
Starting calculation for SKY map 8/36:
Observation at point (20.363641, 69.348151), azimuth 70.0, elevation 35.0. Observed point at altitude 110.0, position (24.07833376498793, 69.77627071800339)
Starting time:  11:32:04
Computing DONE in:  0:00:00.000019
*******************************************************************************************************************************
Starting calculation for SKY map 9/36:
Observation at point (20.363641, 69.348151), azimuth 80.0, elevation 35.0. Observed point at altitude 110.0, position (24.214353535431847, 69.54297769708207)
Starting time:  11:32:04
Computing DONE in:  0:00:00.000021
*******************************************************************************************************************************
Starting calculation for SKY map 10/36:
Observation at point (20.363641, 69.348151), azimuth 90.0, elevation 35.0. Observed point at altitude 110.0, position (24.23075940861362, 69.3050119091481)
Starting time:  11:32:04
Computing DONE in:  0:00:00.000020
*******************************************************************************************************************************
Starting calculation for SKY map 11/36:
Observation at point (20.363641, 69.348151), azimuth 100.0, elevation 35.0. Observed point at altitude 110.0, position (24.13092561821496, 69.06963409969012)
Starting time:  11:32:04
Computing DONE in:  0:00:00.000018
*******************************************************************************************************************************
Starting calculation for SKY map 12/36:
Observation at point (20.363641, 69.348151), azimuth 110.0, elevation 35.0. Observed point at altitude 110.0, position (23.921424594401877, 68.84379756100967)
Starting time:  11:32:04
Computing DONE in:  0:00:00.000017
*******************************************************************************************************************************
Starting calculation for SKY map 13/36:
Observation at point (20.363641, 69.348151), azimuth 119.99999999999999, elevation 35.0. Observed point at altitude 110.0, position (23.611448597472346, 68.63397188170937)
Starting time:  11:32:04
Computing DONE in:  0:00:00.000017
*******************************************************************************************************************************
Starting calculation for SKY map 14/36:
Observation at point (20.363641, 69.348151), azimuth 130.0, elevation 35.0. Observed point at altitude 110.0, position (23.212267117709153, 68.44600014562845)
Starting time:  11:32:04
Computing DONE in:  0:00:00.000017
*******************************************************************************************************************************
Starting calculation for SKY map 15/36:
Observation at point (20.363641, 69.348151), azimuth 140.0, elevation 35.0. Observed point at altitude 110.0, position (22.736746719659145, 68.28498624515498)
Starting time:  11:32:04
Computing DONE in:  0:00:00.000019
*******************************************************************************************************************************
Starting calculation for SKY map 16/36:
Observation at point (20.363641, 69.348151), azimuth 150.0, elevation 35.0. Observed point at altitude 110.0, position (22.198943885513593, 68.15520820491837)
Starting time:  11:32:04
Computing DONE in:  0:00:00.000022
*******************************************************************************************************************************
Starting calculation for SKY map 17/36:
Observation at point (20.363641, 69.348151), azimuth 160.0, elevation 35.0. Observed point at altitude 110.0, position (21.613769711671235, 68.06005341375304)
Starting time:  11:32:04
Computing DONE in:  0:00:00.000019
*******************************************************************************************************************************
Starting calculation for SKY map 18/36:
Observation at point (20.363641, 69.348151), azimuth 170.0, elevation 35.0. Observed point at altitude 110.0, position (20.996717654568275, 68.00197213647894)
Starting time:  11:32:04
Computing DONE in:  0:00:00.000022
*******************************************************************************************************************************
Starting calculation for SKY map 19/36:
Observation at point (20.363641, 69.348151), azimuth 180.0, elevation 35.0. Observed point at altitude 110.0, position (20.363641, 67.98244639619426)
Starting time:  11:32:04
Computing DONE in:  0:00:00.000019
*******************************************************************************************************************************
Starting calculation for SKY map 20/36:
Observation at point (20.363641, 69.348151), azimuth 190.0, elevation 35.0. Observed point at altitude 110.0, position (19.730564345431723, 68.00197213647893)
Starting time:  11:32:04
Computing DONE in:  0:00:00.000017
*******************************************************************************************************************************
Starting calculation for SKY map 21/36:
Observation at point (20.363641, 69.348151), azimuth 200.0, elevation 35.0. Observed point at altitude 110.0, position (19.113512288328764, 68.06005341375304)
Starting time:  11:32:04
Computing DONE in:  0:00:00.000019
*******************************************************************************************************************************
Starting calculation for SKY map 22/36:
Observation at point (20.363641, 69.348151), azimuth 210.00000000000003, elevation 35.0. Observed point at altitude 110.0, position (18.528338114486406, 68.15520820491837)
Starting time:  11:32:04
Computing DONE in:  0:00:00.000020
*******************************************************************************************************************************
Starting calculation for SKY map 23/36:
Observation at point (20.363641, 69.348151), azimuth 220.0, elevation 35.0. Observed point at altitude 110.0, position (17.990535280340854, 68.28498624515498)
Starting time:  11:32:04
Computing DONE in:  0:00:00.000019
*******************************************************************************************************************************
Starting calculation for SKY map 24/36:
Observation at point (20.363641, 69.348151), azimuth 230.0, elevation 35.0. Observed point at altitude 110.0, position (17.515014882290846, 68.44600014562845)
Starting time:  11:32:04
Computing DONE in:  0:00:00.000018
*******************************************************************************************************************************
Starting calculation for SKY map 25/36:
Observation at point (20.363641, 69.348151), azimuth 239.99999999999997, elevation 35.0. Observed point at altitude 110.0, position (17.115833402527652, 68.63397188170937)
Starting time:  11:32:04
Computing DONE in:  0:00:00.000025
*******************************************************************************************************************************
Starting calculation for SKY map 26/36:
Observation at point (20.363641, 69.348151), azimuth 250.00000000000003, elevation 35.0. Observed point at altitude 110.0, position (16.80585740559812, 68.84379756100967)
Starting time:  11:32:04
Computing DONE in:  0:00:00.000020
*******************************************************************************************************************************
Starting calculation for SKY map 27/36:
Observation at point (20.363641, 69.348151), azimuth 260.0, elevation 35.0. Observed point at altitude 110.0, position (16.596356381785043, 69.06963409969012)
Starting time:  11:32:04
Computing DONE in:  0:00:00.000019
*******************************************************************************************************************************
Starting calculation for SKY map 28/36:
Observation at point (20.363641, 69.348151), azimuth 270.0, elevation 35.0. Observed point at altitude 110.0, position (16.49652259138638, 69.3050119091481)
Starting time:  11:32:04
Computing DONE in:  0:00:00.000021
*******************************************************************************************************************************
Starting calculation for SKY map 29/36:
Observation at point (20.363641, 69.348151), azimuth 280.0, elevation 35.0. Observed point at altitude 110.0, position (16.512928464568148, 69.54297769708207)
Starting time:  11:32:04
Computing DONE in:  0:00:00.000018
*******************************************************************************************************************************
Starting calculation for SKY map 30/36:
Observation at point (20.363641, 69.348151), azimuth 290.0, elevation 35.0. Observed point at altitude 110.0, position (16.648948235012067, 69.77627071800339)
Starting time:  11:32:04
Computing DONE in:  0:00:00.000018
*******************************************************************************************************************************
Starting calculation for SKY map 31/36:
Observation at point (20.363641, 69.348151), azimuth 300.0, elevation 35.0. Observed point at altitude 110.0, position (16.90419025953515, 69.99753394044448)
Starting time:  11:32:04
Computing DONE in:  0:00:00.000017
*******************************************************************************************************************************
Starting calculation for SKY map 32/36:
Observation at point (20.363641, 69.348151), azimuth 310.0, elevation 35.0. Observed point at altitude 110.0, position (17.27400728232413, 70.19955837056354)
Starting time:  11:32:04
Computing DONE in:  0:00:00.000016
*******************************************************************************************************************************
Starting calculation for SKY map 33/36:
Observation at point (20.363641, 69.348151), azimuth 320.0, elevation 35.0. Observed point at altitude 110.0, position (17.749168850702162, 70.37555414280686)
Starting time:  11:32:04
Computing DONE in:  0:00:00.000020
*******************************************************************************************************************************
Starting calculation for SKY map 34/36:
Observation at point (20.363641, 69.348151), azimuth 330.0, elevation 35.0. Observed point at altitude 110.0, position (18.315786375554136, 70.51943631339316)
Starting time:  11:32:04
Computing DONE in:  0:00:00.000018
*******************************************************************************************************************************
Starting calculation for SKY map 35/36:
Observation at point (20.363641, 69.348151), azimuth 340.0, elevation 35.0. Observed point at altitude 110.0, position (18.9555698878171, 70.62610745377928)
Starting time:  11:32:04
Computing DONE in:  0:00:00.000016
*******************************************************************************************************************************
Starting calculation for SKY map 36/36:
Observation at point (20.363641, 69.348151), azimuth 350.0, elevation 35.0. Observed point at altitude 110.0, position (19.6464620279609, 70.69171451527663)
Starting time:  11:32:04
Computing DONE in:  0:00:00.000054
Stacking processor results...
opt_depth, direct:
0.2266580854280958 3.1231302887833085e-12
/usr/lib/python3/dist-packages/numpy/lib/histograms.py:908: RuntimeWarning: invalid value encountered in true_divide
  return n/db/n.sum(), bin_edges
opt_depth, direct:
0.2266580854280958 2.8542068898099677e-12
opt_depth, direct:
0.2266580854280958 3.223980704579111e-12
opt_depth, direct:
0.2266580854280958 3.0164738048271616e-12
opt_depth, direct:
0.2266580854280958 3.1362629936555476e-12
opt_depth, direct:
0.2266580854280958 3.503539779238584e-12
opt_depth, direct:
0.2266580854280958 3.815779166429816e-12
opt_depth, direct:
0.2266580854280958 4.234629156702987e-12
opt_depth, direct:
0.2266580854280958 4.81030435285176e-12
opt_depth, direct:
0.2266580854280958 5.201312250684649e-12
opt_depth, direct:
0.2266580854280958 3.695659415480091e-12
opt_depth, direct:
0.2266580854280958 2.5480703716929298e-12
opt_depth, direct:
0.2266580854280958 1.820494914535691e-12
opt_depth, direct:
0.2266580854280958 1.1632468766315668e-12
opt_depth, direct:
0.2266580854280958 8.690025079300463e-13
opt_depth, direct:
0.2266580854280958 9.856331035471456e-13
opt_depth, direct:
0.2266580854280958 8.084377347736166e-13
opt_depth, direct:
0.2266580854280958 6.75769681043988e-13
opt_depth, direct:
0.2266580854280958 5.835843663734151e-13
opt_depth, direct:
0.2266580854280958 5.684064652954964e-13
opt_depth, direct:
0.2266580854280958 5.536086162088316e-13
opt_depth, direct:
0.2266580854280958 5.474466938811028e-13
opt_depth, direct:
0.2266580854280958 5.271423477795811e-13
opt_depth, direct:
0.2266580854280958 5.314988749387718e-13
opt_depth, direct:
0.2266580854280958 5.502258314979075e-13
opt_depth, direct:
0.2266580854280958 6.14586661733179e-13
opt_depth, direct:
0.2266580854280958 8.652064355322768e-13
opt_depth, direct:
0.2266580854280958 8.242175965173274e-13
opt_depth, direct:
0.2266580854280958 1.0697108329494684e-12
opt_depth, direct:
0.2266580854280958 1.553650250940831e-12
opt_depth, direct:
0.2266580854280958 2.987006939906619e-12
opt_depth, direct:
0.2266580854280958 4.869212935933659e-12
opt_depth, direct:
0.2266580854280958 5.1431424274409195e-12
opt_depth, direct:
0.2266580854280958 4.78937592818861e-12
opt_depth, direct:
0.2266580854280958 4.0854710610400195e-12
opt_depth, direct:
0.2266580854280958 3.564435805060885e-12
Print results in log/20190307_v_rot_elevation_test.csv
Simulation ran in: 0:00:29.941069
