Correct input file in use: systemic/systemic_azimutsall_elevations45_Nb_points_along_los100_RS_min_altitude0_RS_max_altitude100_use_analytictrue_Atmospheric_profileatm_profiles-sum.atm
All input parameter from the input file:
path: /home/bossel/These/Analysis/data/Night_pollution/
src_path: /home/bossel/These/Analysis/src/rayleigh/
saving_graphs: 0
flux_unit: W
use_analytic: true
azimuts: all
elevations: 45
location: skibotn
instrument_opening_angle: 1
instrument_area: 20
wavelength: 391.4
RS_min_altitude: 0
RS_max_altitude: 100
resolution_along_los: 1
Nb_points_along_los: 100
max_angle_discretization: 0
Atmospheric_profile: atm_profiles/sum.atm
sky_mode: none
emission_altitude: 110
Nb_emission_points: 100
Nb_emission_maps: 1
I_zone_a_min: 0
I_zone_a_max: 360
I_zone_e_min: 0
I_zone_e_max: 90
sky_path: /home/bossel/These/Analysis/data/allsky_camera/tid.uio.no/plasma/aurora/
sky_file: skn4/5577/2019/20190307/ut20/
sky_wavelength: 557.7
use_alt_map: 0
alt_map_path: /home/bossel/These/Analysis/data/elevation/
alt_map_radius: 30
alt_map_N_bins_max: 10000
alt_map_resolution: 0.2
ground_mode: point_I100_a180_d5
shader_mode: none
ground_emission_radius: 50
ground_N_bins_max: 1000
ground_albedo: altitude
ground_path: /home/bossel/These/Analysis/data/Night_pollution/
ground_file: nighttime_light_files/SVDNB_npp_20160101-20161231_75N060W_vcm-orm_v10_c201807311200.avg_rade9.tif
Has_sky_emission: False
Has_ground_emission: True
Initialization DONE
*******************************************************************************************************************************
STARTING calculation for GROUND map 1/36:
Observation at point (20.363641, 69.348151), azimuth 0.0, elevation 45.0. Observed point at altitude 110.0, position (20.363640999999998, 70.31254209541123)
Starting time:  16:44:40
100.0 bins to compute per processor
0.24775864235020365 0.7805483118511227
0.8716587054820129 0.41825720802919214
1.0841864158991743 0.3381768092775131
1.136595764899749 0.32090961622275355
1.1466770163847664 0.3176906983001391
1.1452438737119404 0.3181463208046764
1.1418286312462096 0.31923472515426377
1.138525249821387 0.3202910229321705
1.13569124113423 0.321200017915027
1.1333196664373055 0.3219626717379668
Computing DONE in:  0:00:00.012369
*******************************************************************************************************************************
STARTING calculation for GROUND map 2/36:
Observation at point (20.363641, 69.348151), azimuth 10.0, elevation 45.0. Observed point at altitude 110.0, position (20.86034385403887, 70.29721017027023)
Starting time:  16:44:40
100.0 bins to compute per processor
0.24775864235020365 0.7805483118511227
0.8703380922413161 0.41880992892106683
1.083153288449409 0.3385263695611219
1.1358144860994002 0.32116043406931133
1.1460619380037882 0.31788616308742146
1.144740567138777 0.3183064862419428
1.1414037562372052 0.3193703888289999
1.138157976165651 0.3204086789917252
1.1353679340978848 0.32130388092981016
1.1330309764250521 0.32205563256340125
Computing DONE in:  0:00:00.012800
*******************************************************************************************************************************
STARTING calculation for GROUND map 3/36:
Observation at point (20.363641, 69.348151), azimuth 20.0, elevation 45.0. Observed point at altitude 110.0, position (21.339827055393656, 70.25174762092317)
Starting time:  16:44:40
100.0 bins to compute per processor
0.24775864235020365 0.7805483118511227
0.8663956725233859 0.42046431243721305
1.0800744588730764 0.33957024068615427
1.1334883430081582 0.3219083687585044
1.144231635236161 0.318468523797144
1.1432434043232202 0.31878339979663156
1.140140219973578 0.31977417994545154
1.137065945558216 0.3207587661942514
1.1344067703187548 0.32161285504583154
1.1321728245648763 0.3223321238223418
Computing DONE in:  0:00:00.012040
*******************************************************************************************************************************
STARTING calculation for GROUND map 4/36:
Observation at point (20.363641, 69.348151), azimuth 29.999999999999996, elevation 45.0. Observed point at altitude 110.0, position (21.785690917534886, 70.17772832091121)
Starting time:  16:44:40
100.0 bins to compute per processor
0.24775864235020365 0.7805483118511227
0.8598900183499611 0.42320862494116634
1.0750117134265822 0.34129375755820796
1.1296703796973426 0.3231397522926395
1.1412307932870096 0.3194256328511037
1.1407905123309132 0.31956630083858273
1.1380711336767235 0.3204365052871177
1.1352783720539983 0.3213326588507804
1.1328338673048801 0.3221191189224469
1.1307688155538855 0.3227849988746535
Computing DONE in:  0:00:00.012293
*******************************************************************************************************************************
STARTING calculation for GROUND map 5/36:
Observation at point (20.363641, 69.348151), azimuth 40.0, elevation 45.0. Observed point at altitude 110.0, position (22.18310255944999, 70.07769178504623)
Starting time:  16:44:40
100.0 bins to compute per processor
0.24775864235020365 0.7805483118511227
0.8509198200496318 0.42702196788062874
1.068068445922882 0.34367169719662677
1.1244488658347604 0.3248314437404094
1.1371334990878452 0.320737098539307
1.13744494561863 0.3206372216366377
1.1352511569788297 0.3213414040622454
1.1328434157878529 0.32211604318820897
1.1306922344838957 0.3228097190417803
1.128857787599062 0.32340243981644146
Computing DONE in:  0:00:00.016303
*******************************************************************************************************************************
STARTING calculation for GROUND map 6/36:
Observation at point (20.363641, 69.348151), azimuth 50.0, elevation 45.0. Observed point at altitude 110.0, position (22.519408749763613, 69.95502575342036)
Starting time:  16:44:40
100.0 bins to compute per processor
0.24775864235020365 0.7805483118511227
0.8396255982042562 0.43187218688594886
1.059390244310983 0.34666712815097356
1.1179470272393242 0.3269503262097936
1.1320426043074712 0.32237410072753825
1.133293908675208 0.3219709648826756
1.131755678710301 0.3224666113801042
1.1298273655931461 0.32308902789076815
1.1280409772056998 0.3236667062035953
1.1264930461577887 0.3241681079148241
Computing DONE in:  0:00:00.016700
*******************************************************************************************************************************
STARTING calculation for GROUND map 7/36:
Observation at point (20.363641, 69.348151), azimuth 59.99999999999999, elevation 45.0. Observed point at altitude 110.0, position (22.78457517871535, 69.8138163678588)
Starting time:  16:44:40
100.0 bins to compute per processor
0.24775864235020365 0.7805483118511227
0.8261923142467708 0.4377127900165734
1.0491656183923022 0.35022985257878664
1.1103225333982603 0.3294526844433493
1.1260887226709593 0.3242992031951996
1.1284475853112013 0.3235351274496787
1.1276796101616147 0.3237836898202237
1.126313451507026 0.3242263320011642
1.1249541514030228 0.32466735255971346
1.123741269247077 0.32506137470116026
Computing DONE in:  0:00:00.015095
*******************************************************************************************************************************
STARTING calculation for GROUND map 8/36:
Observation at point (20.363641, 69.348151), azimuth 70.0, elevation 45.0. Observed point at altitude 110.0, position (22.97143765564028, 69.65867755697063)
Starting time:  16:44:40
100.0 bins to compute per processor
0.24775864235020365 0.7805483118511227
0.8108530900833951 0.4444787240476579
1.0376267345899084 0.35429451991450195
1.1017665895824362 0.3322835562220817
1.1194287468330208 0.32646623623665016
1.1230374938898837 0.32529022540654795
1.123135734781036 0.32525827017460185
1.1224002484308044 0.32549758118681893
1.1215192423979885 0.32578447287761025
1.1206810665718696 0.32605765201738346
Computing DONE in:  0:00:00.014814
*******************************************************************************************************************************
STARTING calculation for GROUND map 9/36:
Observation at point (20.363641, 69.348151), azimuth 80.0, elevation 45.0. Observed point at altitude 110.0, position (23.07577411994994, 69.49457123309257)
Starting time:  16:44:40
100.0 bins to compute per processor
0.24775864235020365 0.7805483118511227
0.7938942847047306 0.4520808313559109
1.0250499228019634 0.35877855372816825
1.092502416209761 0.335376191933785
1.1122437349396028 0.32882034705647567
1.1172142694371843 0.327189989409052
1.1182525491731377 0.32685045097168386
1.1181996284062845 0.32686774860589357
1.1178352406638448 0.3269868769100132
1.1174011759452571 0.32712884118533364
Computing DONE in:  0:00:00.014949
*******************************************************************************************************************************
STARTING calculation for GROUND map 10/36:
Observation at point (20.363641, 69.348151), azimuth 90.0, elevation 45.0. Observed point at altitude 110.0, position (23.096223976486375, 69.32662857005603)
Starting time:  16:44:40
100.0 bins to compute per processor
0.24775864235020365 0.7805483118511227
0.7756621553409024 0.4603988245052313
1.0117555673646608 0.3635801295535976
1.0827828240057067 0.33865180477750917
1.1047359862016397 0.3312983380293193
1.1111447626980056 0.32918191012786313
1.1131715287705886 0.3285154110477221
1.1138342220313737 0.32829777821862594
1.1140102926461157 0.3282399797154549
1.1139982868254128 0.32824392052945517
Computing DONE in:  0:00:00.011062
*******************************************************************************************************************************
STARTING calculation for GROUND map 11/36:
Observation at point (20.363641, 69.348151), azimuth 100.0, elevation 45.0. Observed point at altitude 110.0, position (23.034091235470655, 69.15998047052237)
Starting time:  16:44:40
100.0 bins to compute per processor
0.24775864235020365 0.7805483118511227
0.7565711699016331 0.4692727280237116
0.9981067792577475 0.36857657786871606
1.0728865193784425 0.3420198442847549
1.09712510658253 0.33382942949642136
1.1050083486090156 0.33120811710336595
1.1080437615638847 0.33020428798266227
1.1094343621153688 0.3297454248393059
1.110158917834958 0.3295065924398693
1.1105744935429689 0.3293696859538971
Computing DONE in:  0:00:00.011393
*******************************************************************************************************************************
STARTING calculation for GROUND map 12/36:
Observation at point (20.363641, 69.348151), azimuth 110.0, elevation 45.0. Observed point at altitude 110.0, position (22.893070482929605, 68.99960286908345)
Starting time:  16:44:40
100.0 bins to compute per processor
0.24775864235020365 0.7805483118511227
0.7371135756128715 0.47849305820024307
0.9845059757786556 0.3736237605382491
1.0631127199349555 0.3453790670921153
1.0896428727531262 0.336336587220541
1.098992359736679 0.3332066670497632
1.1030259191191125 0.33186536510066283
1.1051345073286953 0.3311663349470118
1.1063988056828027 0.3307479064597628
1.1072344008285848 0.33047165054977007
Computing DONE in:  0:00:00.015400
*******************************************************************************************************************************
STARTING calculation for GROUND map 13/36:
Observation at point (20.363641, 69.348151), azimuth 119.99999999999999, elevation 45.0. Observed point at altitude 110.0, position (22.678931488768246, 68.85018018060431)
Starting time:  16:44:40
100.0 bins to compute per processor
0.24775864235020365 0.7805483118511227
0.7178687891972946 0.48779073384068466
0.9713882092082144 0.3785571566404237
1.0537736585820907 0.34861969203387405
1.0825267511518972 0.3387385354158134
1.0932866118144902 0.3351132944931211
1.0982755795349919 0.3334455886086669
1.10106918203836 0.33251537410733856
1.10284723832412 0.331924668365949
1.1040819316524737 0.33151509609250995
Computing DONE in:  0:00:00.015182
*******************************************************************************************************************************
STARTING calculation for GROUND map 14/36:
Observation at point (20.363641, 69.348151), azimuth 130.0, elevation 45.0. Observed point at altitude 110.0, position (22.399191503723667, 68.71598826650627)
Starting time:  16:44:40
100.0 bins to compute per processor
0.24775864235020365 0.7805483118511227
0.6995091728904236 0.4968291011470088
0.9592098946396421 0.38319553124184336
1.0451846524654416 0.35162688461190994
1.0760120360882004 0.3409525243783495
1.0880770744035142 0.3368636350113242
1.0939459834998138 0.33489240310812235
1.0973685204982147 0.33374818065676715
1.0996172264176247 0.3329985223437733
1.101216920925895 0.3324662522845707
Computing DONE in:  0:00:00.016068
*******************************************************************************************************************************
STARTING calculation for GROUND map 15/36:
Observation at point (20.363641, 69.348151), azimuth 140.0, elevation 45.0. Observed point at altitude 110.0, position (22.062796098303526, 68.6007968743641)
Starting time:  16:44:40
100.0 bins to compute per processor
0.24775864235020365 0.7805483118511227
0.6827955197920792 0.505202712281453
0.9484316836057753 0.3873480316079061
1.0376516595413936 0.354285689250834
1.0703227468090417 0.3428978303771412
1.0835388599262865 0.3383958686091874
1.0901803894123248 0.3361558492809903
1.0941535657060824 0.3348228926190425
1.0968134925293713 0.33393347164766674
1.0987316153311588 0.3332935601520313
Computing DONE in:  0:00:00.015935
*******************************************************************************************************************************
STARTING calculation for GROUND map 16/36:
Observation at point (20.363641, 69.348151), azimuth 150.0, elevation 45.0. Observed point at altitude 110.0, position (21.679821326555917, 68.50779060852261)
Starting time:  16:44:40
100.0 bins to compute per processor
0.24775864235020365 0.7805483118511227
0.6685516409986939 0.5124502524871859
0.9394948756551873 0.3908252008307781
1.0314566700011476 0.356487297819943
1.0656616625515218 0.3444998366990814
1.079828848923891 0.33965365275871223
1.0871062876399438 0.33719081655538213
1.0915315381792905 0.3357019594251374
1.0945284833640803 0.33469738513325414
1.0967072346236688 0.3339689566042532
Computing DONE in:  0:00:00.015915
*******************************************************************************************************************************
STARTING calculation for GROUND map 17/36:
Observation at point (20.363641, 69.348151), azimuth 160.0, elevation 45.0. Observed point at altitude 110.0, position (21.261202996719906, 68.4395070395179)
Starting time:  16:44:40
100.0 bins to compute per processor
0.24775864235020365 0.7805483118511227
0.6576056103762005 0.5180903607278796
0.9327921646432424 0.39345358802772684
1.0268418551858611 0.3581362224980393
1.062200144885399 0.3456943952698127
1.0770784155661715 0.3405891333941703
1.084829821576278 0.33795929438122246
1.0895913463588656 0.33635391787862773
1.0928386305306783 0.335263452608512
1.0952107768898145 0.33446910116149153
Computing DONE in:  0:00:00.014191
*******************************************************************************************************************************
STARTING calculation for GROUND map 18/36:
Observation at point (20.363641, 69.348151), azimuth 170.0, elevation 45.0. Observed point at altitude 110.0, position (20.818493298703018, 68.39779045618862)
Starting time:  16:44:40
100.0 bins to compute per processor
0.24775864235020365 0.7805483118511227
0.6506914155241701 0.5216849509612903
0.9286356017353137 0.39509240618360436
1.0239940073365439 0.35915759363354194
1.060068636475442 0.34643203164039205
1.075386830786222 0.34116575635424895
1.0834308233376064 0.33843242971938864
1.0883996447228497 0.3367549903247238
1.0918011000222032 0.3356114791818438
1.0942922626983536 0.33477645691121366
Computing DONE in:  0:00:00.014283
*******************************************************************************************************************************
STARTING calculation for GROUND map 19/36:
Observation at point (20.363641, 69.348151), azimuth 180.0, elevation 45.0. Observed point at altitude 110.0, position (20.363640999999998, 68.38375990458876)
Starting time:  16:44:40
100.0 bins to compute per processor
0.24775864235020365 0.7805483118511227
0.6483244514094931 0.5229212230480289
0.9272268105911012 0.39564940111922575
1.0230312455473922 0.3595035433478369
1.0593488538907998 0.3466814771460249
1.074815962241848 0.34136057275495596
1.0829588835491735 0.33859218714364653
1.087997745230548 0.3368903591848813
1.0914512649670396 0.33572890838140457
1.09398260523834 0.3348801389906693
Computing DONE in:  0:00:00.015654
*******************************************************************************************************************************
STARTING calculation for GROUND map 20/36:
Observation at point (20.363641, 69.348151), azimuth 190.0, elevation 45.0. Observed point at altitude 110.0, position (19.908788701296977, 68.39779045618862)
Starting time:  16:44:40
100.0 bins to compute per processor
0.24775864235020365 0.7805483118511227
0.6506914155241701 0.5216849509612903
0.9286356017353137 0.39509240618360436
1.0239940073365439 0.35915759363354194
1.060068636475442 0.34643203164039205
1.075386830786222 0.34116575635424895
1.0834308233376064 0.33843242971938864
1.0883996447228497 0.3367549903247238
1.0918011000222032 0.3356114791818438
1.0942922626983536 0.33477645691121366
Computing DONE in:  0:00:00.016284
*******************************************************************************************************************************
STARTING calculation for GROUND map 21/36:
Observation at point (20.363641, 69.348151), azimuth 200.0, elevation 45.0. Observed point at altitude 110.0, position (19.46607900328009, 68.4395070395179)
Starting time:  16:44:40
100.0 bins to compute per processor
0.24775864235020365 0.7805483118511227
0.6576056103762005 0.5180903607278796
0.9327921646432424 0.39345358802772684
1.0268418551858611 0.3581362224980393
1.062200144885399 0.3456943952698127
1.0770784155661715 0.3405891333941703
1.084829821576278 0.33795929438122246
1.0895913463588656 0.33635391787862773
1.0928386305306783 0.335263452608512
1.0952107768898145 0.33446910116149153
Computing DONE in:  0:00:00.015594
*******************************************************************************************************************************
STARTING calculation for GROUND map 22/36:
Observation at point (20.363641, 69.348151), azimuth 210.00000000000003, elevation 45.0. Observed point at altitude 110.0, position (19.047460673444075, 68.50779060852261)
Starting time:  16:44:40
100.0 bins to compute per processor
0.24775864235020365 0.7805483118511227
0.6685516409986939 0.5124502524871859
0.9394948756551873 0.3908252008307781
1.0314566700011476 0.356487297819943
1.0656616625515218 0.3444998366990814
1.079828848923891 0.33965365275871223
1.0871062876399438 0.33719081655538213
1.0915315381792905 0.3357019594251374
1.0945284833640803 0.33469738513325414
1.0967072346236688 0.3339689566042532
Computing DONE in:  0:00:00.015388
*******************************************************************************************************************************
STARTING calculation for GROUND map 23/36:
Observation at point (20.363641, 69.348151), azimuth 220.0, elevation 45.0. Observed point at altitude 110.0, position (18.66448590169647, 68.6007968743641)
Starting time:  16:44:40
100.0 bins to compute per processor
0.24775864235020365 0.7805483118511227
0.6827955197920792 0.505202712281453
0.9484316836057753 0.3873480316079061
1.0376516595413936 0.354285689250834
1.0703227468090417 0.3428978303771412
1.0835388599262865 0.3383958686091874
1.0901803894123248 0.3361558492809903
1.0941535657060824 0.3348228926190425
1.0968134925293713 0.33393347164766674
1.0987316153311588 0.3332935601520313
Computing DONE in:  0:00:00.015824
*******************************************************************************************************************************
STARTING calculation for GROUND map 24/36:
Observation at point (20.363641, 69.348151), azimuth 230.0, elevation 45.0. Observed point at altitude 110.0, position (18.32809049627633, 68.71598826650627)
Starting time:  16:44:40
100.0 bins to compute per processor
0.24775864235020365 0.7805483118511227
0.6995091728904236 0.4968291011470088
0.9592098946396421 0.38319553124184336
1.0451846524654416 0.35162688461190994
1.0760120360882004 0.3409525243783495
1.0880770744035142 0.3368636350113242
1.0939459834998138 0.33489240310812235
1.0973685204982147 0.33374818065676715
1.0996172264176247 0.3329985223437733
1.101216920925895 0.3324662522845707
Computing DONE in:  0:00:00.018452
*******************************************************************************************************************************
STARTING calculation for GROUND map 25/36:
Observation at point (20.363641, 69.348151), azimuth 239.99999999999997, elevation 45.0. Observed point at altitude 110.0, position (18.04835051123175, 68.85018018060431)
Starting time:  16:44:40
100.0 bins to compute per processor
0.24775864235020365 0.7805483118511227
0.7178687891972945 0.4877907338406847
0.9713882092082144 0.3785571566404237
1.0537736585820907 0.34861969203387405
1.0825267511518972 0.3387385354158134
1.0932866118144902 0.3351132944931211
1.0982755795349919 0.3334455886086669
1.10106918203836 0.33251537410733856
1.10284723832412 0.331924668365949
1.1040819316524737 0.33151509609250995
Computing DONE in:  0:00:00.029521
*******************************************************************************************************************************
STARTING calculation for GROUND map 26/36:
Observation at point (20.363641, 69.348151), azimuth 250.00000000000003, elevation 45.0. Observed point at altitude 110.0, position (17.834211517070393, 68.99960286908345)
Starting time:  16:44:40
100.0 bins to compute per processor
0.24775864235020365 0.7805483118511227
0.7371135756128715 0.47849305820024307
0.9845059757786556 0.3736237605382491
1.0631127199349555 0.3453790670921153
1.0896428727531262 0.336336587220541
1.098992359736679 0.3332066670497632
1.1030259191191125 0.33186536510066283
1.1051345073286953 0.3311663349470118
1.1063988056828027 0.3307479064597628
1.1072344008285848 0.33047165054977007
Computing DONE in:  0:00:00.022105
*******************************************************************************************************************************
STARTING calculation for GROUND map 27/36:
Observation at point (20.363641, 69.348151), azimuth 260.0, elevation 45.0. Observed point at altitude 110.0, position (17.69319076452934, 69.15998047052237)
Starting time:  16:44:40
100.0 bins to compute per processor
0.24775864235020365 0.7805483118511227
0.7565711699016332 0.46927272802371156
0.9981067792577476 0.368576577868716
1.0728865193784425 0.3420198442847549
1.09712510658253 0.33382942949642136
1.1050083486090156 0.33120811710336595
1.1080437615638847 0.33020428798266227
1.1094343621153688 0.3297454248393059
1.110158917834958 0.3295065924398693
1.1105744935429689 0.3293696859538971
Computing DONE in:  0:00:00.018872
*******************************************************************************************************************************
STARTING calculation for GROUND map 28/36:
Observation at point (20.363641, 69.348151), azimuth 270.0, elevation 45.0. Observed point at altitude 110.0, position (17.63105802351362, 69.32662857005603)
Starting time:  16:44:40
100.0 bins to compute per processor
0.24775864235020365 0.7805483118511227
0.7756621553409024 0.4603988245052313
1.0117555673646608 0.3635801295535976
1.0827828240057067 0.33865180477750917
1.1047359862016397 0.3312983380293193
1.1111447626980056 0.32918191012786313
1.1131715287705886 0.3285154110477221
1.1138342220313737 0.32829777821862594
1.1140102926461157 0.3282399797154549
1.1139982868254128 0.32824392052945517
Computing DONE in:  0:00:00.018508
*******************************************************************************************************************************
STARTING calculation for GROUND map 29/36:
Observation at point (20.363641, 69.348151), azimuth 280.0, elevation 45.0. Observed point at altitude 110.0, position (17.651507880050055, 69.49457123309257)
Starting time:  16:44:40
100.0 bins to compute per processor
0.24775864235020365 0.7805483118511227
0.7938942847047306 0.4520808313559109
1.0250499228019634 0.35877855372816825
1.092502416209761 0.335376191933785
1.1122437349396028 0.32882034705647567
1.1172142694371843 0.327189989409052
1.1182525491731377 0.32685045097168386
1.1181996284062845 0.32686774860589357
1.1178352406638448 0.3269868769100132
1.1174011759452571 0.32712884118533364
Computing DONE in:  0:00:00.019226
*******************************************************************************************************************************
STARTING calculation for GROUND map 30/36:
Observation at point (20.363641, 69.348151), azimuth 290.0, elevation 45.0. Observed point at altitude 110.0, position (17.755844344359716, 69.65867755697063)
Starting time:  16:44:40
100.0 bins to compute per processor
0.24775864235020365 0.7805483118511227
0.8108530900833952 0.44447872404765787
1.0376267345899084 0.35429451991450195
1.1017665895824362 0.3322835562220817
1.1194287468330208 0.32646623623665016
1.1230374938898837 0.32529022540654795
1.123135734781036 0.32525827017460185
1.1224002484308044 0.32549758118681893
1.1215192423979885 0.32578447287761025
1.1206810665718696 0.32605765201738346
Computing DONE in:  0:00:00.021026
*******************************************************************************************************************************
STARTING calculation for GROUND map 31/36:
Observation at point (20.363641, 69.348151), azimuth 300.0, elevation 45.0. Observed point at altitude 110.0, position (17.94270682128465, 69.8138163678588)
Starting time:  16:44:40
100.0 bins to compute per processor
0.24775864235020365 0.7805483118511227
0.8261923142467708 0.4377127900165734
1.0491656183923022 0.35022985257878664
1.1103225333982603 0.3294526844433493
1.1260887226709593 0.3242992031951996
1.1284475853112013 0.3235351274496787
1.1276796101616147 0.3237836898202237
1.126313451507026 0.3242263320011642
1.1249541514030228 0.32466735255971346
1.123741269247077 0.32506137470116026
Computing DONE in:  0:00:00.020464
*******************************************************************************************************************************
STARTING calculation for GROUND map 32/36:
Observation at point (20.363641, 69.348151), azimuth 310.0, elevation 45.0. Observed point at altitude 110.0, position (18.20787325023638, 69.95502575342036)
Starting time:  16:44:40
100.0 bins to compute per processor
0.24775864235020365 0.7805483118511227
0.8396255982042562 0.43187218688594886
1.059390244310983 0.34666712815097356
1.1179470272393242 0.3269503262097936
1.1320426043074712 0.32237410072753825
1.133293908675208 0.3219709648826756
1.131755678710301 0.3224666113801042
1.1298273655931461 0.32308902789076815
1.1280409772056998 0.3236667062035953
1.1264930461577887 0.3241681079148241
Computing DONE in:  0:00:00.022099
*******************************************************************************************************************************
STARTING calculation for GROUND map 33/36:
Observation at point (20.363641, 69.348151), azimuth 320.0, elevation 45.0. Observed point at altitude 110.0, position (18.544179440550003, 70.07769178504623)
Starting time:  16:44:40
100.0 bins to compute per processor
0.24775864235020365 0.7805483118511227
0.8509198200496318 0.42702196788062874
1.068068445922882 0.34367169719662677
1.1244488658347604 0.3248314437404094
1.1371334990878452 0.320737098539307
1.13744494561863 0.3206372216366377
1.1352511569788297 0.3213414040622454
1.1328434157878529 0.32211604318820897
1.1306922344838957 0.3228097190417803
1.128857787599062 0.32340243981644146
Computing DONE in:  0:00:00.020035
*******************************************************************************************************************************
STARTING calculation for GROUND map 34/36:
Observation at point (20.363641, 69.348151), azimuth 330.0, elevation 45.0. Observed point at altitude 110.0, position (18.94159108246511, 70.17772832091121)
Starting time:  16:44:40
100.0 bins to compute per processor
0.24775864235020365 0.7805483118511227
0.859890018349961 0.4232086249411664
1.0750117134265822 0.34129375755820796
1.1296703796973426 0.3231397522926395
1.1412307932870094 0.31942563285110376
1.1407905123309132 0.31956630083858273
1.1380711336767235 0.3204365052871177
1.1352783720539983 0.3213326588507804
1.1328338673048801 0.3221191189224469
1.1307688155538855 0.3227849988746535
Computing DONE in:  0:00:00.014900
*******************************************************************************************************************************
STARTING calculation for GROUND map 35/36:
Observation at point (20.363641, 69.348151), azimuth 340.0, elevation 45.0. Observed point at altitude 110.0, position (19.387454944606343, 70.25174762092317)
Starting time:  16:44:40
100.0 bins to compute per processor
0.24775864235020365 0.7805483118511227
0.8663956725233859 0.42046431243721305
1.0800744588730764 0.33957024068615427
1.1334883430081582 0.3219083687585044
1.144231635236161 0.318468523797144
1.1432434043232202 0.31878339979663156
1.140140219973578 0.31977417994545154
1.137065945558216 0.3207587661942514
1.1344067703187548 0.32161285504583154
1.1321728245648763 0.3223321238223418
Computing DONE in:  0:00:00.014259
*******************************************************************************************************************************
STARTING calculation for GROUND map 36/36:
Observation at point (20.363641, 69.348151), azimuth 350.0, elevation 45.0. Observed point at altitude 110.0, position (19.866938145961125, 70.29721017027023)
Starting time:  16:44:40
100.0 bins to compute per processor
0.24775864235020365 0.7805483118511227
0.8703380922413161 0.41880992892106683
1.083153288449409 0.3385263695611219
1.1358144860994002 0.32116043406931133
1.1460619380037882 0.31788616308742146
1.144740567138777 0.3183064862419428
1.1414037562372052 0.3193703888289999
1.138157976165651 0.3204086789917252
1.1353679340978848 0.32130388092981016
1.1330309764250521 0.32205563256340125
Computing DONE in:  0:00:00.013995
Print results in log/systematic_atm_profil.csv
Simulation ran in: 0:00:00.764693
