Correct input file in use: systemic/systemic_azimuts180_elevations45_point_src_dist5_point_src_az180_resolution_along_los4.328282828282828_RS_min_altitude0_RS_max_altitude100_wavelength391.4_emission_altitude90_max_angle_discretization1
Loading the sky emission cube...
Has_sky_emission: True
Has_ground_emission: False
lagorge 0.10361906322688955 0.7891042478910105
ALT MAP BOUNDS 5.037613394081269 6.836256605918731 44.31302139408126 46.111664605918726
0.01569612305760477
ALT MAP BOUNDS 5.036200993144891 6.8348442049823515 44.309575523615855 46.10821873545331
ALT MAP BOUNDS 5.036200993144891 6.8348442049823515 44.309575523615855 46.10821873545331
Initialization DONE
*******************************************************************************************************************************
STARTING calculation for obs:
Observation at point (5.936935, 45.212343), azimuth 180.0, elevation 45.0. Observed point at altitude 90.0, position (5.936935000000001, 44.4196935987303)
32.0 bins to compute
  0%|          | 0/32.0 [00:00<?, ?it/s] 59%|█████▉    | 19/32.0 [00:00<00:00, 150.57it/s] 75%|███████▌  | 24/32.0 [00:00<00:00, 31.48it/s]  88%|████████▊ | 28/32.0 [00:04<00:01,  3.21it/s] 91%|█████████ | 29/32.0 [00:20<00:00,  3.21it/s] 94%|█████████▍| 30/32.0 [00:38<00:10,  5.37s/it] 97%|█████████▋| 31/32.0 [00:44<00:05,  5.59s/it]100%|██████████| 32/32.0 [00:47<00:00,  4.61s/it]100%|██████████| 32/32.0 [00:47<00:00,  1.48s/it]
Computing DONE
opt_depth, direct:
0.5566973416535387 0
Making and NOT saving plots...
ALL TIME SINCE START: 47.81479072570801
