Correct input file in use: systemic/systemic_azimuts180_elevations45_point_src_dist5_point_src_az180_resolution_along_los2.214141414141414_RS_min_altitude0_RS_max_altitude100_wavelength391.4_emission_altitude90_max_angle_discretization1
Loading the sky emission cube...
Has_sky_emission: True
Has_ground_emission: False
lagorge 0.10361906322688955 0.7891042478910105
ALT MAP BOUNDS 5.037613394081269 6.836256605918731 44.31302139408126 46.111664605918726
0.01569612305760477
ALT MAP BOUNDS 5.036200993144891 6.8348442049823515 44.309575523615855 46.10821873545331
ALT MAP BOUNDS 5.036200993144891 6.8348442049823515 44.309575523615855 46.10821873545331
Initialization DONE
*******************************************************************************************************************************
STARTING calculation for obs:
Observation at point (5.936935, 45.212343), azimuth 180.0, elevation 45.0. Observed point at altitude 90.0, position (5.936935000000001, 44.4196935987303)
63.0 bins to compute
  0%|          | 0/63.0 [00:00<?, ?it/s] 54%|█████▍    | 34/63.0 [00:00<00:00, 309.35it/s] 70%|██████▉   | 44/63.0 [00:00<00:00, 72.57it/s]  83%|████████▎ | 52/63.0 [00:02<00:00, 11.66it/s] 89%|████████▉ | 56/63.0 [00:20<00:00, 11.66it/s] 90%|█████████ | 57/63.0 [00:24<00:08,  1.35s/it] 92%|█████████▏| 58/63.0 [00:57<00:54, 10.87s/it] 94%|█████████▎| 59/63.0 [01:09<00:45, 11.31s/it] 95%|█████████▌| 60/63.0 [01:14<00:28,  9.47s/it] 97%|█████████▋| 61/63.0 [01:17<00:14,  7.48s/it] 98%|█████████▊| 62/63.0 [01:19<00:05,  5.79s/it]100%|██████████| 63/63.0 [01:20<00:00,  4.38s/it]100%|██████████| 63/63.0 [01:20<00:00,  1.28s/it]
Computing DONE
opt_depth, direct:
0.5566973416535387 0
Making and NOT saving plots...
ALL TIME SINCE START: 81.02093744277954
