Correct input file in use: systemic/systemic_azimuts180_elevations45_point_src_dist5_point_src_az180_resolution_along_los3.4222222222222225_RS_min_altitude0_RS_max_altitude100_wavelength391.4_emission_altitude90_max_angle_discretization1
Loading the sky emission cube...
Has_sky_emission: True
Has_ground_emission: False
lagorge 0.10361906322688955 0.7891042478910105
ALT MAP BOUNDS 5.037613394081269 6.836256605918731 44.31302139408126 46.111664605918726
0.01569612305760477
ALT MAP BOUNDS 5.036200993144891 6.8348442049823515 44.309575523615855 46.10821873545331
ALT MAP BOUNDS 5.036200993144891 6.8348442049823515 44.309575523615855 46.10821873545331
Initialization DONE
*******************************************************************************************************************************
STARTING calculation for obs:
Observation at point (5.936935, 45.212343), azimuth 180.0, elevation 45.0. Observed point at altitude 90.0, position (5.936935000000001, 44.4196935987303)
41.0 bins to compute
  0%|          | 0/41.0 [00:00<?, ?it/s] 56%|█████▌    | 23/41.0 [00:00<00:00, 215.47it/s] 73%|███████▎  | 30/41.0 [00:00<00:00, 39.47it/s]  85%|████████▌ | 35/41.0 [00:04<00:01,  4.36it/s] 88%|████████▊ | 36/41.0 [00:20<00:01,  4.36it/s] 90%|█████████ | 37/41.0 [00:21<00:11,  2.76s/it] 93%|█████████▎| 38/41.0 [00:44<00:26,  8.90s/it] 95%|█████████▌| 39/41.0 [00:51<00:16,  8.16s/it] 98%|█████████▊| 40/41.0 [00:54<00:06,  6.58s/it]100%|██████████| 41/41.0 [00:55<00:00,  5.01s/it]100%|██████████| 41/41.0 [00:55<00:00,  1.35s/it]
Computing DONE
opt_depth, direct:
0.5566973416535387 0
Making and NOT saving plots...
ALL TIME SINCE START: 55.98986220359802
