Correct input file in use: systemic/systemic_azimuts180_elevations45_point_src_dist5_point_src_az0_resolution_along_los0.1_RS_min_altitude0_RS_max_altitude100_wavelength391.4_emission_altitude90_max_angle_discretizationNone
Loading the sky emission cube...
Has_sky_emission: True
Has_ground_emission: False
lagorge 0.10361906322688955 0.7891042478910105
ALT MAP BOUNDS 5.037613394081269 6.836256605918731 44.31302139408126 46.111664605918726
0.01569612305760477
ALT MAP BOUNDS 5.036200993144891 6.8348442049823515 44.309575523615855 46.10821873545331
ALT MAP BOUNDS 5.036200993144891 6.8348442049823515 44.309575523615855 46.10821873545331
Initialization DONE
*******************************************************************************************************************************
STARTING calculation for obs:
Observation at point (5.936935, 45.212343), azimuth 180.0, elevation 45.0. Observed point at altitude 90.0, position (5.936935000000001, 44.4196935987303)
1414.0 bins to compute
  0%|          | 0/1414.0 [00:00<?, ?it/s] 27%|██▋       | 384/1414.0 [00:00<00:00, 3831.56it/s] 52%|█████▏    | 740/1414.0 [00:00<00:00, 3744.85it/s] 77%|███████▋  | 1087/1414.0 [00:00<00:00, 3656.43it/s]100%|██████████| 1414/1414.0 [00:00<00:00, 3543.40it/s]
Computing DONE
Making and NOT saving plots...
Traceback (most recent call last):
  File "./systematic.py", line 297, in <module>
    RunSystematicSimulation()
  File "./systematic.py", line 285, in RunSystematicSimulation
    RunSimulation(file_name, show = False, output_result_file = "log/systematic_results.csv")
  File "/home/bossel/These/Analysis/src/rayleigh/main.py", line 50, in RunSimulation
    simu.PrintSystematicResults()
  File "/home/bossel/These/Analysis/src/rayleigh/simulation.py", line 94, in PrintSystematicResults
    print(t, self.world.a_pc_list[ia_pc]*RtoD, self.world.e_pc_list[ie_pc]*RtoD, self.world.ground_map.src_dist, self.world.atmosphere.d_los, self.world.atmosphere.h_r_min, self.world.atmosphere.h_r_max, self.world.wavelength, self.world.max_angle_discretization*RtoD, self.I_list[t, ie_pc, ia_pc], self.DoLP_list[t, ie_pc, ia_pc], self.AoRD_list[t, ie_pc, ia_pc] * RtoD, sep = "," )
TypeError: unsupported operand type(s) for *: 'NoneType' and 'float'
