Correct input file in use: systemic/systemic_azimuts180_elevations45_point_src_dist5_point_src_az180_resolution_along_los0.1_RS_min_altitude0_RS_max_altitude86_wavelength391.4_emission_altitude90_max_angle_discretization1
Loading the sky emission cube...
Has_sky_emission: True
Has_ground_emission: False
lagorge 0.10361906322688955 0.7891042478910105
ALT MAP BOUNDS 5.037613394081269 6.836256605918731 44.31302139408126 46.111664605918726
0.01569612305760477
ALT MAP BOUNDS 5.036200993144891 6.8348442049823515 44.309575523615855 46.10821873545331
ALT MAP BOUNDS 5.036200993144891 6.8348442049823515 44.309575523615855 46.10821873545331
Initialization DONE
*******************************************************************************************************************************
STARTING calculation for obs:
Observation at point (5.936935, 45.212343), azimuth 180.0, elevation 45.0. Observed point at altitude 90.0, position (5.936935000000001, 44.4196935987303)
1216.0 bins to compute
  0%|          | 0/1216.0 [00:00<?, ?it/s] 28%|██▊       | 341/1216.0 [00:00<00:00, 3404.85it/s] 54%|█████▍    | 662/1216.0 [00:00<00:00, 3343.32it/s]/home/bossel/These/Analysis/src/rayleigh/world.py:385: RuntimeWarning: divide by zero encountered in double_scalars
  I0 *= self.sky_map.GetPixelArea(ie_E) / RE ** 2
 68%|██████▊   | 830/1216.0 [00:00<00:00, 2309.83it/s] 81%|████████▏ | 988/1216.0 [00:00<00:00, 1096.83it/s] 92%|█████████▏| 1114/1216.0 [00:02<00:00, 164.10it/s] 99%|█████████▉| 1204/1216.0 [00:11<00:00, 29.02it/s] 100%|██████████| 1216/1216.0 [00:15<00:00, 79.53it/s]
Computing DONE
opt_depth, direct:
0.5566973416535387 0
Making and NOT saving plots...
ALL TIME SINCE START: 15.807413816452026
