Correct input file in use: systemic/systemic_azimuts180_elevations45_point_src_dist5_point_src_az180_resolution_along_los4.026262626262626_RS_min_altitude0_RS_max_altitude100_wavelength391.4_emission_altitude90_max_angle_discretization1
Loading the sky emission cube...
Has_sky_emission: True
Has_ground_emission: False
lagorge 0.10361906322688955 0.7891042478910105
ALT MAP BOUNDS 5.037613394081269 6.836256605918731 44.31302139408126 46.111664605918726
0.01569612305760477
ALT MAP BOUNDS 5.036200993144891 6.8348442049823515 44.309575523615855 46.10821873545331
ALT MAP BOUNDS 5.036200993144891 6.8348442049823515 44.309575523615855 46.10821873545331
Initialization DONE
*******************************************************************************************************************************
STARTING calculation for obs:
Observation at point (5.936935, 45.212343), azimuth 180.0, elevation 45.0. Observed point at altitude 90.0, position (5.936935000000001, 44.4196935987303)
35.0 bins to compute
  0%|          | 0/35.0 [00:00<?, ?it/s] 54%|█████▍    | 19/35.0 [00:00<00:00, 188.70it/s] 71%|███████▏  | 25/35.0 [00:00<00:00, 43.63it/s]  86%|████████▌ | 30/35.0 [00:04<00:01,  3.74it/s] 89%|████████▊ | 31/35.0 [00:20<00:01,  3.74it/s] 91%|█████████▏| 32/35.0 [00:38<00:15,  5.27s/it] 94%|█████████▍| 33/35.0 [00:48<00:13,  6.60s/it] 97%|█████████▋| 34/35.0 [00:51<00:05,  5.60s/it]100%|██████████| 35/35.0 [00:52<00:00,  4.35s/it]100%|██████████| 35/35.0 [00:52<00:00,  1.51s/it]
Computing DONE
opt_depth, direct:
0.5566973416535387 0
Making and NOT saving plots...
ALL TIME SINCE START: 53.49404549598694
