Correct input file in use: systemic/systemic_azimuts180_elevations45_point_src_dist5_point_src_az180_resolution_along_los5.838383838383838_RS_min_altitude0_RS_max_altitude100_wavelength391.4_emission_altitude90_max_angle_discretization1
Loading the sky emission cube...
Has_sky_emission: True
Has_ground_emission: False
lagorge 0.10361906322688955 0.7891042478910105
ALT MAP BOUNDS 5.037613394081269 6.836256605918731 44.31302139408126 46.111664605918726
0.01569612305760477
ALT MAP BOUNDS 5.036200993144891 6.8348442049823515 44.309575523615855 46.10821873545331
ALT MAP BOUNDS 5.036200993144891 6.8348442049823515 44.309575523615855 46.10821873545331
Initialization DONE
*******************************************************************************************************************************
STARTING calculation for obs:
Observation at point (5.936935, 45.212343), azimuth 180.0, elevation 45.0. Observed point at altitude 90.0, position (5.936935000000001, 44.4196935987303)
24.0 bins to compute
  0%|          | 0/24.0 [00:00<?, ?it/s] 58%|█████▊    | 14/24.0 [00:00<00:00, 137.90it/s] 79%|███████▉  | 19/24.0 [00:00<00:00, 17.63it/s]  88%|████████▊ | 21/24.0 [00:20<00:00, 17.63it/s] 92%|█████████▏| 22/24.0 [00:26<00:05,  2.61s/it] 96%|█████████▌| 23/24.0 [00:37<00:05,  5.14s/it]100%|██████████| 24/24.0 [00:40<00:00,  4.43s/it]100%|██████████| 24/24.0 [00:40<00:00,  1.69s/it]
Computing DONE
opt_depth, direct:
0.5566973416535387 0
Making and NOT saving plots...
ALL TIME SINCE START: 44.13807702064514
