 epoch ?
 altitude (km) ?
   1997.1020   1997.1020   1997.1020   1997.1020
   1997.1020   1997.1020   1997.6016   1998.1013
   1998.6010   1999.1006   1999.6003   2000.1027
   2000.6023   2001.1020   2001.6016   2002.1013
   2002.6010   2003.1006   2003.6003   2004.1027
   2004.6023   2005.1020   2005.6016   2006.1013
   2006.6010   2007.1006   2007.6003   2008.1027
   2008.6023   2009.1020   2009.6016   2010.1013
   2010.6010   2011.1006   2011.6003   2012.1027
   2012.6023   2013.1020   2013.6016   2014.1013
   2014.6010   2015.1006   2015.6003   2016.1027
   2016.6023   2017.1020   2017.6016   2018.1013
   2018.6010   2018.6010   2018.6010   2018.6010
   2018.6010   2018.6010
lmax   =    20
nspl   =    48
jorder =     6
start at  :      1997.1020
finish at :      2018.6010
  -29461.223744999999       -1536.0304320000000        4847.1165000000001       -2427.5462108000002        3018.8914980000000       -2792.7106500000000        1672.9053948999999       -615.32598815999995        1345.0165244000000       -2342.0465260999999     
mfsv model read
          48
  -29414.397732193123       -1462.6425460979458        4692.3130467307546       -2482.9218434929298        2992.3089587266504       -2946.2480236076558        1679.6464807204679       -700.19056388228660        1359.8373981402681       -2371.6615755079438     
           1   19.805880179409503        20.363108433775174        9570.0681118640459        1477.0655239604562        48063.534494641608     
           2   19.806385878373742        20.453470865637843        9567.4939128912338        1484.8563683372456        48068.042163129292     
           3   19.807902399210146        20.543730222396036        9565.3008304917021        1492.6471722814251        48072.306623785036     
           4   19.810428013751139        20.633783371649496        9563.4915730837474        1500.4292690374327        48076.323453082783     
           5   19.813959841721381        20.723527811251536        9562.0684485934089        1508.1940602733941        48080.088450421710     
           6   19.818493850743859        20.812861268238560        9561.0333752962706        1515.9329800023959        48083.597615233302     
           7   19.824024798764910        20.901682271787880        9560.3878398137585        1523.6375408975214        48086.847189508990     
           8   19.830546464398715        20.989890095921918        9560.1329859967482        1531.2993318364456        48089.833595424068     
           9   19.838051359023098        21.077384988691310        9560.2694936004755        1538.9100300325931        48092.553519342182     
          10   19.846530899545233        21.164068344062265        9560.7976370548986        1546.4614168532776        48095.003876948263     
          11   19.855975523585453        21.249842816508092        9561.7173234655475        1553.9453875813001        48097.181790542847     
          12   19.866374401580295        21.334612492896561        9563.0279721547577        1561.3539582152348        48099.084671526172     
          13   19.877715724720499        21.418282892489884        9564.7286228738558        1568.6792686276992        48100.710148966944     
          14   19.889986762556454        21.500761425310937        9566.8179396959149        1575.9136202043185        48102.056081396426     
          15   19.903173575108298        21.581957105664397        9569.2941046458363        1583.0494434557654        48103.120616185945     
          16   19.917261243224914        21.661781182390261        9572.1548825757200        1590.0793533867541        48103.902168129520     
          17   19.932233926194570        21.740146680497649        9575.3976542590844        1596.9961092413209        48104.399383367905     
          18   19.948074746609059        21.816969088714128        9579.0193449470426        1603.7926679242478        48104.611209207644     
          19   19.964766078306731        21.892165958415276        9583.0165449194847        1610.4621531508405        48104.536803935654     
          20   19.982289085745371        21.965657361990900        9587.3853111488770        1616.9978827110733        48104.175682024412     
          21   20.000624357440390        22.037366007436582        9592.1214049362807        1623.3933879497692        48103.527566106815     
          22   20.019751387758451        22.107216951874808        9597.2200957396199        1629.6423771307468        48102.592506580215     
          23   20.039649037608157        22.175138059921174        9602.6763204303807        1635.7387806802242        48101.370796583826     
          24   20.060295246564934        22.241060003684407        9608.4845670341383        1641.6767432589456        48099.863050223030     
          25   20.081667263233268        22.304916205470555        9614.6389618069061        1647.4506212496290        48098.070147574006     
          26   20.103741587699918        22.366642952374580        9621.1332388246592        1653.0549891778521        48095.993261807467     
          27   20.126494029150443        22.426179625463437        9627.9607505040203        1658.4846580498831        48093.633864140000     
          28   20.149899705904510        22.483468470592989        9635.1144713628782        1663.7346542615383        48090.993717671001     
          29   20.173933160612172        22.538454884886878        9642.5870292742638        1668.8002440821278        48088.074871444674     
          30   20.198568360287556        22.591087187553430        9650.3707096161124        1673.6769128434109        48084.879654434037     
          31   20.223778581182248        22.641317078251845        9658.4573914325010        1678.3603995435421        48081.410737576160     
          32   20.249536811879914        22.689099121430242        9666.8387184698659        1682.8466601813348        48077.671010246544     
          33   20.275815292686968        22.734391147396067        9675.5059033707203        1687.1318911618898        48073.663725950668     
          34   20.302586033883696        22.777154309611902        9684.4499243796708        1691.2125429768466        48069.392382548533     
          35   20.329820527853911        22.817352683624982        9693.6614245928267        1695.0852802653230        48064.860778594149     
          36   20.357489806694957        22.854953668137675        9703.1307182657238        1698.7470156222366        48060.073028879953     
          37   20.385564672561500        22.889927813120131        9712.8478842389904        1702.1948990290389        48055.033503454266     
          38   20.414015697689344        22.922248819810282        9722.8027641591434        1705.4263173393169        48049.746834247075     
          39   20.442812936526867        22.951893540713851        9732.9848489162741        1708.4388884772732        48044.217994096747     
          40   20.471926443964808        22.978841979604343        9743.3834789980519        1711.2304710657279        48038.452172543628     
          41   20.501325929885766        23.003077234227277        9753.9877110287653        1713.7991530400427        48032.454865590902     
          42   20.530980931918773        23.024585439004397        9764.7863862117265        1716.1432502284906        48026.231834654653     
          43   20.560860988188338        23.043355822329445        9775.7681950934511        1718.2613145347702        48019.789071839630     
          44   20.590935349441907        23.059380591976630        9786.9215692252310        1720.1521193499741        48013.132871135160     
          45   20.621173382104253        23.072654935100608        9798.2348380666372        1721.8146674974384        48006.269731537905     
          46   20.651544222825908        23.083176960940705        9809.6960967247196        1723.2481806148296        47999.206445555552     
          47   20.682017181530146        23.090947643525151        9821.2933653391265        1724.4521024893240        47991.949998134958     
          48   20.712561511112270        23.095970764375284        9833.0145021016051        1725.4260907956418        47984.507625352104     
          49   20.743146522597936        23.098252969801340        9844.8472470268134        1726.1700248393847        47976.886792161647     
          50   20.773741585146134        23.097803484423569        9856.7792329873555        1726.6839826587004        47969.095178506133     
          51   20.804316298776111        23.094634397651109        9868.7980443915494        1726.9682689937392        47961.140655150826     
          52   20.834840321638858        23.088760262611551        9880.8911652759889        1727.0233798682323        47953.031305970115     
          53   20.865283485165186        23.080198210742495        9893.0460218438184        1726.8500153588795        47944.775407402347     
          54   20.895615909209045        23.068967894495763        9905.2500311191143        1726.4490780651151        47936.381397184625     
          55   20.925807886890105        23.055091372745860        9917.4905619974634        1725.8216627659831        47927.857897851245     
          56   20.955829884585818        23.038593110789954        9929.7549373216098        1724.9690577518998        47919.213717449355     
          57   20.985652829789892        23.019499808460555        9942.0305541474536        1723.8927368470493        47910.457766079890     
          58   21.015247823228705        22.997840457421287        9954.3047719079623        1722.5943605135794        47901.599132563053     
          59   21.044586426714798        22.973646226575347        9966.5650308963086        1721.0757726693853        47892.647003523358     
          60   21.073640432836292        22.946950404769694        9978.7987669513423        1719.3389933284536        47883.610717882468     
          61   21.102382095231604        22.917788286203532        9990.9935076230540        1717.3862143888628        47874.499699790584     
          62   21.130784013423430        22.886197285019843        10003.136825964459        1715.2198086699295        47865.323493260345     
          63   21.158819247942787        22.852216476939166        10015.216403609827        1712.8422949103740        47856.091703232305     
          64   21.186461377877411        22.815887114921598        10027.220038288817        1710.2563833026722        47846.814009159185     
          65   21.213684270560165        22.777251941617475        10039.135580070035        1707.4649154474150        47837.500180462899     
          66   21.240462484546814        22.736355705029343        10050.951073560358        1704.4709156764591        47828.160000669202     
          67   21.266770981730321        22.693244585554215        10062.654667728239        1701.2775395460810        47818.803303940433     
          68   21.292585242457335        22.647966539758198        10074.234651763807        1697.8881059604573        47809.439962420030     
          69   21.317881265500269        22.600570956601864        10085.679469230387        1694.3060696040645        47800.079861927763     
          70   21.342635625599446        22.551108772031778        10096.977739173606        1690.5350327967008        47790.732889869920     
          71   21.366825646143820        22.499632354388961        10108.118329760897        1686.5787398607870        47781.408879357659     
          72   21.390428938577731        22.446195447113102        10119.090183147913        1682.4410661373222        47772.117720591763     
          73   21.413423920504155        22.390853054151005        10129.882523566577        1678.1260178040036        47762.869215262763     
          74   21.435789585371992        22.333661439956579        10140.484769873448        1673.6377293155813        47753.673131361691     
          75   21.457505560015218        22.274678072195080        10150.886562109239        1668.9804605904385        47744.539179926476     
          76   21.478552162190997        22.213961679038878        10161.077784217716        1664.1586038496848        47735.476998355531     
          77   21.498910285410055        22.151571848096996        10171.048534408625        1659.1766488455005        47726.496151560335     
          78   21.518561514044571        22.087569370189826        10180.789160709290        1654.0392147863713        47717.606117088879     
          79   21.537488180866113        22.022016010165945        10190.290292806420        1648.7510327242132        47708.816251240263     
          80   21.555673251877167        21.954974449606404        10199.542800835265        1643.3169397941908        47700.135810419204     
          81   21.573100383850534        21.886508172233142        10208.537823194794        1637.7418711784849        47691.573924112803     
          82   21.589754097005059        21.816681693092089        10217.266828034341        1632.0308830601821        47683.139557692790     
          83   21.605619371998230        21.745560100186960        10225.721472540674        1626.1891081814708        47674.841585862850     
          84   21.620682225581355        21.673209398253920        10233.893817518247        1620.2217945681725        47666.688656590355     
          85   21.634929134890502        21.599696107691134        10241.776117278889        1614.1342632368785        47658.689313504248     
          86   21.648347497965492        21.525087608333429        10249.360989257346        1607.9319451299414        47650.851889866062     
          87   21.660925403452424        21.449451738381871        10256.641338160600        1601.6203438626960        47643.184540702685     
          88   21.672651803283173        21.372856966291060        10263.610418738206        1595.2050535004196        47635.695202370764     
          89   21.683516282382037        21.295372276177616        10270.261750626894        1588.6917457805669        47628.391641733935     
          90   21.693509231347569        21.217067110524379        10276.589188167649        1582.0861681224267        47621.281402746936     
          91   21.702621903999525        21.138011370180408        10282.586943483617        1575.3941447898940        47614.371786665884     
          92   21.710846244658160        21.058275357065206        10288.249521614538        1568.6215697219350        47607.669889968281     
          93   21.718175003261941        20.977929659577171        10293.571769346401        1561.7743985323586        47601.182563281975     
          94   21.724601850485971        20.897045324480921        10298.548915105235        1554.8586652043189        47594.916386589794     
          95   21.730121032325432        20.815693627724194        10303.176441892756        1547.8804574206381        47588.877743825673     
          96   21.734727715485960        20.733946017142042        10307.450223611251        1540.8459166030261        47583.072724690326     
          97   21.738417987372536        20.651874169752652        10311.366523371442        1533.7612428415048        47577.507124392047     
          98   21.741188453111882        20.569549991757309        10314.921836748927        1526.6326891115993        47572.186547380006     
          99   21.743036811214928        20.487045561244631        10318.113117416702        1519.4665644041584        47567.116248424783     
         100   21.743961393035729        20.404432841711692        10320.937606371461        1512.2692019957940        47562.301236300962     
         101   21.743961393035729        20.321784025838660        10323.392910927967        1505.0469924398635        47557.746229334705     
         102   21.743036811214928        20.239171306305717        10325.476988855422        1497.8063624769577        47553.455655774836     
         103   21.741188453111882        20.156666818497264        10327.188149617568        1490.5537696423378        47549.433648768980     
         104   21.738417987372536        20.074342697797700        10328.525074533745        1483.2957076548023        47545.684032533260     
         105   21.734727715485960        19.992270850408307        10329.486733375330        1476.0386825945643        47542.210369870285     
         106   21.730121032325432        19.910523239826158        10330.072554310025        1468.7892439269392        47539.015853924720     
         107   21.724601850485971        19.829171543069428        10330.282209414652        1461.5539456497982        47536.103442161198     
         108   21.718175003261941        19.748287207973178        10330.115768747326        1454.3393562431982        47533.475751585982     
         109   21.710846244658160        19.667941510485146        10329.573697743015        1447.1520629532399        47531.135061508467     
         110   21.702621903999525        19.588205497369945        10328.656723683220        1439.9986611451513        47529.083402693876     
         111   21.693509231347569        19.509149757025973        10327.365975367322        1432.8857379995673        47527.322453253291     
         112   21.683516282382037        19.430844591372733        10325.702932270622        1425.8198851189718        47525.853579177361     
         113   21.672651803283173        19.353359901259292        10323.669381869840        1418.8076858144457        47524.677859901400     
         114   21.660925403452424        19.276765129168481        10321.267487025032        1411.8557113621061        47523.796040285342     
         115   21.648347497965492        19.201129259216920        10318.499762224465        1404.9705190785717        47523.208547432710     
         116   21.634929134890502        19.126520759859218        10315.369006692974        1398.1586436784387        47522.915535601569     
         117   21.620682225581355        19.053007469296428        10311.878395465183        1391.4265890490756        47522.916820616243     
         118   21.605619371998230        18.980656767363392        10308.031405972957        1384.7808398587829        47523.211937226210     
         119   21.589754097005059        18.909535174458263        10303.831916873560        1378.2278277438913        47523.800059182759     
         120   21.573100383850534        18.839708695317210        10299.284018071548        1371.7739541471574        47524.680143050391     
         121   21.555673251877167        18.771242417943945        10294.392243393062        1365.4255611445451        47525.850756410364     
         122   21.537488180866113        18.704200857384407        10289.161335922718        1359.1889526810764        47527.310252812385     
         123   21.518561514044571        18.638647497360527        10283.596414999000        1353.0703577709728        47529.056643882679     
         124   21.498910285410055        18.574645019453353        10277.702900973365        1347.0759470370162        47531.087660921185     
         125   21.478552162190997        18.512255188511475        10271.486494009703        1341.2118201560982        47533.400768302905     
         126   21.457505560015218        18.451538795355273        10264.953218244036        1335.4840007786670        47535.993133768723     
         127   21.435789585371992        18.392555427593773        10258.109403483219        1329.8984136364954        47538.861636594309     
         128   21.413423920504155        18.335363813399347        10250.961629217454        1324.4609121650624        47542.002919985716     
         129   21.390428938577731        18.280021420437244        10243.516777847866        1319.1772426065595        47545.413344692941     
         130   21.366825646143820        18.226584513161388        10235.782008608659        1314.0530467652579        47549.089011988712     
         131   21.342635625599446        18.175108095518574        10227.764734549783        1309.0938545121787        47553.025781014359     
         132   21.317881265500269        18.125645910948489        10219.472709560165        1304.3050854601483        47557.219212050273     
         133   21.292585242457335        18.078250327792151        10210.913828326917        1299.6920299620044        47561.664704438044     
         134   21.266770981730321        18.032972281996134        10202.096304100174        1295.2598488909480        47566.357375619475     
         135   21.240462484546814        17.989861162521002        10193.028602490585        1291.0135594999854        47571.292106884641     
         136   21.213684270560165        17.948964925932874        10183.719413930492        1286.9580435426492        47576.463569483327     
         137   21.186461377877411        17.910329752628751        10174.177660427322        1283.0980150072107        47581.866213103291     
         138   21.158819247942787        17.874000390611187        10164.412439822590        1279.4380481750325        47587.494318421224     
         139   21.130784013423430        17.840019582530509        10154.433150036333        1275.9825288749789        47593.341897747960     
         140   21.102382095231604        17.808428581346817        10144.249317471764        1272.7356941436688        47599.402832586529     
         141   21.073640432836292        17.779266462780654        10133.870701970387        1269.7015724808584        47605.670784200454     
         142   21.044586426714798        17.752570640975005        10123.307259185891        1266.8840285553370        47612.139238747688     
         143   21.015247823228705        17.728376410129062        10112.569105921899        1264.2867194199491        47618.801520940964     
         144   20.985652829789892        17.706717059089797        10101.666559936095        1261.9131057181203        47625.650773681082     
         145   20.955829884585818        17.687623756760395        10090.610051993610        1259.7664374414196        47632.680018593746     
         146   20.925807886890105        17.671125494804489        10079.410214888900        1257.8497515112156        47639.882096551468     
         147   20.895615909209045        17.657248973054585        10068.077773430734        1256.1658569333727        47647.249743205073     
         148   20.865283485165186        17.646018656807858        10056.623653049563        1254.7173437999120        47654.775519353607     
         149   20.834840321638858        17.637456604938802        10045.058871527648        1253.5065635195278        47662.451883339716     
         150   20.804316298776111        17.631582469899243        10033.394537925426        1252.5356287801749        47670.271194757217     
         151   20.773741585146134        17.628413383126784        10021.641899167911        1251.8064049949849        47678.225682040036     
         152   20.743146522597936        17.627963897749012        10009.812296189710        1251.3205037353935        47686.307473623616     
         153   20.712561511112270        17.630246103175068        9997.9171158683239        1251.0792917629808        47694.508636775143     
         154   20.682017181530146        17.635269224025201        9985.9678677635038        1251.0838579441070        47702.821115792707     
         155   20.651544222825908        17.643039906609644        9973.9761097501705        1251.3350372223156        47711.236793576383     
         156   20.621173382104253        17.653561932449740        9961.9534553836802        1251.8333856292279        47719.747480312690     
         157   20.590935349441907        17.666836275573718        9949.9115281112663        1252.5791847006599        47728.344948310696     
         158   20.560860988188338        17.682861045220907        9937.8620523165264        1253.5724408325686        47737.020869985899     
         159   20.530980931918773        17.701631428545955        9925.8166995112751        1254.8128753823380        47745.766922597919     
         160   20.501325929885766        17.723139633323072        9913.7872243949951        1256.2999260323604        47754.574695216084     
         161   20.471926443964808        17.747374887946005        9901.7853100389420        1258.0327422633516        47763.435795240744     
         162   20.442812936526867        17.774323326836502        9889.8226836115991        1260.0101810057836        47772.341767238235     
         163   20.414015697689344        17.803968047740071        9877.9110496678222        1262.2308109528171        47781.284140708711     
         164   20.385564672561500        17.836289054430221        9866.0620266306814        1264.6929066330474        47790.254471938402     
         165   20.357489806694957        17.871263199412677        9854.2872840169421        1267.3944505216907        47799.244249515221     
         166   20.329820527853911        17.908864183925367        9842.5983442339584        1270.3331271876871        47808.245028696430     
         167   20.302586033883696        17.949062557938447        9831.0066964855541        1273.5063298497121        47817.248353921008     
         168   20.275815292686968        17.991825720154278        9819.5237994987492        1276.9111626537613        47826.245756602220     
         169   20.249536811879914        18.037117746120106        9808.1609998834247        1280.5444240674137        47835.228804650629     
         170   20.223778581182248        18.084899789298504        9796.9295024166659        1284.4026441589526        47844.189133115229     
         171   20.198568360287556        18.135129679996922        9785.8404953223198        1288.4820557296755        47853.118346874042     
         172   20.173933160612172        18.187761982663471        9774.9049517952681        1292.7785937668073        47862.008154655232     
         173   20.149899705904510        18.242748396957360        9764.1338012002579        1297.2879409792172        47870.850263690125     
         174   20.126494029150443        18.300037242086916        9753.5377906584272        1302.0054779667164        47879.636456014283     
         175   20.103741587699918        18.359573915175773        9743.1275212906003        1306.9263283873192        47888.358575230355     
         176   20.081667263233268        18.421300662079798        9732.9134583954019        1312.0453410946202        47897.008510671098     
         177   20.060295246564934        18.485156863865946        9722.9058832712890        1317.3571162156613        47905.578235509274     
         178   20.039649037608157        18.551078807629175        9713.1149036135121        1322.8559872632488        47914.059790268664     
         179   20.019751387758451        18.618999915675545        9703.5504292651913        1328.5360429483474        47922.445302730623     
         180   20.000624357440390        18.688850860113767        9694.2221956002140        1334.3911406203151        47930.726972469434     
         181   19.982289085745371        18.760559505559453        9685.1396802001036        1340.4148996326924        47938.897121401875     
         182   19.964766078306731        18.834050909135073        9676.3122185805896        1346.6007084001831        47946.948112952196     
         183   19.948074746609059        18.909247778836221        9667.7488173445799        1352.9417591914926        47954.872486374734     
         184   19.932233926194570        18.986070187052704        9659.4583668300511        1359.4310335875680        47962.662802740328     
         185   19.917261243224914        19.064435685160092        9651.4493968193910        1366.0613037483024        47970.311806811733     
         186   19.903173575108298        19.144259761885952        9643.7302458378763        1372.8251822897007        47977.812323791819     
         187   19.889986762556454        19.225455442239411        9636.3089647842953        1379.7150837157783        47985.157307142537     
         188   19.877715724720499        19.307933975060465        9629.1933455803501        1386.7232881956024        47992.339835612518     
         189   19.866374401580295        19.391604374653788        9622.3909153372169        1393.8419016730413        47999.353098940264     
         190   19.855975523585453        19.476374051042256        9615.9088322917560        1401.0629081245791        48006.190480936879     
         191   19.846530899545233        19.562148523488087        9609.7540084808006        1408.3781504836445        48012.845465037339     
         192   19.838051359023098        19.648831878859038        9603.9330768975087        1415.7793704931951        48019.311665246722     
         193   19.830546464398715        19.736326771628434        9598.4522823552961        1423.2582041105782        48025.582893454732     
         194   19.824024798764910        19.824534595762469        9593.3175900996212        1430.8062019998686        48031.653088262363     
         195   19.818493850743859        19.913355599311792        9588.5346396707173        1438.4148376653293        48037.516344280113     
         196   19.813959841721381        20.002689056298816        9584.1086744149979        1446.0755192514448        48043.166959073234     
         197   19.810428013751139        20.092433495900853        9580.0446473745960        1453.7796144509750        48048.599365993519     
         198   19.807902399210146        20.182486645154313        9576.3471346465412        1461.5184409957681        48053.808184930902     
         199   19.806385878373742        20.272746001912505        9573.0203409411733        1469.2833166856367        48058.788231953840     
         200   19.805880179409503        20.363108433775174        9570.0681118640459        1477.0655239604562        48063.534494641608     
